This is pdfTeX, Version 3.141592653-2.6-1.40.23 (MiKTeX 21.8) (preloaded format=pdflatex 2021.10.8)  1 JUL 2023 12:50
entering extended mode
**./TFGPrincipal.tex
(TFGPrincipal.tex
LaTeX2e <2021-06-01> patch level 1
L3 programming layer <2021-08-27> (TFGucaPDF.cls

LaTeX Warning: You have requested document class `TFGucaPDF',
               but the document class provides `Latex/Classes/TFGucaPDF'.

Document Class: Latex/Classes/TFGucaPDF 2013/04/09 v4 TFG class

(C:\Users\Ana Cuevas de Cózar\AppData\Local\Programs\MiKTeX\tex/latex/base\boo
k.cls
Document Class: book 2021/02/12 v1.4n Standard LaTeX document class

(C:\Users\Ana Cuevas de Cózar\AppData\Local\Programs\MiKTeX\tex/latex/base\bk1
1.clo
File: bk11.clo 2021/02/12 v1.4n Standard LaTeX file (size option)
)
\c@part=\count182
\c@chapter=\count183
\c@section=\count184
\c@subsection=\count185
\c@subsubsection=\count186
\c@paragraph=\count187
\c@subparagraph=\count188
\c@figure=\count189
\c@table=\count190
\abovecaptionskip=\skip47
\belowcaptionskip=\skip48
\bibindent=\dimen138
)
(C:\Users\Ana Cuevas de Cózar\AppData\Local\Programs\MiKTeX\tex/latex/amsfonts
\amssymb.sty
Package: amssymb 2013/01/14 v3.01 AMS font symbols

(C:\Users\Ana Cuevas de Cózar\AppData\Local\Programs\MiKTeX\tex/latex/amsfonts
\amsfonts.sty
Package: amsfonts 2013/01/14 v3.01 Basic AMSFonts support
\@emptytoks=\toks16
\symAMSa=\mathgroup4
\symAMSb=\mathgroup5
LaTeX Font Info:    Redeclaring math symbol \hbar on input line 98.
LaTeX Font Info:    Overwriting math alphabet `\mathfrak' in version `bold'
(Font)                  U/euf/m/n --> U/euf/b/n on input line 106.
))
(C:\Users\Ana Cuevas de Cózar\AppData\Local\Programs\MiKTeX\tex/latex/graphics
\graphics.sty
Package: graphics 2021/03/04 v1.4d Standard LaTeX Graphics (DPC,SPQR)

(C:\Users\Ana Cuevas de Cózar\AppData\Local\Programs\MiKTeX\tex/latex/graphics
\trig.sty
Package: trig 2016/01/03 v1.10 sin cos tan (DPC)
)
(C:\Users\Ana Cuevas de Cózar\AppData\Local\Programs\MiKTeX\tex/latex/graphics
-cfg\graphics.cfg
File: graphics.cfg 2016/06/04 v1.11 sample graphics configuration
)
Package graphics Info: Driver file: pdftex.def on input line 107.

(C:\Users\Ana Cuevas de Cózar\AppData\Local\Programs\MiKTeX\tex/latex/graphics
-def\pdftex.def
File: pdftex.def 2020/10/05 v1.2a Graphics/color driver for pdftex
))
(C:\Users\Ana Cuevas de Cózar\AppData\Local\Programs\MiKTeX\tex/latex/caption\
caption.sty
Package: caption 2020/10/26 v3.5g Customizing captions (AR)

(C:\Users\Ana Cuevas de Cózar\AppData\Local\Programs\MiKTeX\tex/latex/caption\
caption3.sty
Package: caption3 2020/10/21 v2.2e caption3 kernel (AR)

(C:\Users\Ana Cuevas de Cózar\AppData\Local\Programs\MiKTeX\tex/latex/graphics
\keyval.sty
Package: keyval 2014/10/28 v1.15 key=value parser (DPC)
\KV@toks@=\toks17
)
\captionmargin=\dimen139
\captionmargin@=\dimen140
\captionwidth=\dimen141
\caption@tempdima=\dimen142
\caption@indent=\dimen143
\caption@parindent=\dimen144
\caption@hangindent=\dimen145
Package caption Info: Standard document class detected.
)
\c@caption@flags=\count191
\c@continuedfloat=\count192
)
(C:\Users\Ana Cuevas de Cózar\AppData\Local\Programs\MiKTeX\tex/latex/fancyhdr
\fancyhdr.sty
Package: fancyhdr 2021/01/28 v4.0.1 Extensive control of page headers and foote
rs
\f@nch@headwidth=\skip49
\f@nch@O@elh=\skip50
\f@nch@O@erh=\skip51
\f@nch@O@olh=\skip52
\f@nch@O@orh=\skip53
\f@nch@O@elf=\skip54
\f@nch@O@erf=\skip55
\f@nch@O@olf=\skip56
\f@nch@O@orf=\skip57
)
(C:\Users\Ana Cuevas de Cózar\AppData\Local\Programs\MiKTeX\tex/latex/amsfonts
\eucal.sty
Package: eucal 2009/06/22 v3.00 Euler Script fonts
LaTeX Font Info:    Overwriting math alphabet `\EuScript' in version `bold'
(Font)                  U/eus/m/n --> U/eus/b/n on input line 33.
)
(C:\Users\Ana Cuevas de Cózar\AppData\Local\Programs\MiKTeX\tex/latex/graphics
\color.sty
Package: color 2020/02/24 v1.2b Standard LaTeX Color (DPC)

(C:\Users\Ana Cuevas de Cózar\AppData\Local\Programs\MiKTeX\tex/latex/graphics
-cfg\color.cfg
File: color.cfg 2016/01/02 v1.6 sample color configuration
)
Package color Info: Driver file: pdftex.def on input line 149.

(C:\Users\Ana Cuevas de Cózar\AppData\Local\Programs\MiKTeX\tex/latex/graphics
\dvipsnam.def
File: dvipsnam.def 2016/06/17 v3.0m Driver-dependent file (DPC,SPQR)
))
(C:\Users\Ana Cuevas de Cózar\AppData\Local\Programs\MiKTeX\tex/latex/footmisc
\footmisc.sty
Package: footmisc 2011/06/06 v5.5b a miscellany of footnote facilities
\FN@temptoken=\toks18
\footnotemargin=\dimen146
\c@pp@next@reset=\count193
\c@@fnserial=\count194
Package footmisc Info: Declaring symbol style bringhurst on input line 855.
Package footmisc Info: Declaring symbol style chicago on input line 863.
Package footmisc Info: Declaring symbol style wiley on input line 872.
Package footmisc Info: Declaring symbol style lamport-robust on input line 883.

Package footmisc Info: Declaring symbol style lamport* on input line 903.
Package footmisc Info: Declaring symbol style lamport*-robust on input line 924
.
)
(C:\Users\Ana Cuevas de Cózar\AppData\Local\Programs\MiKTeX\tex/latex/natbib\n
atbib.sty
Package: natbib 2010/09/13 8.31b (PWD, AO)
\bibhang=\skip58
\bibsep=\skip59
LaTeX Info: Redefining \cite on input line 694.
\c@NAT@ctr=\count195
)
(C:\Users\Ana Cuevas de Cózar\AppData\Local\Programs\MiKTeX\tex/latex/base\ift
hen.sty
Package: ifthen 2020/11/24 v1.1c Standard LaTeX ifthen package (DPC)
)
(C:\Users\Ana Cuevas de Cózar\AppData\Local\Programs\MiKTeX\tex/latex/tools\mu
lticol.sty
Package: multicol 2019/12/09 v1.8y multicolumn formatting (FMi)
\c@tracingmulticols=\count196
\mult@box=\box50
\multicol@leftmargin=\dimen147
\c@unbalance=\count197
\c@collectmore=\count198
\doublecol@number=\count199
\multicoltolerance=\count266
\multicolpretolerance=\count267
\full@width=\dimen148
\page@free=\dimen149
\premulticols=\dimen150
\postmulticols=\dimen151
\multicolsep=\skip60
\multicolbaselineskip=\skip61
\partial@page=\box51
\last@line=\box52
\maxbalancingoverflow=\dimen152
\mult@rightbox=\box53
\mult@grightbox=\box54
\mult@gfirstbox=\box55
\mult@firstbox=\box56
\@tempa=\box57
\@tempa=\box58
\@tempa=\box59
\@tempa=\box60
\@tempa=\box61
\@tempa=\box62
\@tempa=\box63
\@tempa=\box64
\@tempa=\box65
\@tempa=\box66
\@tempa=\box67
\@tempa=\box68
\@tempa=\box69
\@tempa=\box70
\@tempa=\box71
\@tempa=\box72
\@tempa=\box73
\@tempa=\box74
\@tempa=\box75
\@tempa=\box76
\@tempa=\box77
\@tempa=\box78
\@tempa=\box79
\@tempa=\box80
\@tempa=\box81
\@tempa=\box82
\@tempa=\box83
\@tempa=\box84
\@tempa=\box85
\@tempa=\box86
\@tempa=\box87
\@tempa=\box88
\@tempa=\box89
\@tempa=\box90
\@tempa=\box91
\@tempa=\box92
\@tempa=\box93
\c@minrows=\count268
\c@columnbadness=\count269
\c@finalcolumnbadness=\count270
\last@try=\dimen153
\multicolovershoot=\dimen154
\multicolundershoot=\dimen155
\mult@nat@firstbox=\box94
\colbreak@box=\box95
\mc@col@check@num=\count271
)
(C:\Users\Ana Cuevas de Cózar\AppData\Local\Programs\MiKTeX\tex/latex/tocbibin
d\tocbibind.sty
Package: tocbibind 2010/10/13 v1.5k extra ToC listings
Package tocbibind Info: The document has chapter divisions on input line 50.


Package tocbibind Note: Using chapter style headings, unless overridden.

)
(C:\Users\Ana Cuevas de Cózar\AppData\Local\Programs\MiKTeX\tex/latex/xifthen\
xifthen.sty
Package: xifthen 2015/11/05 v1.4.0 Extended ifthen features

(C:\Users\Ana Cuevas de Cózar\AppData\Local\Programs\MiKTeX\tex/latex/tools\ca
lc.sty
Package: calc 2017/05/25 v4.3 Infix arithmetic (KKT,FJ)
\calc@Acount=\count272
\calc@Bcount=\count273
\calc@Adimen=\dimen156
\calc@Bdimen=\dimen157
\calc@Askip=\skip62
\calc@Bskip=\skip63
LaTeX Info: Redefining \setlength on input line 80.
LaTeX Info: Redefining \addtolength on input line 81.
\calc@Ccount=\count274
\calc@Cskip=\skip64
)
(C:\Users\Ana Cuevas de Cózar\AppData\Local\Programs\MiKTeX\tex/latex/ifmtarg\
ifmtarg.sty
Package: ifmtarg 2018/04/16 v1.2b check for an empty argument
))
(C:\Users\Ana Cuevas de Cózar\AppData\Local\Programs\MiKTeX\tex/latex/base\mak
eidx.sty
Package: makeidx 2014/09/29 v1.0m Standard LaTeX package
)
(C:\Users\Ana Cuevas de Cózar\AppData\Local\Programs\MiKTeX\tex/latex/base\inp
utenc.sty
Package: inputenc 2021/02/14 v1.3d Input encoding file
\inpenc@prehook=\toks19
\inpenc@posthook=\toks20

(C:\Users\Ana Cuevas de Cózar\AppData\Local\Programs\MiKTeX\tex/latex/base\lat
in1.def
File: latin1.def 2021/02/14 v1.3d Input encoding file
))
(C:\Users\Ana Cuevas de Cózar\AppData\Local\Programs\MiKTeX\tex/latex/amsmath\
amsmath.sty
Package: amsmath 2021/04/20 v2.17j AMS math features
\@mathmargin=\skip65

For additional information on amsmath, use the `?' option.

(C:\Users\Ana Cuevas de Cózar\AppData\Local\Programs\MiKTeX\tex/latex/amsmath\
amstext.sty
Package: amstext 2000/06/29 v2.01 AMS text

(C:\Users\Ana Cuevas de Cózar\AppData\Local\Programs\MiKTeX\tex/latex/amsmath\
amsgen.sty
File: amsgen.sty 1999/11/30 v2.0 generic functions
\@emptytoks=\toks21
\ex@=\dimen158
))
(C:\Users\Ana Cuevas de Cózar\AppData\Local\Programs\MiKTeX\tex/latex/amsmath\
amsbsy.sty
Package: amsbsy 1999/11/29 v1.2d Bold Symbols
\pmbraise@=\dimen159
)
(C:\Users\Ana Cuevas de Cózar\AppData\Local\Programs\MiKTeX\tex/latex/amsmath\
amsopn.sty
Package: amsopn 2016/03/08 v2.02 operator names
)
\inf@bad=\count275
LaTeX Info: Redefining \frac on input line 234.
\uproot@=\count276
\leftroot@=\count277
LaTeX Info: Redefining \overline on input line 399.
\classnum@=\count278
\DOTSCASE@=\count279
LaTeX Info: Redefining \ldots on input line 496.
LaTeX Info: Redefining \dots on input line 499.
LaTeX Info: Redefining \cdots on input line 620.
\Mathstrutbox@=\box96
\strutbox@=\box97
\big@size=\dimen160
LaTeX Font Info:    Redeclaring font encoding OML on input line 743.
LaTeX Font Info:    Redeclaring font encoding OMS on input line 744.
\macc@depth=\count280
\c@MaxMatrixCols=\count281
\dotsspace@=\muskip16
\c@parentequation=\count282
\dspbrk@lvl=\count283
\tag@help=\toks22
\row@=\count284
\column@=\count285
\maxfields@=\count286
\andhelp@=\toks23
\eqnshift@=\dimen161
\alignsep@=\dimen162
\tagshift@=\dimen163
\tagwidth@=\dimen164
\totwidth@=\dimen165
\lineht@=\dimen166
\@envbody=\toks24
\multlinegap=\skip66
\multlinetaggap=\skip67
\mathdisplay@stack=\toks25
LaTeX Info: Redefining \[ on input line 2923.
LaTeX Info: Redefining \] on input line 2924.
)
(C:\Users\Ana Cuevas de Cózar\AppData\Local\Programs\MiKTeX\tex/generic/babel\
babel.sty
Package: babel 2021/07/22 3.63 The Babel package

(C:\Users\Ana Cuevas de Cózar\AppData\Local\Programs\MiKTeX\tex/generic/babel\
babel.def
File: babel.def 2021/07/22 3.63 Babel common definitions
\babel@savecnt=\count287
\U@D=\dimen167
\l@unhyphenated=\language79

(C:\Users\Ana Cuevas de Cózar\AppData\Local\Programs\MiKTeX\tex/generic/babel\
txtbabel.def)
\bbl@readstream=\read2
)
\bbl@dirlevel=\count288

*************************************
* Local config file bblopts.cfg used
*

(C:\Users\Ana Cuevas de Cózar\AppData\Local\Programs\MiKTeX\tex/latex/arabi\bb
lopts.cfg
File: bblopts.cfg 2005/09/08 v0.1 add Arabic and Farsi to "declared" options of
 babel
)
(C:\Users\Ana Cuevas de Cózar\AppData\Local\Programs\MiKTeX\tex/latex/babel-sp
anish\spanish.ldf
Language: spanish.ldf 2021/05/27 v5.0q Spanish support from the babel system
\es@quottoks=\toks26
\es@quotdepth=\count289
Package babel Info: Making " an active character on input line 570.
Package babel Info: Making . an active character on input line 675.
Package babel Info: Making < an active character on input line 722.
Package babel Info: Making > an active character on input line 722.
Package babel Info: Making ' an active character on input line 740.
)
(C:\Users\Ana Cuevas de Cózar\AppData\Local\Programs\MiKTeX\tex/latex/babel-en
glish\british.ldf
Language: british 2017/06/06 v3.3r English support from the babel system

(C:\Users\Ana Cuevas de Cózar\AppData\Local\Programs\MiKTeX\tex/latex/babel-en
glish\english.ldf
Language: english 2017/06/06 v3.3r English support from the babel system
Package babel Info: Hyphen rules for 'canadian' set to \l@english
(babel)             (\language0). Reported on input line 102.
Package babel Info: Hyphen rules for 'australian' set to \l@ukenglish
(babel)             (\language73). Reported on input line 105.
Package babel Info: Hyphen rules for 'newzealand' set to \l@ukenglish
(babel)             (\language73). Reported on input line 108.
)))
(C:\Users\Ana Cuevas de Cózar\AppData\Local\Programs\MiKTeX\tex/latex/nomencl\
nomencl.sty
Package: nomencl 2020/12/29 v5.5 Nomenclature package

(C:\Users\Ana Cuevas de Cózar\AppData\Local\Programs\MiKTeX\tex/latex/xkeyval\
xkeyval.sty
Package: xkeyval 2020/11/20 v2.8 package option processing (HA)

(C:\Users\Ana Cuevas de Cózar\AppData\Local\Programs\MiKTeX\tex/generic/xkeyva
l\xkeyval.tex
(C:\Users\Ana Cuevas de Cózar\AppData\Local\Programs\MiKTeX\tex/generic/xkeyva
l\xkvutils.tex
\XKV@toks=\toks27
\XKV@tempa@toks=\toks28
)
\XKV@depth=\count290
File: xkeyval.tex 2014/12/03 v2.7a key=value parser (HA)
))
(C:\Users\Ana Cuevas de Cózar\AppData\Local\Programs\MiKTeX\tex/latex/koma-scr
ipt\tocbasic.sty
Package: tocbasic 2021/06/25 v3.34 KOMA-Script package (handling toc-files)

(C:\Users\Ana Cuevas de Cózar\AppData\Local\Programs\MiKTeX\tex/latex/koma-scr
ipt\scrbase.sty
Package: scrbase 2021/06/25 v3.34 KOMA-Script package (KOMA-Script-independent 
basics and keyval usage)

(C:\Users\Ana Cuevas de Cózar\AppData\Local\Programs\MiKTeX\tex/latex/koma-scr
ipt\scrlfile.sty
Package: scrlfile 2021/06/25 v3.34 KOMA-Script package (file load hooks)

(C:\Users\Ana Cuevas de Cózar\AppData\Local\Programs\MiKTeX\tex/latex/koma-scr
ipt\scrlfile-hook.sty
Package: scrlfile-hook 2021/06/25 v3.34 KOMA-Script package (using LaTeX hooks)


(C:\Users\Ana Cuevas de Cózar\AppData\Local\Programs\MiKTeX\tex/latex/koma-scr
ipt\scrlogo.sty
Package: scrlogo 2021/06/25 v3.34 KOMA-Script package (logo)
)))
Applying: [2021/05/01] Usage of raw or classic option list on input line 252.
Already applied: [0000/00/00] Usage of raw or classic option list on input line
 368.
)
\scr@dte@tocline@numberwidth=\skip68
\scr@dte@tocline@numbox=\box98
)
Package tocbasic Info: setting babel extension for `nlo' on input line 187.
Package tocbasic Info: setting babel extension for `nls' on input line 188.
\nomlabelwidth=\dimen168
\nom@tempdim=\dimen169
\nomitemsep=\skip69
)
\@nomenclaturefile=\write3
\openout3 = `TFGPrincipal.nlo'.

Package nomencl Info: Writing nomenclature file TFGPrincipal.nlo on input line 
120.

(C:\Users\Ana Cuevas de Cózar\AppData\Local\Programs\MiKTeX\tex/generic/iftex\
ifpdf.sty
Package: ifpdf 2019/10/25 v3.4 ifpdf legacy package. Use iftex instead.

(C:\Users\Ana Cuevas de Cózar\AppData\Local\Programs\MiKTeX\tex/generic/iftex\
iftex.sty
Package: iftex 2020/03/06 v1.0d TeX engine tests
))
(C:\Users\Ana Cuevas de Cózar\AppData\Local\Programs\MiKTeX\tex/latex/hyperref
\hyperref.sty
Package: hyperref 2021-06-07 v7.00m Hypertext links for LaTeX

(C:\Users\Ana Cuevas de Cózar\AppData\Local\Programs\MiKTeX\tex/generic/ltxcmd
s\ltxcmds.sty
Package: ltxcmds 2020-05-10 v1.25 LaTeX kernel commands for general use (HO)
)
(C:\Users\Ana Cuevas de Cózar\AppData\Local\Programs\MiKTeX\tex/generic/pdftex
cmds\pdftexcmds.sty
Package: pdftexcmds 2020-06-27 v0.33 Utility functions of pdfTeX for LuaTeX (HO
)

(C:\Users\Ana Cuevas de Cózar\AppData\Local\Programs\MiKTeX\tex/generic/infwar
err\infwarerr.sty
Package: infwarerr 2019/12/03 v1.5 Providing info/warning/error messages (HO)
)
Package pdftexcmds Info: \pdf@primitive is available.
Package pdftexcmds Info: \pdf@ifprimitive is available.
Package pdftexcmds Info: \pdfdraftmode found.
)
(C:\Users\Ana Cuevas de Cózar\AppData\Local\Programs\MiKTeX\tex/generic/kvsetk
eys\kvsetkeys.sty
Package: kvsetkeys 2019/12/15 v1.18 Key value parser (HO)
)
(C:\Users\Ana Cuevas de Cózar\AppData\Local\Programs\MiKTeX\tex/generic/kvdefi
nekeys\kvdefinekeys.sty
Package: kvdefinekeys 2019-12-19 v1.6 Define keys (HO)
)
(C:\Users\Ana Cuevas de Cózar\AppData\Local\Programs\MiKTeX\tex/generic/pdfesc
ape\pdfescape.sty
Package: pdfescape 2019/12/09 v1.15 Implements pdfTeX's escape features (HO)
)
(C:\Users\Ana Cuevas de Cózar\AppData\Local\Programs\MiKTeX\tex/latex/hycolor\
hycolor.sty
Package: hycolor 2020-01-27 v1.10 Color options for hyperref/bookmark (HO)
)
(C:\Users\Ana Cuevas de Cózar\AppData\Local\Programs\MiKTeX\tex/latex/letltxma
cro\letltxmacro.sty
Package: letltxmacro 2019/12/03 v1.6 Let assignment for LaTeX macros (HO)
)
(C:\Users\Ana Cuevas de Cózar\AppData\Local\Programs\MiKTeX\tex/latex/auxhook\
auxhook.sty
Package: auxhook 2019-12-17 v1.6 Hooks for auxiliary files (HO)
)
(C:\Users\Ana Cuevas de Cózar\AppData\Local\Programs\MiKTeX\tex/latex/kvoption
s\kvoptions.sty
Package: kvoptions 2020-10-07 v3.14 Key value format for package options (HO)
)
\@linkdim=\dimen170
\Hy@linkcounter=\count291
\Hy@pagecounter=\count292

(C:\Users\Ana Cuevas de Cózar\AppData\Local\Programs\MiKTeX\tex/latex/hyperref
\pd1enc.def
File: pd1enc.def 2021-06-07 v7.00m Hyperref: PDFDocEncoding definition (HO)
Now handling font encoding PD1 ...
... no UTF-8 mapping file for font encoding PD1
)
(C:\Users\Ana Cuevas de Cózar\AppData\Local\Programs\MiKTeX\tex/latex/hyperref
\hyperref-langpatches.def
File: hyperref-langpatches.def 2021-06-07 v7.00m Hyperref: patches for babel la
nguages
)
(C:\Users\Ana Cuevas de Cózar\AppData\Local\Programs\MiKTeX\tex/generic/intcal
c\intcalc.sty
Package: intcalc 2019/12/15 v1.3 Expandable calculations with integers (HO)
)
(C:\Users\Ana Cuevas de Cózar\AppData\Local\Programs\MiKTeX\tex/generic/etexcm
ds\etexcmds.sty
Package: etexcmds 2019/12/15 v1.7 Avoid name clashes with e-TeX commands (HO)
)
\Hy@SavedSpaceFactor=\count293

(C:\Users\Ana Cuevas de Cózar\AppData\Local\Programs\MiKTeX\tex/latex/hyperref
\puenc.def
File: puenc.def 2021-06-07 v7.00m Hyperref: PDF Unicode definition (HO)
Now handling font encoding PU ...
... no UTF-8 mapping file for font encoding PU
)
Package hyperref Info: Option `plainpages' set `false' on input line 4073.
Package hyperref Info: Option `pdfpagelabels' set `true' on input line 4073.


Package hyperref Warning: Values of option `pdfpagelayout':
(hyperref)                * `SinglePage'
(hyperref)                * `OneColumn'
(hyperref)                * `TwoColumnLeft'
(hyperref)                * `TwoColumnRight'
(hyperref)                * `TwoPageLeft' (PDF 1.5)
(hyperref)                * `TwoPageRight' (PDF 1.5)
(hyperref)                * An empty value disables the option.
(hyperref)                Unknown value `useoutlines' on input line 4073.

Package hyperref Info: Option `bookmarks' set `true' on input line 4073.
Package hyperref Info: Option `bookmarksopen' set `true' on input line 4073.
Package hyperref Info: Option `bookmarksnumbered' set `true' on input line 4073
.
Package hyperref Info: Option `breaklinks' set `true' on input line 4073.
Package hyperref Info: Option `linktocpage' set `true' on input line 4073.
Package hyperref Info: Option `colorlinks' set `false' on input line 4073.
Package hyperref Info: Option `hyperindex' set `true' on input line 4073.
Package hyperref Info: Option `hyperfigures' set `true' on input line 4073.
Package hyperref Info: Hyper figures ON on input line 4190.
Package hyperref Info: Link nesting OFF on input line 4197.
Package hyperref Info: Hyper index ON on input line 4200.
Package hyperref Info: Plain pages OFF on input line 4207.
Package hyperref Info: Backreferencing ON on input line 4210.
Package hyperref Info: Implicit mode ON; LaTeX internals redefined.
Package hyperref Info: Bookmarks ON on input line 4445.

(C:\Users\Ana Cuevas de Cózar\AppData\Local\Programs\MiKTeX\tex/latex/hyperref
\backref.sty
Package: backref 2021/02/04 v1.41 Bibliographical back referencing

(C:\Users\Ana Cuevas de Cózar\AppData\Local\Programs\MiKTeX\tex/latex/rerunfil
echeck\rerunfilecheck.sty
Package: rerunfilecheck 2019/12/05 v1.9 Rerun checks for auxiliary files (HO)

(C:\Users\Ana Cuevas de Cózar\AppData\Local\Programs\MiKTeX\tex/latex/base\atv
eryend-ltx.sty
Package: atveryend-ltx 2020/08/19 v1.0a Emulation of the original atvery packag
e
with kernel methods
)
(C:\Users\Ana Cuevas de Cózar\AppData\Local\Programs\MiKTeX\tex/generic/unique
counter\uniquecounter.sty
Package: uniquecounter 2019/12/15 v1.4 Provide unlimited unique counter (HO)

(C:\Users\Ana Cuevas de Cózar\AppData\Local\Programs\MiKTeX\tex/generic/bigint
calc\bigintcalc.sty
Package: bigintcalc 2019/12/15 v1.5 Expandable calculations on big integers (HO
)
))
Package uniquecounter Info: New unique counter `rerunfilecheck' on input line 2
86.
))
\c@Hy@tempcnt=\count294

(C:\Users\Ana Cuevas de Cózar\AppData\Local\Programs\MiKTeX\tex/latex/url\url.
sty
\Urlmuskip=\muskip17
Package: url 2013/09/16  ver 3.4  Verb mode for urls, etc.
)
LaTeX Info: Redefining \url on input line 4804.
\XeTeXLinkMargin=\dimen171

(C:\Users\Ana Cuevas de Cózar\AppData\Local\Programs\MiKTeX\tex/generic/bitset
\bitset.sty
Package: bitset 2019/12/09 v1.3 Handle bit-vector datatype (HO)
)
\Fld@menulength=\count295
\Field@Width=\dimen172
\Fld@charsize=\dimen173
Package hyperref Info: Hyper figures ON on input line 6074.
Package hyperref Info: Link nesting OFF on input line 6081.
Package hyperref Info: Hyper index ON on input line 6084.
Package hyperref Info: backreferencing ON on input line 6089.
Package hyperref Info: Link coloring OFF on input line 6096.
Package hyperref Info: Link coloring with OCG OFF on input line 6101.
Package hyperref Info: PDF/A mode OFF on input line 6106.
LaTeX Info: Redefining \ref on input line 6146.
LaTeX Info: Redefining \pageref on input line 6150.

(C:\Users\Ana Cuevas de Cózar\AppData\Local\Programs\MiKTeX\tex/latex/base\atb
egshi-ltx.sty
Package: atbegshi-ltx 2021/01/10 v1.0c Emulation of the original atbegshi
package with kernel methods
)
\Hy@abspage=\count296
\c@Item=\count297
\c@Hfootnote=\count298
)
Package hyperref Info: Driver: hpdftex.

(C:\Users\Ana Cuevas de Cózar\AppData\Local\Programs\MiKTeX\tex/latex/hyperref
\hpdftex.def
File: hpdftex.def 2021-06-07 v7.00m Hyperref driver for pdfTeX
\Fld@listcount=\count299
\c@bookmark@seq@number=\count300
\Hy@SectionHShift=\skip70
)
(C:\Users\Ana Cuevas de Cózar\AppData\Local\Programs\MiKTeX\tex/latex/graphics
\graphicx.sty
Package: graphicx 2020/12/05 v1.2c Enhanced LaTeX Graphics (DPC,SPQR)
\Gin@req@height=\dimen174
\Gin@req@width=\dimen175
)
(C:\Users\Ana Cuevas de Cózar\AppData\Local\Programs\MiKTeX\tex/latex/psnfss\t
imes.sty
Package: times 2020/03/25 PSNFSS-v9.3 (SPQR) 
)
(C:\Users\Ana Cuevas de Cózar\AppData\Local\Programs\MiKTeX\tex/latex/quotchap
\quotchap.sty
Package: quotchap 2020/11/13 v1.3 Decorative Chapter Headings with Quotes
\@quotebox=\box99
)
(C:\Users\Ana Cuevas de Cózar\AppData\Local\Programs\MiKTeX\tex/latex/titlesec
\titlesec.sty
Package: titlesec 2021/07/05 v2.14 Sectioning titles
\ttl@box=\box100
\beforetitleunit=\skip71
\aftertitleunit=\skip72
\ttl@plus=\dimen176
\ttl@minus=\dimen177
\ttl@toksa=\toks29
\titlewidth=\dimen178
\titlewidthlast=\dimen179
\titlewidthfirst=\dimen180
)
(C:\Users\Ana Cuevas de Cózar\AppData\Local\Programs\MiKTeX\tex/latex/fancybox
\fancybox.sty
Package: fancybox 2010/05/15 1.4

Style option: `fancybox' v1.4 <2010/05/15> (tvz)
\@fancybox=\box101
\shadowsize=\dimen181
\@Sbox=\box102
\do@VerbBox=\toks30
\the@fancyput=\toks31
\this@fancyput=\toks32
\EndVerbatimTokens=\toks33
\Verbatim@Outfile=\write4
\Verbatim@Infile=\read3
)
(C:\Users\Ana Cuevas de Cózar\AppData\Local\Programs\MiKTeX\tex/latex/listings
\listings.sty
\lst@mode=\count301
\lst@gtempboxa=\box103
\lst@token=\toks34
\lst@length=\count302
\lst@currlwidth=\dimen182
\lst@column=\count303
\lst@pos=\count304
\lst@lostspace=\dimen183
\lst@width=\dimen184
\lst@newlines=\count305
\lst@lineno=\count306
\lst@maxwidth=\dimen185

(C:\Users\Ana Cuevas de Cózar\AppData\Local\Programs\MiKTeX\tex/latex/listings
\lstmisc.sty
File: lstmisc.sty 2020/03/24 1.8d (Carsten Heinz)
\c@lstnumber=\count307
\lst@skipnumbers=\count308
\lst@framebox=\box104
)
(C:\Users\Ana Cuevas de Cózar\AppData\Local\Programs\MiKTeX\tex/latex/listings
\listings.cfg
File: listings.cfg 2020/03/24 1.8d listings configuration
))
Package: listings 2020/03/24 1.8d (Carsten Heinz)

(C:\Users\Ana Cuevas de Cózar\AppData\Local\Programs\MiKTeX\tex/latex/graphics
\rotating.sty
Package: rotating 2016/08/11 v2.16d rotated objects in LaTeX
\c@r@tfl@t=\count309
\rotFPtop=\skip73
\rotFPbot=\skip74
\rot@float@box=\box105
\rot@mess@toks=\toks35
)
(C:\Users\Ana Cuevas de Cózar\AppData\Local\Programs\MiKTeX\tex/latex/graphics
\lscape.sty
Package: lscape 2020/05/28 v3.02 Landscape Pages (DPC)
)
(C:\Users\Ana Cuevas de Cózar\AppData\Local\Programs\MiKTeX\tex/latex/pdflscap
e\pdflscape.sty
Package: pdflscape 2019/12/05 v0.12 Display of landscape pages in PDF (HO)
Package pdflscape Info: Auto-detected driver: pdftex on input line 81.
)
(C:\Users\Ana Cuevas de Cózar\AppData\Local\Programs\MiKTeX\tex/latex/tools\ar
ray.sty
Package: array 2021/04/20 v2.5e Tabular extension package (FMi)
\col@sep=\dimen186
\ar@mcellbox=\box106
\extrarowheight=\dimen187
\NC@list=\toks36
\extratabsurround=\skip75
\backup@length=\skip76
\ar@cellbox=\box107
)
(C:\Users\Ana Cuevas de Cózar\AppData\Local\Programs\MiKTeX\tex/latex/booktabs
\booktabs.sty
Package: booktabs 2020/01/12 v1.61803398 Publication quality tables
\heavyrulewidth=\dimen188
\lightrulewidth=\dimen189
\cmidrulewidth=\dimen190
\belowrulesep=\dimen191
\belowbottomsep=\dimen192
\aboverulesep=\dimen193
\abovetopsep=\dimen194
\cmidrulesep=\dimen195
\cmidrulekern=\dimen196
\defaultaddspace=\dimen197
\@cmidla=\count310
\@cmidlb=\count311
\@aboverulesep=\dimen198
\@belowrulesep=\dimen199
\@thisruleclass=\count312
\@lastruleclass=\count313
\@thisrulewidth=\dimen256
)
(C:\Users\Ana Cuevas de Cózar\AppData\Local\Programs\MiKTeX\tex/latex/tools\lo
ngtable.sty
Package: longtable 2021-05-07 v4.16 Multi-page Table package (DPC)
\LTleft=\skip77
\LTright=\skip78
\LTpre=\skip79
\LTpost=\skip80
\LTchunksize=\count314
\LTcapwidth=\dimen257
\LT@head=\box108
\LT@firsthead=\box109
\LT@foot=\box110
\LT@lastfoot=\box111
\LT@gbox=\box112
\LT@cols=\count315
\LT@rows=\count316
\c@LT@tables=\count317
\c@LT@chunks=\count318
\LT@p@ftn=\toks37
)
(C:\Users\Ana Cuevas de Cózar\AppData\Local\Programs\MiKTeX\tex/latex/tools\ta
bularx.sty
Package: tabularx 2020/01/15 v2.11c `tabularx' package (DPC)
\TX@col@width=\dimen258
\TX@old@table=\dimen259
\TX@old@col=\dimen260
\TX@target=\dimen261
\TX@delta=\dimen262
\TX@cols=\count319
\TX@ftn=\toks38
)
(C:\Users\Ana Cuevas de Cózar\AppData\Local\Programs\MiKTeX\tex/latex/multirow
\multirow.sty
Package: multirow 2021/03/15 v2.8 Span multiple rows of a table
\multirow@colwidth=\skip81
\multirow@cntb=\count320
\multirow@dima=\skip82
\bigstrutjot=\dimen263
)
(C:\Users\Ana Cuevas de Cózar\AppData\Local\Programs\MiKTeX\tex/latex/ncctools
\watermark.sty
Package: watermark 2004/12/09 v1.1 Watermarks (NCC)
)
(C:\Users\Ana Cuevas de Cózar\AppData\Local\Programs\MiKTeX\tex/latex/datetime
\datetime.sty
Package: datetime 2015/03/20 v2.60 Date Time Package

(C:\Users\Ana Cuevas de Cózar\AppData\Local\Programs\MiKTeX\tex/latex/etoolbox
\etoolbox.sty
Package: etoolbox 2020/10/05 v2.5k e-TeX tools for LaTeX (JAW)
\etb@tempcnta=\count321
)
(C:\Users\Ana Cuevas de Cózar\AppData\Local\Programs\MiKTeX\tex/latex/fmtcount
\fmtcount.sty
Package: fmtcount 2020/01/30 v3.07

(C:\Users\Ana Cuevas de Cózar\AppData\Local\Programs\MiKTeX\tex/latex/fmtcount
\fcprefix.sty
Package: fcprefix 2012/09/28

(C:\Users\Ana Cuevas de Cózar\AppData\Local\Programs\MiKTeX\tex/latex/fmtcount
\fcnumparser.sty
Package: fcnumparser 2017/06/15
\fc@digit@counter=\count322
))
\c@padzeroesN=\count323
\fc@tmpcatcode=\count324

(C:\Users\Ana Cuevas de Cózar\AppData\Local\Programs\MiKTeX\tex/latex/fmtcount
\fc-english.def
File: fc-english.def 2016/01/12
)
(C:\Users\Ana Cuevas de Cózar\AppData\Local\Programs\MiKTeX\tex/latex/fmtcount
\fc-british.def
File: fc-british.def 2013/08/17
)
\@DT@modctr=\count325
\@ordinalctr=\count326
\@orgargctr=\count327
\@strctr=\count328
\@tmpstrctr=\count329
\@DT@loopN=\count330
\@DT@X=\count331
)
(C:\Users\Ana Cuevas de Cózar\AppData\Local\Programs\MiKTeX\tex/latex/datetime
\datetime-defaults.sty
Package: datetime-defaults 2013/09/10
)
\@day=\count332
\@month=\count333
\@year=\count334
\c@HOUR=\count335
\c@HOURXII=\count336
\c@MINUTE=\count337
\c@TOHOUR=\count338
\c@TOMINUTE=\count339
\c@SECOND=\count340
\currenthour=\count341
\currentminute=\count342
\currentsecond=\count343
Package datetime Info: No datetime.cfg file found, using default settings on in
put line 308.
\@dtctr=\count344
\dayofyear=\count345
\dayofweek=\count346
LaTeX Info: Redefining \today on input line 736.

(C:\Users\Ana Cuevas de Cózar\AppData\Local\Programs\MiKTeX\tex/latex/datetime
\dt-british.def
File: dt-british.def 2013/09/10
)
(C:\Users\Ana Cuevas de Cózar\AppData\Local\Programs\MiKTeX\tex/latex/datetime
\dt-spanish.def
File: dt-spanish.def 2013/09/10
LaTeX Info: Redefining \datespanish on input line 85.
)
\dt@a=\toks39
\dt@b=\toks40
)
(C:\Users\Ana Cuevas de Cózar\AppData\Local\Programs\MiKTeX\tex/latex/hyphenat
\hyphenat.sty
Package: hyphenat 2009/09/02 v2.3c hyphenation utilities
\langwohyphens=\language80
LaTeX Info: Redefining \_ on input line 43.
)
(C:\Users\Ana Cuevas de Cózar\AppData\Local\Programs\MiKTeX\tex/latex/tcolorbo
x\tcolorbox.sty
Package: tcolorbox 2021/06/14 version 4.51 text color boxes

(C:\Users\Ana Cuevas de Cózar\AppData\Local\Programs\MiKTeX\tex/latex/pgf/basi
clayer\pgf.sty
(C:\Users\Ana Cuevas de Cózar\AppData\Local\Programs\MiKTeX\tex/latex/pgf/util
ities\pgfrcs.sty
(C:\Users\Ana Cuevas de Cózar\AppData\Local\Programs\MiKTeX\tex/generic/pgf/ut
ilities\pgfutil-common.tex
\pgfutil@everybye=\toks41
\pgfutil@tempdima=\dimen264
\pgfutil@tempdimb=\dimen265

(C:\Users\Ana Cuevas de Cózar\AppData\Local\Programs\MiKTeX\tex/generic/pgf/ut
ilities\pgfutil-common-lists.tex))
(C:\Users\Ana Cuevas de Cózar\AppData\Local\Programs\MiKTeX\tex/generic/pgf/ut
ilities\pgfutil-latex.def
\pgfutil@abb=\box113
)
(C:\Users\Ana Cuevas de Cózar\AppData\Local\Programs\MiKTeX\tex/generic/pgf/ut
ilities\pgfrcs.code.tex
(C:\Users\Ana Cuevas de Cózar\AppData\Local\Programs\MiKTeX\tex/generic/pgf\pg
f.revision.tex)
Package: pgfrcs 2021/05/15 v3.1.9a (3.1.9a)
))
Package: pgf 2021/05/15 v3.1.9a (3.1.9a)

(C:\Users\Ana Cuevas de Cózar\AppData\Local\Programs\MiKTeX\tex/latex/pgf/basi
clayer\pgfcore.sty
(C:\Users\Ana Cuevas de Cózar\AppData\Local\Programs\MiKTeX\tex/latex/pgf/syst
emlayer\pgfsys.sty
(C:\Users\Ana Cuevas de Cózar\AppData\Local\Programs\MiKTeX\tex/generic/pgf/sy
stemlayer\pgfsys.code.tex
Package: pgfsys 2021/05/15 v3.1.9a (3.1.9a)

(C:\Users\Ana Cuevas de Cózar\AppData\Local\Programs\MiKTeX\tex/generic/pgf/ut
ilities\pgfkeys.code.tex
\pgfkeys@pathtoks=\toks42
\pgfkeys@temptoks=\toks43

(C:\Users\Ana Cuevas de Cózar\AppData\Local\Programs\MiKTeX\tex/generic/pgf/ut
ilities\pgfkeysfiltered.code.tex
\pgfkeys@tmptoks=\toks44
))
\pgf@x=\dimen266
\pgf@y=\dimen267
\pgf@xa=\dimen268
\pgf@ya=\dimen269
\pgf@xb=\dimen270
\pgf@yb=\dimen271
\pgf@xc=\dimen272
\pgf@yc=\dimen273
\pgf@xd=\dimen274
\pgf@yd=\dimen275
\w@pgf@writea=\write5
\r@pgf@reada=\read4
\c@pgf@counta=\count347
\c@pgf@countb=\count348
\c@pgf@countc=\count349
\c@pgf@countd=\count350
\t@pgf@toka=\toks45
\t@pgf@tokb=\toks46
\t@pgf@tokc=\toks47
\pgf@sys@id@count=\count351

(C:\Users\Ana Cuevas de Cózar\AppData\Local\Programs\MiKTeX\tex/generic/pgf/sy
stemlayer\pgf.cfg
File: pgf.cfg 2021/05/15 v3.1.9a (3.1.9a)
)
Driver file for pgf: pgfsys-pdftex.def

(C:\Users\Ana Cuevas de Cózar\AppData\Local\Programs\MiKTeX\tex/generic/pgf/sy
stemlayer\pgfsys-pdftex.def
File: pgfsys-pdftex.def 2021/05/15 v3.1.9a (3.1.9a)

(C:\Users\Ana Cuevas de Cózar\AppData\Local\Programs\MiKTeX\tex/generic/pgf/sy
stemlayer\pgfsys-common-pdf.def
File: pgfsys-common-pdf.def 2021/05/15 v3.1.9a (3.1.9a)
)))
(C:\Users\Ana Cuevas de Cózar\AppData\Local\Programs\MiKTeX\tex/generic/pgf/sy
stemlayer\pgfsyssoftpath.code.tex
File: pgfsyssoftpath.code.tex 2021/05/15 v3.1.9a (3.1.9a)
\pgfsyssoftpath@smallbuffer@items=\count352
\pgfsyssoftpath@bigbuffer@items=\count353
)
(C:\Users\Ana Cuevas de Cózar\AppData\Local\Programs\MiKTeX\tex/generic/pgf/sy
stemlayer\pgfsysprotocol.code.tex
File: pgfsysprotocol.code.tex 2021/05/15 v3.1.9a (3.1.9a)
))
(C:\Users\Ana Cuevas de Cózar\AppData\Local\Programs\MiKTeX\tex/latex/xcolor\x
color.sty
Package: xcolor 2016/05/11 v2.12 LaTeX color extensions (UK)

(C:\Users\Ana Cuevas de Cózar\AppData\Local\Programs\MiKTeX\tex/latex/graphics
-cfg\color.cfg
File: color.cfg 2016/01/02 v1.6 sample color configuration
)
Package xcolor Info: Driver file: pdftex.def on input line 225.
LaTeX Info: Redefining \color on input line 709.
Package xcolor Info: Model `cmy' substituted by `cmy0' on input line 1348.
Package xcolor Info: Model `hsb' substituted by `rgb' on input line 1352.
Package xcolor Info: Model `RGB' extended on input line 1364.
Package xcolor Info: Model `HTML' substituted by `rgb' on input line 1366.
Package xcolor Info: Model `Hsb' substituted by `hsb' on input line 1367.
Package xcolor Info: Model `tHsb' substituted by `hsb' on input line 1368.
Package xcolor Info: Model `HSB' substituted by `hsb' on input line 1369.
Package xcolor Info: Model `Gray' substituted by `gray' on input line 1370.
Package xcolor Info: Model `wave' substituted by `hsb' on input line 1371.
)
(C:\Users\Ana Cuevas de Cózar\AppData\Local\Programs\MiKTeX\tex/generic/pgf/ba
siclayer\pgfcore.code.tex
Package: pgfcore 2021/05/15 v3.1.9a (3.1.9a)

(C:\Users\Ana Cuevas de Cózar\AppData\Local\Programs\MiKTeX\tex/generic/pgf/ma
th\pgfmath.code.tex
(C:\Users\Ana Cuevas de Cózar\AppData\Local\Programs\MiKTeX\tex/generic/pgf/ma
th\pgfmathcalc.code.tex
(C:\Users\Ana Cuevas de Cózar\AppData\Local\Programs\MiKTeX\tex/generic/pgf/ma
th\pgfmathutil.code.tex)
(C:\Users\Ana Cuevas de Cózar\AppData\Local\Programs\MiKTeX\tex/generic/pgf/ma
th\pgfmathparser.code.tex
\pgfmath@dimen=\dimen276
\pgfmath@count=\count354
\pgfmath@box=\box114
\pgfmath@toks=\toks48
\pgfmath@stack@operand=\toks49
\pgfmath@stack@operation=\toks50
)
(C:\Users\Ana Cuevas de Cózar\AppData\Local\Programs\MiKTeX\tex/generic/pgf/ma
th\pgfmathfunctions.code.tex
(C:\Users\Ana Cuevas de Cózar\AppData\Local\Programs\MiKTeX\tex/generic/pgf/ma
th\pgfmathfunctions.basic.code.tex)
(C:\Users\Ana Cuevas de Cózar\AppData\Local\Programs\MiKTeX\tex/generic/pgf/ma
th\pgfmathfunctions.trigonometric.code.tex)
(C:\Users\Ana Cuevas de Cózar\AppData\Local\Programs\MiKTeX\tex/generic/pgf/ma
th\pgfmathfunctions.random.code.tex)
(C:\Users\Ana Cuevas de Cózar\AppData\Local\Programs\MiKTeX\tex/generic/pgf/ma
th\pgfmathfunctions.comparison.code.tex)
(C:\Users\Ana Cuevas de Cózar\AppData\Local\Programs\MiKTeX\tex/generic/pgf/ma
th\pgfmathfunctions.base.code.tex)
(C:\Users\Ana Cuevas de Cózar\AppData\Local\Programs\MiKTeX\tex/generic/pgf/ma
th\pgfmathfunctions.round.code.tex)
(C:\Users\Ana Cuevas de Cózar\AppData\Local\Programs\MiKTeX\tex/generic/pgf/ma
th\pgfmathfunctions.misc.code.tex)
(C:\Users\Ana Cuevas de Cózar\AppData\Local\Programs\MiKTeX\tex/generic/pgf/ma
th\pgfmathfunctions.integerarithmetics.code.tex)))
(C:\Users\Ana Cuevas de Cózar\AppData\Local\Programs\MiKTeX\tex/generic/pgf/ma
th\pgfmathfloat.code.tex
\c@pgfmathroundto@lastzeros=\count355
))
(C:\Users\Ana Cuevas de Cózar\AppData\Local\Programs\MiKTeX\tex/generic/pgf/ma
th\pgfint.code.tex)
(C:\Users\Ana Cuevas de Cózar\AppData\Local\Programs\MiKTeX\tex/generic/pgf/ba
siclayer\pgfcorepoints.code.tex
File: pgfcorepoints.code.tex 2021/05/15 v3.1.9a (3.1.9a)
\pgf@picminx=\dimen277
\pgf@picmaxx=\dimen278
\pgf@picminy=\dimen279
\pgf@picmaxy=\dimen280
\pgf@pathminx=\dimen281
\pgf@pathmaxx=\dimen282
\pgf@pathminy=\dimen283
\pgf@pathmaxy=\dimen284
\pgf@xx=\dimen285
\pgf@xy=\dimen286
\pgf@yx=\dimen287
\pgf@yy=\dimen288
\pgf@zx=\dimen289
\pgf@zy=\dimen290
)
(C:\Users\Ana Cuevas de Cózar\AppData\Local\Programs\MiKTeX\tex/generic/pgf/ba
siclayer\pgfcorepathconstruct.code.tex
File: pgfcorepathconstruct.code.tex 2021/05/15 v3.1.9a (3.1.9a)
\pgf@path@lastx=\dimen291
\pgf@path@lasty=\dimen292
)
(C:\Users\Ana Cuevas de Cózar\AppData\Local\Programs\MiKTeX\tex/generic/pgf/ba
siclayer\pgfcorepathusage.code.tex
File: pgfcorepathusage.code.tex 2021/05/15 v3.1.9a (3.1.9a)
\pgf@shorten@end@additional=\dimen293
\pgf@shorten@start@additional=\dimen294
)
(C:\Users\Ana Cuevas de Cózar\AppData\Local\Programs\MiKTeX\tex/generic/pgf/ba
siclayer\pgfcorescopes.code.tex
File: pgfcorescopes.code.tex 2021/05/15 v3.1.9a (3.1.9a)
\pgfpic=\box115
\pgf@hbox=\box116
\pgf@layerbox@main=\box117
\pgf@picture@serial@count=\count356
)
(C:\Users\Ana Cuevas de Cózar\AppData\Local\Programs\MiKTeX\tex/generic/pgf/ba
siclayer\pgfcoregraphicstate.code.tex
File: pgfcoregraphicstate.code.tex 2021/05/15 v3.1.9a (3.1.9a)
\pgflinewidth=\dimen295
)
(C:\Users\Ana Cuevas de Cózar\AppData\Local\Programs\MiKTeX\tex/generic/pgf/ba
siclayer\pgfcoretransformations.code.tex
File: pgfcoretransformations.code.tex 2021/05/15 v3.1.9a (3.1.9a)
\pgf@pt@x=\dimen296
\pgf@pt@y=\dimen297
\pgf@pt@temp=\dimen298
)
(C:\Users\Ana Cuevas de Cózar\AppData\Local\Programs\MiKTeX\tex/generic/pgf/ba
siclayer\pgfcorequick.code.tex
File: pgfcorequick.code.tex 2021/05/15 v3.1.9a (3.1.9a)
)
(C:\Users\Ana Cuevas de Cózar\AppData\Local\Programs\MiKTeX\tex/generic/pgf/ba
siclayer\pgfcoreobjects.code.tex
File: pgfcoreobjects.code.tex 2021/05/15 v3.1.9a (3.1.9a)
)
(C:\Users\Ana Cuevas de Cózar\AppData\Local\Programs\MiKTeX\tex/generic/pgf/ba
siclayer\pgfcorepathprocessing.code.tex
File: pgfcorepathprocessing.code.tex 2021/05/15 v3.1.9a (3.1.9a)
)
(C:\Users\Ana Cuevas de Cózar\AppData\Local\Programs\MiKTeX\tex/generic/pgf/ba
siclayer\pgfcorearrows.code.tex
File: pgfcorearrows.code.tex 2021/05/15 v3.1.9a (3.1.9a)
\pgfarrowsep=\dimen299
)
(C:\Users\Ana Cuevas de Cózar\AppData\Local\Programs\MiKTeX\tex/generic/pgf/ba
siclayer\pgfcoreshade.code.tex
File: pgfcoreshade.code.tex 2021/05/15 v3.1.9a (3.1.9a)
\pgf@max=\dimen300
\pgf@sys@shading@range@num=\count357
\pgf@shadingcount=\count358
)
(C:\Users\Ana Cuevas de Cózar\AppData\Local\Programs\MiKTeX\tex/generic/pgf/ba
siclayer\pgfcoreimage.code.tex
File: pgfcoreimage.code.tex 2021/05/15 v3.1.9a (3.1.9a)

(C:\Users\Ana Cuevas de Cózar\AppData\Local\Programs\MiKTeX\tex/generic/pgf/ba
siclayer\pgfcoreexternal.code.tex
File: pgfcoreexternal.code.tex 2021/05/15 v3.1.9a (3.1.9a)
\pgfexternal@startupbox=\box118
))
(C:\Users\Ana Cuevas de Cózar\AppData\Local\Programs\MiKTeX\tex/generic/pgf/ba
siclayer\pgfcorelayers.code.tex
File: pgfcorelayers.code.tex 2021/05/15 v3.1.9a (3.1.9a)
)
(C:\Users\Ana Cuevas de Cózar\AppData\Local\Programs\MiKTeX\tex/generic/pgf/ba
siclayer\pgfcoretransparency.code.tex
File: pgfcoretransparency.code.tex 2021/05/15 v3.1.9a (3.1.9a)
)
(C:\Users\Ana Cuevas de Cózar\AppData\Local\Programs\MiKTeX\tex/generic/pgf/ba
siclayer\pgfcorepatterns.code.tex
File: pgfcorepatterns.code.tex 2021/05/15 v3.1.9a (3.1.9a)
)
(C:\Users\Ana Cuevas de Cózar\AppData\Local\Programs\MiKTeX\tex/generic/pgf/ba
siclayer\pgfcorerdf.code.tex
File: pgfcorerdf.code.tex 2021/05/15 v3.1.9a (3.1.9a)
)))
(C:\Users\Ana Cuevas de Cózar\AppData\Local\Programs\MiKTeX\tex/generic/pgf/mo
dules\pgfmoduleshapes.code.tex
File: pgfmoduleshapes.code.tex 2021/05/15 v3.1.9a (3.1.9a)
\pgfnodeparttextbox=\box119
)
(C:\Users\Ana Cuevas de Cózar\AppData\Local\Programs\MiKTeX\tex/generic/pgf/mo
dules\pgfmoduleplot.code.tex
File: pgfmoduleplot.code.tex 2021/05/15 v3.1.9a (3.1.9a)
)
(C:\Users\Ana Cuevas de Cózar\AppData\Local\Programs\MiKTeX\tex/latex/pgf/comp
atibility\pgfcomp-version-0-65.sty
Package: pgfcomp-version-0-65 2021/05/15 v3.1.9a (3.1.9a)
\pgf@nodesepstart=\dimen301
\pgf@nodesepend=\dimen302
)
(C:\Users\Ana Cuevas de Cózar\AppData\Local\Programs\MiKTeX\tex/latex/pgf/comp
atibility\pgfcomp-version-1-18.sty
Package: pgfcomp-version-1-18 2021/05/15 v3.1.9a (3.1.9a)
))
(C:\Users\Ana Cuevas de Cózar\AppData\Local\Programs\MiKTeX\tex/latex/tools\ve
rbatim.sty
Package: verbatim 2020-07-07 v1.5u LaTeX2e package for verbatim enhancements
\every@verbatim=\toks51
\verbatim@line=\toks52
\verbatim@in@stream=\read5
)
(C:\Users\Ana Cuevas de Cózar\AppData\Local\Programs\MiKTeX\tex/latex/environ\
environ.sty
Package: environ 2014/05/04 v0.3 A new way to define environments

(C:\Users\Ana Cuevas de Cózar\AppData\Local\Programs\MiKTeX\tex/latex/trimspac
es\trimspaces.sty
Package: trimspaces 2009/09/17 v1.1 Trim spaces around a token list
))
\tcb@titlebox=\box120
\tcb@upperbox=\box121
\tcb@lowerbox=\box122
\tcb@phantombox=\box123
\c@tcbbreakpart=\count359
\c@tcblayer=\count360
\c@tcolorbox@number=\count361
\tcb@temp=\box124
\tcb@temp=\box125
\tcb@temp=\box126
\tcb@temp=\box127
)
(C:\Users\Ana Cuevas de Cózar\AppData\Local\Programs\MiKTeX\tex/latex/amscls\a
msthm.sty
Package: amsthm 2020/05/29 v2.20.6
\thm@style=\toks53
\thm@bodyfont=\toks54
\thm@headfont=\toks55
\thm@notefont=\toks56
\thm@headpunct=\toks57
\thm@preskip=\skip83
\thm@postskip=\skip84
\thm@headsep=\skip85
\dth@everypar=\toks58
)
\c@tcb@cnt@definicion=\count362
\c@tcb@cnt@teorema=\count363
\c@tcb@cnt@corolario=\count364
\c@tcb@cnt@lema=\count365

(C:\Users\Ana Cuevas de Cózar\AppData\Local\Programs\MiKTeX\tex/latex/oberdiek
\stackrel.sty
Package: stackrel 2016/05/16 v1.3 Adding subscript option to stackrel (HO)
)
(C:\Users\Ana Cuevas de Cózar\AppData\Local\Programs\MiKTeX\tex/latex/subfig\s
ubfig.sty
Package: subfig 2005/06/28 ver: 1.3 subfig package
\c@KVtest=\count366
\sf@farskip=\skip86
\sf@captopadj=\dimen303
\sf@capskip=\skip87
\sf@nearskip=\skip88
\c@subfigure=\count367
\c@subfigure@save=\count368
\c@lofdepth=\count369
\c@subtable=\count370
\c@subtable@save=\count371
\c@lotdepth=\count372
\sf@top=\skip89
\sf@bottom=\skip90
)
(C:\Users\Ana Cuevas de Cózar\AppData\Local\Programs\MiKTeX\tex/latex/wrapfig\
wrapfig.sty
\wrapoverhang=\dimen304
\WF@size=\dimen305
\c@WF@wrappedlines=\count373
\WF@box=\box128
\WF@everypar=\toks59
Package: wrapfig 2003/01/31  v 3.6
)
(C:\Users\Ana Cuevas de Cózar\AppData\Local\Programs\MiKTeX\tex/latex/float\fl
oat.sty
Package: float 2001/11/08 v1.3d Float enhancements (AL)
\c@float@type=\count374
\float@exts=\toks60
\float@box=\box129
\@float@everytoks=\toks61
\@floatcapt=\box130
))
(C:\Users\Ana Cuevas de Cózar\AppData\Local\Programs\MiKTeX\tex/latex/adjustbo
x\adjustbox.sty
Package: adjustbox 2020/08/19 v1.3 Adjusting TeX boxes (trim, clip, ...)

(C:\Users\Ana Cuevas de Cózar\AppData\Local\Programs\MiKTeX\tex/latex/adjustbo
x\adjcalc.sty
Package: adjcalc 2012/05/16 v1.1 Provides advanced setlength with multiple back
-ends (calc, etex, pgfmath)
)
(C:\Users\Ana Cuevas de Cózar\AppData\Local\Programs\MiKTeX\tex/latex/adjustbo
x\trimclip.sty
Package: trimclip 2020/08/19 v1.2 Trim and clip general TeX material

(C:\Users\Ana Cuevas de Cózar\AppData\Local\Programs\MiKTeX\tex/latex/collectb
ox\collectbox.sty
Package: collectbox 2012/05/17 v0.4b Collect macro arguments as boxes
\collectedbox=\box131
)
\tc@llx=\dimen306
\tc@lly=\dimen307
\tc@urx=\dimen308
\tc@ury=\dimen309
Package trimclip Info: Using driver 'tc-pdftex.def'.

(C:\Users\Ana Cuevas de Cózar\AppData\Local\Programs\MiKTeX\tex/latex/adjustbo
x\tc-pdftex.def
File: tc-pdftex.def 2019/01/04 v2.2 Clipping driver for pdftex
))
\adjbox@Width=\dimen310
\adjbox@Height=\dimen311
\adjbox@Depth=\dimen312
\adjbox@Totalheight=\dimen313
\adjbox@pwidth=\dimen314
\adjbox@pheight=\dimen315
\adjbox@pdepth=\dimen316
\adjbox@ptotalheight=\dimen317

(C:\Users\Ana Cuevas de Cózar\AppData\Local\Programs\MiKTeX\tex/latex/ifoddpag
e\ifoddpage.sty
Package: ifoddpage 2016/04/23 v1.1 Conditionals for odd/even page detection
\c@checkoddpage=\count375
)
(C:\Users\Ana Cuevas de Cózar\AppData\Local\Programs\MiKTeX\tex/latex/varwidth
\varwidth.sty
Package: varwidth 2009/03/30 ver 0.92;  Variable-width minipages
\@vwid@box=\box132
\sift@deathcycles=\count376
\@vwid@loff=\dimen318
\@vwid@roff=\dimen319
))
\@input{MacrosTFG.aux}
\openout2 = `MacrosTFG.aux'.

(MacrosTFG.tex)
(C:\Users\Ana Cuevas de Cózar\AppData\Local\Programs\MiKTeX\tex/latex/jknappen
\mathrsfs.sty
Package: mathrsfs 1996/01/01 Math RSFS package v1.0 (jk)
\symrsfs=\mathgroup6
)
LaTeX Font Info:    Trying to load font information for OT1+ptm on input line 5
3.

(C:\Users\Ana Cuevas de Cózar\AppData\Local\Programs\MiKTeX\tex/latex/psnfss\o
t1ptm.fd
File: ot1ptm.fd 2001/06/04 font definitions for OT1/ptm.
)
(C:\Users\Ana Cuevas de Cózar\AppData\Local\Programs\MiKTeX\tex/latex/l3backen
d\l3backend-pdftex.def
File: l3backend-pdftex.def 2021-08-04 L3 backend support: PDF output (pdfTeX)
\l__color_backend_stack_int=\count377
\l__pdf_internal_box=\box133
) (TFGPrincipal.aux
LaTeX Info: Redefining \. on input line 33.
LaTeX Info: Redefining \% on input line 33.
 (dedicatoria.aux) (resumen.aux)
(agradecimientos.aux) (00introduccion.aux) (01planteamiento.aux) (02Previos.aux
) (03PrimeraParte.aux) (04SegundaParte.aux) (05conclusiones.aux)
(06conclusiones2.aux))
\openout1 = `TFGPrincipal.aux'.

LaTeX Font Info:    Checking defaults for OML/cmm/m/it on input line 53.
LaTeX Font Info:    ... okay on input line 53.
LaTeX Font Info:    Checking defaults for OMS/cmsy/m/n on input line 53.
LaTeX Font Info:    ... okay on input line 53.
LaTeX Font Info:    Checking defaults for OT1/cmr/m/n on input line 53.
LaTeX Font Info:    ... okay on input line 53.
LaTeX Font Info:    Checking defaults for T1/cmr/m/n on input line 53.
LaTeX Font Info:    ... okay on input line 53.
LaTeX Font Info:    Checking defaults for TS1/cmr/m/n on input line 53.
LaTeX Font Info:    ... okay on input line 53.
LaTeX Font Info:    Checking defaults for OMX/cmex/m/n on input line 53.
LaTeX Font Info:    ... okay on input line 53.
LaTeX Font Info:    Checking defaults for U/cmr/m/n on input line 53.
LaTeX Font Info:    ... okay on input line 53.
LaTeX Font Info:    Checking defaults for PD1/pdf/m/n on input line 53.
LaTeX Font Info:    ... okay on input line 53.
LaTeX Font Info:    Checking defaults for PU/pdf/m/n on input line 53.
LaTeX Font Info:    ... okay on input line 53.

(C:\Users\Ana Cuevas de Cózar\AppData\Local\Programs\MiKTeX\tex/context/base/m
kii\supp-pdf.mkii
[Loading MPS to PDF converter (version 2006.09.02).]
\scratchcounter=\count378
\scratchdimen=\dimen320
\scratchbox=\box134
\nofMPsegments=\count379
\nofMParguments=\count380
\everyMPshowfont=\toks62
\MPscratchCnt=\count381
\MPscratchDim=\dimen321
\MPnumerator=\count382
\makeMPintoPDFobject=\count383
\everyMPtoPDFconversion=\toks63
)
(C:\Users\Ana Cuevas de Cózar\AppData\Local\Programs\MiKTeX\tex/latex/epstopdf
-pkg\epstopdf-base.sty
Package: epstopdf-base 2020-01-24 v2.11 Base part for package epstopdf
Package epstopdf-base Info: Redefining graphics rule for `.eps' on input line 4
85.

(C:\Users\Ana Cuevas de Cózar\AppData\Local\Programs\MiKTeX\tex/latex/00miktex
\epstopdf-sys.cfg
File: epstopdf-sys.cfg 2021/03/18 v2.0 Configuration of epstopdf for MiKTeX
))
Package caption Info: Begin \AtBeginDocument code.
Package caption Info: subfig package v1.3 is loaded.
Package caption Info: float package is loaded.
Package caption Info: hyperref package is loaded.
Package caption Info: listings package is loaded.
Package caption Info: longtable package is loaded.

(C:\Users\Ana Cuevas de Cózar\AppData\Local\Programs\MiKTeX\tex/latex/caption\
ltcaption.sty
Package: ltcaption 2020/05/30 v1.4b longtable captions (AR)
)
Package caption Info: rotating package is loaded.
Package caption Info: wrapfig package is loaded.
Package caption Info: End \AtBeginDocument code.
Package hyperref Info: Link coloring OFF on input line 53.

(C:\Users\Ana Cuevas de Cózar\AppData\Local\Programs\MiKTeX\tex/latex/hyperref
\nameref.sty
Package: nameref 2021-04-02 v2.47 Cross-referencing by name of section

(C:\Users\Ana Cuevas de Cózar\AppData\Local\Programs\MiKTeX\tex/latex/refcount
\refcount.sty
Package: refcount 2019/12/15 v3.6 Data extraction from label references (HO)
)
(C:\Users\Ana Cuevas de Cózar\AppData\Local\Programs\MiKTeX\tex/generic/gettit
lestring\gettitlestring.sty
Package: gettitlestring 2019/12/15 v1.6 Cleanup title references (HO)
)
\c@section@level=\count384
)
LaTeX Info: Redefining \ref on input line 53.
LaTeX Info: Redefining \pageref on input line 53.
LaTeX Info: Redefining \nameref on input line 53.
 (TFGPrincipal.out) (TFGPrincipal.out)
\@outlinefile=\write6
\openout6 = `TFGPrincipal.out'.

Package backref Info: ** backref set up for natbib ** on input line 53.
\c@lstlisting=\count385
<SelloUCA.jpg, id=150, 612.2875pt x 612.2875pt>
File: SelloUCA.jpg Graphic file (type jpg)
<use SelloUCA.jpg>
Package pdftex.def Info: SelloUCA.jpg  used on input line 66.
(pdftex.def)             Requested size: 85.35826pt x 85.35529pt.
 [1



\FN@pp@footnotehinttrue 

\FN@pp@footnotehinttrue 

{C:/Users/Ana Cuevas de Cózar/AppData/Local/MiKTeX/pdftex/config/pdftex.map} <
./SelloUCA.jpg>] [2] (abstract.tex [3

])
LaTeX Info: Redefining \. on input line 76.
LaTeX Info: Redefining \% on input line 76.
 [4

]
\openout2 = `dedicatoria.aux'.

 (dedicatoria.texpdfTeX warning (ext4): destination with the same identifier (n
ame{page.i}) has been already used, duplicate ignored
<to be read again> 
                   \relax 
l.8 \end{dedication}
                     [1

])
\openout2 = `resumen.aux'.

 (resumen.texpdfTeX warning (ext4): destination with the same identifier (name{
page.ii}) has been already used, duplicate ignored
<to be read again> 
                   \relax 
l.2 \begin{resumen}
                    [2




]pdfTeX warning (ext4): destination with the same identifier (name{page.iii}) h
as been already used, duplicate ignored
<to be read again> 
                   \relax 
l.15 \end{resumen}
                   [3])
\openout2 = `agradecimientos.aux'.

 (agradecimientos.texpdfTeX warning (ext4): destination with the same identifie
r (name{page.iv}) has been already used, duplicate ignored
<to be read again> 
                   \relax 
l.2 \begin{acknowledgements}
                             [4




] [5]) [6
\FN@pp@footnotehinttrue 

\FN@pp@footnotehinttrue 


] (TFGPrincipal.toc
LaTeX Info: Redefining \. on input line 3.
LaTeX Info: Redefining \% on input line 3.
LaTeX Font Info:    Trying to load font information for U+msa on input line 6.

(C:\Users\Ana Cuevas de Cózar\AppData\Local\Programs\MiKTeX\tex/latex/amsfonts
\umsa.fd
File: umsa.fd 2013/01/14 v3.01 AMS symbols A
)
LaTeX Font Info:    Trying to load font information for U+msb on input line 6.

(C:\Users\Ana Cuevas de Cózar\AppData\Local\Programs\MiKTeX\tex/latex/amsfonts
\umsb.fd
File: umsb.fd 2013/01/14 v3.01 AMS symbols B
)
LaTeX Font Info:    Trying to load font information for U+rsfs on input line 6.


(C:\Users\Ana Cuevas de Cózar\AppData\Local\Programs\MiKTeX\tex/latex/jknappen
\ursfs.fd
File: ursfs.fd 1998/03/24 rsfs font definition file (jk)
) [7])
\tf@toc=\write7
\openout7 = `TFGPrincipal.toc'.

LaTeX Info: Redefining \. on input line 118.
LaTeX Info: Redefining \% on input line 118.
 [8]
\openout2 = `00introduccion.aux'.

 (00introduccion.tex
Cap\'{\i }tulo 1.

Package xcolor Warning: Incompatible color definition on input line 2.

LaTeX Font Info:    Trying to load font information for TS1+ptm on input line 9
.

(C:\Users\Ana Cuevas de Cózar\AppData\Local\Programs\MiKTeX\tex/latex/psnfss\t
s1ptm.fd
File: ts1ptm.fd 2001/06/04 font definitions for TS1/ptm.
) [1



]
LaTeX Info: Redefining \. on input line 26.
LaTeX Info: Redefining \% on input line 26.
 [2]) [3]
\openout2 = `01planteamiento.aux'.

 (01planteamiento.tex [4




]
Cap\'{\i }tulo 2.

Package xcolor Warning: Incompatible color definition on input line 2.

[5]

Package hyperref Warning: Token not allowed in a PDF string (Unicode):
(hyperref)                removing `math shift' on input line 60.


Package hyperref Warning: Token not allowed in a PDF string (Unicode):
(hyperref)                removing `superscript' on input line 60.


Package hyperref Warning: Token not allowed in a PDF string (Unicode):
(hyperref)                removing `math shift' on input line 60.

LaTeX Info: Redefining \. on input line 74.
LaTeX Info: Redefining \% on input line 74.
[6]
<mallado.png, id=308, 361.35pt x 238.8925pt>
File: mallado.png Graphic file (type png)
<use mallado.png>
Package pdftex.def Info: mallado.png  used on input line 103.
(pdftex.def)             Requested size: 216.81168pt x 143.3366pt.
LaTeX Info: Redefining \. on input line 107.
LaTeX Info: Redefining \% on input line 107.
 [7 <./mallado.png (PNG copy)>]
LaTeX Info: Redefining \. on input line 144.
LaTeX Info: Redefining \% on input line 144.
 [8]
Underfull \vbox (badness 10000) has occurred while \output is active []

LaTeX Info: Redefining \. on input line 176.
LaTeX Info: Redefining \% on input line 176.
 [9]
LaTeX Info: Redefining \. on input line 213.
LaTeX Info: Redefining \% on input line 213.

[10])
LaTeX Info: Redefining \. on input line 131.
LaTeX Info: Redefining \% on input line 131.
 [11]
\openout2 = `02Previos.aux'.

 (02Previos.tex [12




]
Cap\'{\i }tulo 3.

Package xcolor Warning: Incompatible color definition on input line 3.

[13]
<Ejemplo1.png, id=376, 462.528pt x 346.896pt>
File: Ejemplo1.png Graphic file (type png)
<use Ejemplo1.png>
Package pdftex.def Info: Ejemplo1.png  used on input line 29.
(pdftex.def)             Requested size: 208.13567pt x 156.10175pt.
<Ejemplo2.png, id=378, 462.528pt x 346.896pt>
File: Ejemplo2.png Graphic file (type png)
<use Ejemplo2.png>
Package pdftex.def Info: Ejemplo2.png  used on input line 30.
(pdftex.def)             Requested size: 208.13567pt x 156.10175pt.
<modelado.png, id=379, 397.485pt x 266.9975pt>
File: modelado.png Graphic file (type png)
<use modelado.png>
Package pdftex.def Info: modelado.png  used on input line 36.
(pdftex.def)             Requested size: 178.8666pt x 120.14775pt.

Overfull \hbox (0.8959pt too wide) in paragraph at lines 36--37
 [][] 
 []

LaTeX Info: Redefining \. on input line 44.
LaTeX Info: Redefining \% on input line 44.
[14 <./Ejemplo1.png> <./Ejemplo2.png> <./modelado.png (PNG copy)>]
LaTeX Info: Redefining \. on input line 73.
LaTeX Info: Redefining \% on input line 73.
 [15]
LaTeX Info: Redefining \. on input line 119.
LaTeX Info: Redefining \% on input line 119.

[16]
LaTeX Info: Redefining \. on input line 158.
LaTeX Info: Redefining \% on input line 158.
 [17]

Package amsmath Warning: Foreign command \over;
(amsmath)                \frac or \genfrac should be used instead
(amsmath)                 on input line 178.

LaTeX Info: Redefining \. on input line 203.
LaTeX Info: Redefining \% on input line 203.
[18]
LaTeX Info: Redefining \. on input line 245.
LaTeX Info: Redefining \% on input line 245.
 [19])
LaTeX Info: Redefining \. on input line 134.
LaTeX Info: Redefining \% on input line 134.
 [20]
\openout2 = `03PrimeraParte.aux'.

 (03PrimeraParte.tex
Cap\'{\i }tulo 4.

Package xcolor Warning: Incompatible color definition on input line 3.

[21




]
LaTeX Info: Redefining \. on input line 44.
LaTeX Info: Redefining \% on input line 44.
 [22]
LaTeX Info: Redefining \. on input line 71.
LaTeX Info: Redefining \% on input line 71.
 [23]
LaTeX Info: Redefining \. on input line 116.
LaTeX Info: Redefining \% on input line 116.
 [24]
<UsadosPaso.png, id=528, 397.485pt x 255.95625pt>
File: UsadosPaso.png Graphic file (type png)
<use UsadosPaso.png>
Package pdftex.def Info: UsadosPaso.png  used on input line 125.
(pdftex.def)             Requested size: 178.8666pt x 115.17923pt.
<UsadosTodos.png, id=529, 397.485pt x 255.95625pt>
File: UsadosTodos.png Graphic file (type png)
<use UsadosTodos.png>
Package pdftex.def Info: UsadosTodos.png  used on input line 133.
(pdftex.def)             Requested size: 178.8666pt x 115.17923pt.
<DominioDependenciaconvergente.png, id=530, 397.485pt x 255.95625pt>
File: DominioDependenciaconvergente.png Graphic file (type png)
<use DominioDependenciaconvergente.png>
Package pdftex.def Info: DominioDependenciaconvergente.png  used on input line 
143.
(pdftex.def)             Requested size: 178.8666pt x 115.17923pt.
LaTeX Info: Redefining \. on input line 147.
LaTeX Info: Redefining \% on input line 147.
 [25 <./UsadosPaso.png (PNG copy)> <./UsadosTodos.png (PNG copy)>]
<DominioDependencianoconvergente.png, id=539, 397.485pt x 255.95625pt>
File: DominioDependencianoconvergente.png Graphic file (type png)
<use DominioDependencianoconvergente.png>
Package pdftex.def Info: DominioDependencianoconvergente.png  used on input lin
e 152.
(pdftex.def)             Requested size: 178.8666pt x 115.17923pt.
LaTeX Info: Redefining \. on input line 162.
LaTeX Info: Redefining \% on input line 162.
 [26 <./DominioDependenciaconvergente.png (PNG copy)> <./DominioDependencianoco
nvergente.png (PNG copy)>]
LaTeX Info: Redefining \. on input line 208.
LaTeX Info: Redefining \% on input line 208.
 [27]
LaTeX Info: Redefining \. on input line 252.
LaTeX Info: Redefining \% on input line 252.
 [28]
LaTeX Info: Redefining \. on input line 296.
LaTeX Info: Redefining \% on input line 296.
 [29]
LaTeX Info: Redefining \. on input line 332.
LaTeX Info: Redefining \% on input line 332.
 [30]
LaTeX Info: Redefining \. on input line 361.
LaTeX Info: Redefining \% on input line 361.
 [31]
LaTeX Info: Redefining \. on input line 404.
LaTeX Info: Redefining \% on input line 404.
 [32]
LaTeX Info: Redefining \. on input line 431.
LaTeX Info: Redefining \% on input line 431.
 [33]
LaTeX Font Info:    Trying to load font information for U+euf on input line 457
.

(C:\Users\Ana Cuevas de Cózar\AppData\Local\Programs\MiKTeX\tex/latex/amsfonts
\ueuf.fd
File: ueuf.fd 2013/01/14 v3.01 Euler Fraktur
))
LaTeX Info: Redefining \. on input line 137.
LaTeX Info: Redefining \% on input line 137.
 [34]
\openout2 = `04SegundaParte.aux'.

 (04SegundaParte.tex
Cap\'{\i }tulo 5.

Package xcolor Warning: Incompatible color definition on input line 3.

[35




]

Package hyperref Warning: Token not allowed in a PDF string (Unicode):
(hyperref)                removing `math shift' on input line 25.


Package hyperref Warning: Token not allowed in a PDF string (Unicode):
(hyperref)                removing `\pi' on input line 25.


Package hyperref Warning: Token not allowed in a PDF string (Unicode):
(hyperref)                removing `math shift' on input line 25.


Package hyperref Warning: Token not allowed in a PDF string (Unicode):
(hyperref)                removing `math shift' on input line 25.


Package hyperref Warning: Token not allowed in a PDF string (Unicode):
(hyperref)                removing `math shift' on input line 25.

<2Seno1.png, id=647, 559.56421pt x 430.23895pt>
File: 2Seno1.png Graphic file (type png)
<use 2Seno1.png>
Package pdftex.def Info: 2Seno1.png  used on input line 32.
(pdftex.def)             Requested size: 177.97069pt x 136.8324pt.
<2Seno2.png, id=648, 597.60106pt x 448.83473pt>
File: 2Seno2.png Graphic file (type png)
<use 2Seno2.png>
Package pdftex.def Info: 2Seno2.png  used on input line 39.
(pdftex.def)             Requested size: 177.97069pt x 133.66525pt.
LaTeX Info: Redefining \. on input line 45.
LaTeX Info: Redefining \% on input line 45.
[36 <./2Seno1.png> <./2Seno2.png>]
<2Seno4.png, id=660, 462.528pt x 346.896pt>
File: 2Seno4.png Graphic file (type png)
<use 2Seno4.png>
Package pdftex.def Info: 2Seno4.png  used on input line 52.
(pdftex.def)             Requested size: 217.52242pt x 163.14171pt.
<SenoPuntos.png, id=661, 597.60106pt x 450.10263pt>
File: SenoPuntos.png Graphic file (type png)
<use SenoPuntos.png>
Package pdftex.def Info: SenoPuntos.png  used on input line 63.
(pdftex.def)             Requested size: 217.52242pt x 163.82936pt.
<2Seno3.png, id=662, 462.528pt x 346.896pt>
File: 2Seno3.png Graphic file (type png)
<use 2Seno3.png>
Package pdftex.def Info: 2Seno3.png  used on input line 77.
(pdftex.def)             Requested size: 197.74655pt x 148.31015pt.
LaTeX Info: Redefining \. on input line 86.
LaTeX Info: Redefining \% on input line 86.
 [37 <./2Seno4.png> <./SenoPuntos.png>]
LaTeX Info: Redefining \. on input line 97.
LaTeX Info: Redefining \% on input line 97.

[38 <./2Seno3.png>]

Package hyperref Warning: Token not allowed in a PDF string (Unicode):
(hyperref)                removing `math shift' on input line 99.


Package hyperref Warning: Token not allowed in a PDF string (Unicode):
(hyperref)                removing `\pi' on input line 99.


Package hyperref Warning: Token not allowed in a PDF string (Unicode):
(hyperref)                removing `math shift' on input line 99.


Package hyperref Warning: Token not allowed in a PDF string (Unicode):
(hyperref)                removing `math shift' on input line 99.


Package hyperref Warning: Token not allowed in a PDF string (Unicode):
(hyperref)                removing `math shift' on input line 99.

<Seno1.png, id=679, 462.528pt x 346.896pt>
File: Seno1.png Graphic file (type png)
<use Seno1.png>
Package pdftex.def Info: Seno1.png  used on input line 107.
(pdftex.def)             Requested size: 177.97069pt x 133.4786pt.
<Seno2.png, id=680, 462.528pt x 346.896pt>
File: Seno2.png Graphic file (type png)
<use Seno2.png>
Package pdftex.def Info: Seno2.png  used on input line 114.
(pdftex.def)             Requested size: 177.97069pt x 133.4786pt.
<Seno3.png, id=681, 462.528pt x 346.896pt>
File: Seno3.png Graphic file (type png)
<use Seno3.png>
Package pdftex.def Info: Seno3.png  used on input line 124.
(pdftex.def)             Requested size: 177.97069pt x 133.4786pt.
<Seno4.png, id=682, 462.528pt x 346.896pt>
File: Seno4.png Graphic file (type png)
<use Seno4.png>
Package pdftex.def Info: Seno4.png  used on input line 131.
(pdftex.def)             Requested size: 177.97069pt x 133.4786pt.
LaTeX Info: Redefining \. on input line 136.
LaTeX Info: Redefining \% on input line 136.
[39 <./Seno1.png> <./Seno2.png> <./Seno3.png> <./Seno4.png>]
<Seno5.png, id=693, 462.528pt x 346.896pt>
File: Seno5.png Graphic file (type png)
<use Seno5.png>
Package pdftex.def Info: Seno5.png  used on input line 142.
(pdftex.def)             Requested size: 177.97069pt x 133.4786pt.


Package hyperref Warning: Token not allowed in a PDF string (Unicode):
(hyperref)                removing `math shift' on input line 154.


Package hyperref Warning: Token not allowed in a PDF string (Unicode):
(hyperref)                removing `math shift' on input line 154.


Package hyperref Warning: Token not allowed in a PDF string (Unicode):
(hyperref)                removing `math shift' on input line 154.


Package hyperref Warning: Token not allowed in a PDF string (Unicode):
(hyperref)                removing `math shift' on input line 154.

<Pico1.png, id=694, 462.528pt x 346.896pt>
File: Pico1.png Graphic file (type png)
<use Pico1.png>
Package pdftex.def Info: Pico1.png  used on input line 173.
(pdftex.def)             Requested size: 177.97069pt x 133.4786pt.
<Pico2.png, id=695, 462.528pt x 346.896pt>
File: Pico2.png Graphic file (type png)
<use Pico2.png>
Package pdftex.def Info: Pico2.png  used on input line 180.
(pdftex.def)             Requested size: 177.97069pt x 133.4786pt.
<Pico3.png, id=696, 462.528pt x 346.896pt>
File: Pico3.png Graphic file (type png)
<use Pico3.png>
Package pdftex.def Info: Pico3.png  used on input line 190.
(pdftex.def)             Requested size: 177.97069pt x 133.4786pt.
<Pico4.png, id=697, 462.528pt x 346.896pt>
File: Pico4.png Graphic file (type png)
<use Pico4.png>
Package pdftex.def Info: Pico4.png  used on input line 197.
(pdftex.def)             Requested size: 177.97069pt x 133.4786pt.
LaTeX Info: Redefining \. on input line 202.
LaTeX Info: Redefining \% on input line 202.
[40 <./Seno5.png> <./Pico1.png> <./Pico2.png>]
<picom100.png, id=707, 462.528pt x 346.896pt>
File: picom100.png Graphic file (type png)
<use picom100.png>
Package pdftex.def Info: picom100.png  used on input line 209.
(pdftex.def)             Requested size: 139.21751pt x 104.41365pt.

Overfull \hbox (12.65683pt too wide) in paragraph at lines 209--210
 [][] 
 []

<picom300.png, id=708, 462.528pt x 346.896pt>
File: picom300.png Graphic file (type png)
<use picom300.png>
Package pdftex.def Info: picom300.png  used on input line 216.
(pdftex.def)             Requested size: 139.21751pt x 104.41365pt.

Overfull \hbox (12.65683pt too wide) in paragraph at lines 216--217
 [][] 
 []

<picom400.png, id=709, 462.528pt x 346.896pt>
File: picom400.png Graphic file (type png)
<use picom400.png>
Package pdftex.def Info: picom400.png  used on input line 223.
(pdftex.def)             Requested size: 139.21751pt x 104.41365pt.

Overfull \hbox (12.65683pt too wide) in paragraph at lines 223--224
 [][] 
 []

LaTeX Info: Redefining \. on input line 230.
LaTeX Info: Redefining \% on input line 230.
[41 <./Pico3.png> <./Pico4.png> <./picom100.png> <./picom300.png> <./picom400.p
ng>]
<Pico5.png, id=722, 462.528pt x 346.896pt>
File: Pico5.png Graphic file (type png)
<use Pico5.png>
Package pdftex.def Info: Pico5.png  used on input line 236.
(pdftex.def)             Requested size: 177.97069pt x 133.4786pt.
<Pico6.png, id=723, 462.528pt x 346.896pt>
File: Pico6.png Graphic file (type png)
<use Pico6.png>
Package pdftex.def Info: Pico6.png  used on input line 243.
(pdftex.def)             Requested size: 177.97069pt x 133.4786pt.


Package hyperref Warning: Token not allowed in a PDF string (Unicode):
(hyperref)                removing `math shift' on input line 251.


Package hyperref Warning: Token not allowed in a PDF string (Unicode):
(hyperref)                removing `math shift' on input line 251.


Package hyperref Warning: Token not allowed in a PDF string (Unicode):
(hyperref)                removing `math shift' on input line 251.


Package hyperref Warning: Token not allowed in a PDF string (Unicode):
(hyperref)                removing `math shift' on input line 251.

<Planog.png, id=724, 462.528pt x 346.896pt>
File: Planog.png Graphic file (type png)
<use Planog.png>
Package pdftex.def Info: Planog.png  used on input line 256.
(pdftex.def)             Requested size: 177.97069pt x 133.4786pt.
<Plano0.png, id=725, 462.528pt x 346.896pt>
File: Plano0.png Graphic file (type png)
<use Plano0.png>
Package pdftex.def Info: Plano0.png  used on input line 277.
(pdftex.def)             Requested size: 177.97069pt x 133.4786pt.
<Plano1.png, id=726, 462.528pt x 346.896pt>
File: Plano1.png Graphic file (type png)
<use Plano1.png>
Package pdftex.def Info: Plano1.png  used on input line 291.
(pdftex.def)             Requested size: 139.21751pt x 104.41365pt.

Overfull \hbox (12.65683pt too wide) in paragraph at lines 291--293
 [][] 
 []

<Plano2.png, id=727, 462.528pt x 346.896pt>
File: Plano2.png Graphic file (type png)
<use Plano2.png>
Package pdftex.def Info: Plano2.png  used on input line 297.
(pdftex.def)             Requested size: 139.21751pt x 104.41365pt.

Overfull \hbox (12.65683pt too wide) in paragraph at lines 297--299
 [][] 
 []

<Plano3.png, id=728, 462.528pt x 346.896pt>
File: Plano3.png Graphic file (type png)
<use Plano3.png>
Package pdftex.def Info: Plano3.png  used on input line 303.
(pdftex.def)             Requested size: 139.21751pt x 104.41365pt.

Overfull \hbox (12.65683pt too wide) in paragraph at lines 303--305
 [][] 
 []

LaTeX Info: Redefining \. on input line 308.
LaTeX Info: Redefining \% on input line 308.
[42 <./Pico5.png> <./Pico6.png> <./Planog.png> <./Plano0.png>]
<Plano4.png, id=740, 462.528pt x 346.896pt>
File: Plano4.png Graphic file (type png)
<use Plano4.png>
Package pdftex.def Info: Plano4.png  used on input line 315.
(pdftex.def)             Requested size: 139.21751pt x 104.41365pt.

Overfull \hbox (12.65683pt too wide) in paragraph at lines 315--317
 [][] 
 []

<Plano5.png, id=741, 462.528pt x 346.896pt>
File: Plano5.png Graphic file (type png)
<use Plano5.png>
Package pdftex.def Info: Plano5.png  used on input line 321.
(pdftex.def)             Requested size: 139.21751pt x 104.41365pt.

Overfull \hbox (12.65683pt too wide) in paragraph at lines 321--323
 [][] 
 []

<Plano6.png, id=742, 462.528pt x 346.896pt>
File: Plano6.png Graphic file (type png)
<use Plano6.png>
Package pdftex.def Info: Plano6.png  used on input line 327.
(pdftex.def)             Requested size: 139.21751pt x 104.41365pt.

Overfull \hbox (12.65683pt too wide) in paragraph at lines 327--329
 [][] 
 []

<Planoonda.png, id=743, 462.528pt x 346.896pt>
File: Planoonda.png Graphic file (type png)
<use Planoonda.png>
Package pdftex.def Info: Planoonda.png  used on input line 335.
(pdftex.def)             Requested size: 177.97069pt x 133.4786pt.
LaTeX Info: Redefining \. on input line 348.
LaTeX Info: Redefining \% on input line 348.
[43 <./Plano1.png> <./Plano2.png> <./Plano3.png> <./Plano4.png> <./Plano5.png> 
<./Plano6.png> <./Planoonda.png>]
<Senotrav1.png, id=760, 462.528pt x 346.896pt>
File: Senotrav1.png Graphic file (type png)
<use Senotrav1.png>
Package pdftex.def Info: Senotrav1.png  used on input line 358.
(pdftex.def)             Requested size: 177.97069pt x 133.4786pt.
<Senotrav2.png, id=761, 462.528pt x 346.896pt>
File: Senotrav2.png Graphic file (type png)
<use Senotrav2.png>
Package pdftex.def Info: Senotrav2.png  used on input line 365.
(pdftex.def)             Requested size: 177.97069pt x 133.4786pt.
<Senotrav3.png, id=762, 462.528pt x 346.896pt>
File: Senotrav3.png Graphic file (type png)
<use Senotrav3.png>
Package pdftex.def Info: Senotrav3.png  used on input line 374.
(pdftex.def)             Requested size: 177.97069pt x 133.4786pt.
LaTeX Info: Redefining \. on input line 382.
LaTeX Info: Redefining \% on input line 382.
 [44 <./Senotrav1.png> <./Senotrav2.png> <./Senotrav3.png>]
<Senoexacto1.png, id=773, 462.528pt x 346.896pt>
File: Senoexacto1.png Graphic file (type png)
<use Senoexacto1.png>
Package pdftex.def Info: Senoexacto1.png  used on input line 389.
(pdftex.def)             Requested size: 177.97069pt x 133.4786pt.
<Senoexacto2.png, id=774, 462.528pt x 346.896pt>
File: Senoexacto2.png Graphic file (type png)
<use Senoexacto2.png>
Package pdftex.def Info: Senoexacto2.png  used on input line 396.
(pdftex.def)             Requested size: 177.97069pt x 133.4786pt.
<Senotrav4.png, id=776, 462.528pt x 346.896pt>
File: Senotrav4.png Graphic file (type png)
<use Senotrav4.png>
Package pdftex.def Info: Senotrav4.png  used on input line 411.
(pdftex.def)             Requested size: 177.97069pt x 133.4786pt.
<Senotrav6.png, id=779, 462.528pt x 346.896pt>
File: Senotrav6.png Graphic file (type png)
<use Senotrav6.png>
Package pdftex.def Info: Senotrav6.png  used on input line 418.
(pdftex.def)             Requested size: 177.97069pt x 133.4786pt.
LaTeX Info: Redefining \. on input line 424.
LaTeX Info: Redefining \% on input line 424.
 [45 <./Senoexacto1.png> <./Senoexacto2.png> <./Senotrav4.png> <./Senotrav6.png
>]

Package hyperref Warning: Token not allowed in a PDF string (Unicode):
(hyperref)                removing `math shift' on input line 425.


Package hyperref Warning: Token not allowed in a PDF string (Unicode):
(hyperref)                removing `\mu' on input line 425.


Package hyperref Warning: Token not allowed in a PDF string (Unicode):
(hyperref)                removing `math shift' on input line 425.


Package hyperref Warning: Token not allowed in a PDF string (Unicode):
(hyperref)                removing `math shift' on input line 428.


Package hyperref Warning: Token not allowed in a PDF string (Unicode):
(hyperref)                removing `\mu' on input line 428.


Package hyperref Warning: Token not allowed in a PDF string (Unicode):
(hyperref)                removing `\ll' on input line 428.


Package hyperref Warning: Token not allowed in a PDF string (Unicode):
(hyperref)                removing `math shift' on input line 428.

<Piconormal.png, id=791, 462.528pt x 346.896pt>
File: Piconormal.png Graphic file (type png)
<use Piconormal.png>
Package pdftex.def Info: Piconormal.png  used on input line 448.
(pdftex.def)             Requested size: 177.97069pt x 133.4786pt.
<Picomu0.1.png, id=792, 462.528pt x 346.896pt>
File: Picomu0.1.png Graphic file (type png)
<use Picomu0.1.png>
Package pdftex.def Info: Picomu0.1.png  used on input line 455.
(pdftex.def)             Requested size: 177.97069pt x 133.4786pt.
<Picoondamu1.png, id=793, 462.528pt x 346.896pt>
File: Picoondamu1.png Graphic file (type png)
<use Picoondamu1.png>
Package pdftex.def Info: Picoondamu1.png  used on input line 468.
(pdftex.def)             Requested size: 177.97069pt x 133.4786pt.
<Picoondamu0.1.png, id=794, 462.528pt x 346.896pt>
File: Picoondamu0.1.png Graphic file (type png)
<use Picoondamu0.1.png>
Package pdftex.def Info: Picoondamu0.1.png  used on input line 475.
(pdftex.def)             Requested size: 177.97069pt x 133.4786pt.

Package hyperref Warning: Token not allowed in a PDF string (Unicode):
(hyperref)                removing `math shift' on input line 483.


Package hyperref Warning: Token not allowed in a PDF string (Unicode):
(hyperref)                removing `\mu' on input line 483.


Package hyperref Warning: Token not allowed in a PDF string (Unicode):
(hyperref)                removing `math shift' on input line 483.

LaTeX Info: Redefining \. on input line 485.
LaTeX Info: Redefining \% on input line 485.
[46 <./Piconormal.png> <./Picomu0.1.png>]
<Pico38.png, id=802, 462.528pt x 346.896pt>
File: Pico38.png Graphic file (type png)
<use Pico38.png>
Package pdftex.def Info: Pico38.png  used on input line 490.
(pdftex.def)             Requested size: 177.97069pt x 133.4786pt.
<Pico58.png, id=803, 462.528pt x 346.896pt>
File: Pico58.png Graphic file (type png)
<use Pico58.png>
Package pdftex.def Info: Pico58.png  used on input line 497.
(pdftex.def)             Requested size: 177.97069pt x 133.4786pt.
File: Picoondamu1.png Graphic file (type png)
<use Picoondamu1.png>
Package pdftex.def Info: Picoondamu1.png  used on input line 508.
(pdftex.def)             Requested size: 177.97069pt x 133.4786pt.
<Picoondamu1.1.png, id=804, 462.528pt x 346.896pt>
File: Picoondamu1.1.png Graphic file (type png)
<use Picoondamu1.1.png>
Package pdftex.def Info: Picoondamu1.1.png  used on input line 514.
(pdftex.def)             Requested size: 177.97069pt x 133.4786pt.
LaTeX Info: Redefining \. on input line 524.
LaTeX Info: Redefining \% on input line 524.
 [47 <./Picoondamu1.png> <./Picoondamu0.1.png> <./Pico38.png> <./Pico58.png>])
LaTeX Info: Redefining \. on input line 139.
LaTeX Info: Redefining \% on input line 139.
 [48 <./Picoondamu1.1.png>]
\openout2 = `05conclusiones.aux'.


(05conclusiones.tex
Cap\'{\i }tulo 6.

Package xcolor Warning: Incompatible color definition on input line 4.

[49




])
LaTeX Info: Redefining \. on input line 143.
LaTeX Info: Redefining \% on input line 143.
 [50]
\openout2 = `06conclusiones2.aux'.

 (06conclusiones2.tex
Ap\'{e}ndice A.

Package xcolor Warning: Incompatible color definition on input line 3.

LaTeX Font Info:    Trying to load font information for OML+ptm on input line 2
9.

(C:\Users\Ana Cuevas de Cózar\AppData\Local\Programs\MiKTeX\tex/latex/psnfss\o
mlptm.fd
File: omlptm.fd 
)
LaTeX Font Info:    Font shape `OML/ptm/m/n' in size <8> not available
(Font)              Font shape `OML/cmm/m/it' tried instead on input line 29.
 [51





]
Underfull \vbox (badness 10000) has occurred while \output is active []

LaTeX Info: Redefining \. on input line 89.
LaTeX Info: Redefining \% on input line 89.
 [52]
LaTeX Font Info:    Trying to load font information for OMS+ptm on input line 1
34.

(C:\Users\Ana Cuevas de Cózar\AppData\Local\Programs\MiKTeX\tex/latex/psnfss\o
msptm.fd
File: omsptm.fd 
)
LaTeX Font Info:    Font shape `OMS/ptm/m/n' in size <8> not available
(Font)              Font shape `OMS/cmsy/m/n' tried instead on input line 134.

Underfull \vbox (badness 10000) has occurred while \output is active []

LaTeX Info: Redefining \. on input line 145.
LaTeX Info: Redefining \% on input line 145.
 [53]
Underfull \vbox (badness 10000) has occurred while \output is active []

LaTeX Info: Redefining \. on input line 202.
LaTeX Info: Redefining \% on input line 202.
 [54]
Package hyperref Info: bookmark level for unknown lstlisting defaults to 0 on i
nput line 247.
LaTeX Info: Redefining \. on input line 261.
LaTeX Info: Redefining \% on input line 261.

[55]
LaTeX Info: Redefining \. on input line 318.
LaTeX Info: Redefining \% on input line 318.
 [56]
Underfull \vbox (badness 10000) has occurred while \output is active []

LaTeX Info: Redefining \. on input line 375.
LaTeX Info: Redefining \% on input line 375.
 [57])
LaTeX Info: Redefining \. on input line 162.
LaTeX Info: Redefining \% on input line 162.

[58] (TFGPrincipal.bbl (TFGPrincipal.brf)
\tf@brf=\write8
\openout8 = `TFGPrincipal.brf'.

 [59


\FN@pp@footnotehinttrue 


]
LaTeX Info: Redefining \. on input line 138.
LaTeX Info: Redefining \% on input line 138.
 [60])
LaTeX Info: Redefining \. on input line 182.
LaTeX Info: Redefining \% on input line 182.
 [61] (TFGPrincipal.aux
LaTeX Info: Redefining \. on input line 33.
LaTeX Info: Redefining \% on input line 33.
 (dedicatoria.aux) (resumen.aux)
(agradecimientos.aux) (00introduccion.aux) (01planteamiento.aux) (02Previos.aux
) (03PrimeraParte.aux) (04SegundaParte.aux) (05conclusiones.aux)
(06conclusiones2.aux))
Package rerunfilecheck Info: File `TFGPrincipal.out' has not changed.
(rerunfilecheck)             Checksum: FDF7B907205E95CE5DB54FAD7D0262B7;7389.
Package rerunfilecheck Info: File `TFGPrincipal.brf' has not changed.
(rerunfilecheck)             Checksum: 35A15B982A9C36581642CBA5CDD9DFC5;1502.
 ) 
Here is how much of TeX's memory you used:
 30281 strings out of 478927
 539378 string characters out of 2845389
 941912 words of memory out of 3000000
 46788 multiletter control sequences out of 15000+600000
 450457 words of font info for 126 fonts, out of 8000000 for 9000
 1141 hyphenation exceptions out of 8191
 125i,20n,122p,1028b,2008s stack positions out of 5000i,500n,10000p,200000b,80000s
{C:/Users/Ana Cuevas de Cózar/AppData/Local/Programs/MiKTeX/fonts/enc/dvips/
base/8r.enc}<C:/Users/Ana Cuevas de Cózar/AppData/Local/Programs/MiKTeX/fonts/
type1/public/amsfonts/cm/cmex10.pfb><C:/Users/Ana Cuevas de Cózar/AppData/Loca
l/Programs/MiKTeX/fonts/type1/public/amsfonts/cm/cmmi10.pfb><C:/Users/Ana Cueva
s de Cózar/AppData/Local/Programs/MiKTeX/fonts/type1/public/amsfonts/cm/cmmi12
.pfb><C:/Users/Ana Cuevas de Cózar/AppData/Local/Programs/MiKTeX/fonts/type1/p
ublic/amsfonts/cm/cmmi6.pfb><C:/Users/Ana Cuevas de Cózar/AppData/Local/Progra
ms/MiKTeX/fonts/type1/public/amsfonts/cm/cmmi7.pfb><C:/Users/Ana Cuevas de Cóz
ar/AppData/Local/Programs/MiKTeX/fonts/type1/public/amsfonts/cm/cmmi8.pfb><C:/U
sers/Ana Cuevas de Cózar/AppData/Local/Programs/MiKTeX/fonts/type1/public/amsf
onts/cm/cmr10.pfb><C:/Users/Ana Cuevas de Cózar/AppData/Local/Programs/MiKTeX/
fonts/type1/public/amsfonts/cm/cmr12.pfb><C:/Users/Ana Cuevas de Cózar/AppData
/Local/Programs/MiKTeX/fonts/type1/public/amsfonts/cm/cmr6.pfb><C:/Users/Ana Cu
evas de Cózar/AppData/Local/Programs/MiKTeX/fonts/type1/public/amsfonts/cm/cmr
7.pfb><C:/Users/Ana Cuevas de Cózar/AppData/Local/Programs/MiKTeX/fonts/type1/
public/amsfonts/cm/cmr8.pfb><C:/Users/Ana Cuevas de Cózar/AppData/Local/Progra
ms/MiKTeX/fonts/type1/public/amsfonts/cm/cmsy10.pfb><C:/Users/Ana Cuevas de Có
zar/AppData/Local/Programs/MiKTeX/fonts/type1/public/amsfonts/cm/cmsy6.pfb><C:/
Users/Ana Cuevas de Cózar/AppData/Local/Programs/MiKTeX/fonts/type1/public/ams
fonts/cm/cmsy8.pfb><C:/Users/Ana Cuevas de Cózar/AppData/Local/Programs/MiKTeX
/fonts/type1/public/amsfonts/euler/eufm10.pfb><C:/Users/Ana Cuevas de Cózar/Ap
pData/Local/Programs/MiKTeX/fonts/type1/public/amsfonts/symbols/msbm10.pfb><C:/
Users/Ana Cuevas de Cózar/AppData/Local/Programs/MiKTeX/fonts/type1/urw/times/
utmb8a.pfb><C:/Users/Ana Cuevas de Cózar/AppData/Local/Programs/MiKTeX/fonts/t
ype1/urw/times/utmr8a.pfb><C:/Users/Ana Cuevas de Cózar/AppData/Local/Programs
/MiKTeX/fonts/type1/urw/times/utmri8a.pfb>
Output written on TFGPrincipal.pdf (73 pages, 2377738 bytes).
PDF statistics:
 1499 PDF objects out of 1728 (max. 8388607)
 598 named destinations out of 1000 (max. 500000)
 556 words of extra memory for PDF output out of 10000 (max. 10000000)

