\BOOKMARK [0][]{chapter.1}{\376\377\0001\000\040\000I\000n\000t\000r\000o\000d\000u\000c\000c\000i\000\363\000n}{}% 1
\BOOKMARK [0][]{chapter.2}{\376\377\0002\000\040\000C\000o\000n\000c\000e\000p\000t\000o\000s\000\040\000p\000r\000e\000v\000i\000o\000s}{}% 2
\BOOKMARK [1][]{section.2.1}{\376\377\0002\000.\0001\000\040\000E\000s\000p\000a\000c\000i\000o\000s\000\040\000d\000e\000\040\000L\000e\000b\000e\000s\000g\000u\000e}{chapter.2}% 3
\BOOKMARK [1][]{section.2.2}{\376\377\0002\000.\0002\000\040\000P\000r\000o\000d\000u\000c\000t\000o\000\040\000i\000n\000t\000e\000r\000i\000o\000r\000\040\000y\000\040\000s\000u\000m\000a\000\040\000p\000o\000r\000\040\000p\000a\000r\000t\000e\000s\000\040\000e\000n\000\040\000L\0002}{chapter.2}% 4
\BOOKMARK [1][]{section.2.3}{\376\377\0002\000.\0003\000\040\000D\000o\000m\000i\000n\000i\000o\000\040\000d\000e\000\040\000D\000e\000p\000e\000n\000d\000e\000n\000c\000i\000a}{chapter.2}% 5
\BOOKMARK [0][]{chapter.3}{\376\377\0003\000\040\000D\000e\000f\000i\000n\000i\000c\000i\000\363\000n\000\040\000d\000e\000\040\000l\000a\000\040\000e\000c\000u\000a\000c\000i\000\363\000n\000\040\000d\000e\000\040\000o\000n\000d\000a}{}% 6
\BOOKMARK [1][]{section.3.1}{\376\377\0003\000.\0001\000\040\000E\000c\000u\000a\000c\000i\000\363\000n\000\040\000d\000e\000\040\000o\000n\000d\000a\000\040\000d\000e\000\040\000s\000e\000g\000u\000n\000d\000o\000\040\000o\000r\000d\000e\000n}{chapter.3}% 7
\BOOKMARK [1][]{section.3.2}{\376\377\0003\000.\0002\000\040\000E\000c\000u\000a\000c\000i\000o\000n\000e\000s\000\040\000d\000e\000\040\000t\000r\000a\000n\000s\000p\000o\000r\000t\000e}{chapter.3}% 8
\BOOKMARK [1][]{section.3.3}{\376\377\0003\000.\0003\000\040\000L\000a\000\040\000e\000n\000e\000r\000g\000\355\000a\000\040\000e\000n\000\040\000l\000a\000\040\000e\000c\000u\000a\000c\000i\000\363\000n\000\040\000d\000e\000\040\000o\000n\000d\000a\000s}{chapter.3}% 9
\BOOKMARK [0][]{chapter.4}{\376\377\0004\000\040\000T\000i\000p\000o\000s\000\040\000d\000e\000\040\000s\000o\000l\000u\000c\000i\000o\000n\000e\000s}{}% 10
\BOOKMARK [1][]{section.4.1}{\376\377\0004\000.\0001\000\040\000M\000\351\000t\000o\000d\000o\000s\000\040\000p\000r\000i\000n\000c\000i\000p\000a\000l\000e\000s\000\040\000d\000e\000\040\000r\000e\000s\000o\000l\000u\000c\000i\000\363\000n}{chapter.4}% 11
\BOOKMARK [1][]{section.4.2}{\376\377\0004\000.\0002\000\040\000M\000\351\000t\000o\000d\000o\000\040\000d\000e\000\040\000d\000i\000f\000e\000r\000e\000n\000c\000i\000a\000s\000\040\000f\000i\000n\000i\000t\000a\000s}{chapter.4}% 12
\BOOKMARK [1][]{section.4.3}{\376\377\0004\000.\0003\000\040\000C\000o\000n\000s\000i\000s\000t\000e\000n\000c\000i\000a}{chapter.4}% 13
\BOOKMARK [1][]{section.4.4}{\376\377\0004\000.\0004\000\040\000A\000n\000\341\000l\000i\000s\000i\000s\000\040\000d\000e\000\040\000V\000o\000n\000\040\000N\000e\000u\000m\000a\000n\000n}{chapter.4}% 14
\BOOKMARK [1][]{section.4.5}{\376\377\0004\000.\0005\000\040\000E\000s\000q\000u\000e\000m\000a\000\040\000c\000o\000m\000o\000\040\000d\000o\000s\000\040\000e\000c\000u\000a\000c\000i\000o\000n\000e\000s\000\040\000d\000e\000\040\000t\000r\000a\000n\000s\000p\000o\000r\000t\000e}{chapter.4}% 15
\BOOKMARK [1][]{section.4.6}{\376\377\0004\000.\0006\000\040\000L\000e\000y\000\040\000d\000e\000\040\000e\000n\000e\000r\000g\000\355\000a\000\040\000d\000i\000s\000c\000r\000e\000t\000a}{chapter.4}% 16
\BOOKMARK [0][]{chapter.5}{\376\377\0005\000\040\000C\000o\000m\000p\000a\000r\000a\000t\000i\000v\000a\000\040\000e\000n\000\040\000p\000y\000t\000h\000o\000n}{}% 17
\BOOKMARK [1][]{section.5.1}{\376\377\0005\000.\0001\000\040\000C\000o\000m\000p\000a\000r\000a\000r\000\040\000c\000a\000m\000b\000i\000a\000n\000d\000o\000\040}{chapter.5}% 18
\BOOKMARK [1][]{section.5.2}{\376\377\0005\000.\0002\000\040\000C\000o\000m\000p\000a\000r\000a\000r\000\040\000c\000a\000m\000b\000i\000a\000n\000d\000o\000\040\000l\000a\000\040\000e\000n\000e\000r\000g\000\355\000a}{chapter.5}% 19
\BOOKMARK [0][]{chapter.6}{\376\377\0006\000\040\000C\000o\000n\000c\000l\000u\000s\000i\000o\000n\000e\000s}{}% 20
\BOOKMARK [0][]{appendix.A}{\376\377\000A\000\040\000A\000n\000e\000x\000o}{}% 21
\BOOKMARK [1][]{section.A.1}{\376\377\000A\000.\0001\000\040\000R\000e\000s\000o\000l\000u\000c\000i\000\363\000n\000\040\000n\000u\000m\000\351\000r\000i\000c\000a}{appendix.A}% 22
\BOOKMARK [1][]{section.A.2}{\376\377\000A\000.\0002\000\040\000W\000a\000v\000e}{appendix.A}% 23
\BOOKMARK [1][]{section.A.3}{\376\377\000A\000.\0003\000\040\000I\000m\000a\000g\000e\000n\000e\000s}{appendix.A}% 24
\BOOKMARK [0][]{appendix*.2}{\376\377\000B\000i\000b\000l\000i\000o\000g\000r\000a\000f\000\355\000a}{}% 25
