\BOOKMARK [0][]{chapter.1}{\376\377\0001\000\040\000I\000n\000t\000r\000o\000d\000u\000c\000t\000i\000o\000n}{}% 1
\BOOKMARK [0][]{chapter.2}{\376\377\0002\000\040\000S\000U\000P\000P\000O\000R\000T\000\040\000V\000E\000C\000T\000O\000R\000\040\000M\000A\000C\000H\000I\000N\000E}{}% 2
\BOOKMARK [1][]{section.2.1}{\376\377\0002\000.\0001\000\040\000C\000A\000S\000O\000\040\000L\000I\000N\000E\000A\000L\000M\000E\000N\000T\000E\000\040\000S\000E\000P\000A\000R\000A\000B\000L\000E}{chapter.2}% 3
\BOOKMARK [1][]{section.2.2}{\376\377\0002\000.\0002\000\040\000C\000A\000S\000O\000\040\000C\000U\000A\000S\000I\000-\000S\000E\000P\000A\000R\000A\000B\000L\000E}{chapter.2}% 4
\BOOKMARK [1][]{section.2.3}{\376\377\0002\000.\0003\000\040\000C\000A\000S\000O\000\040\000L\000I\000N\000E\000A\000L\000M\000E\000N\000T\000E\000\040\000N\000O\000\040\000S\000E\000P\000A\000R\000A\000B\000L\000E}{chapter.2}% 5
\BOOKMARK [0][]{chapter.3}{\376\377\0003\000\040\000S\000V\000M\000\040\000M\000U\000L\000T\000I\000C\000L\000A\000S\000E}{}% 6
\BOOKMARK [1][]{section.3.1}{\376\377\0003\000.\0001\000\040\000M\000\311\000T\000O\000D\000O\000\040\000I\000N\000D\000I\000R\000E\000C\000T\000O}{chapter.3}% 7
\BOOKMARK [2][]{subsection.3.1.1}{\376\377\0003\000.\0001\000.\0001\000\040\000O\000n\000e\000\040\000v\000s\000\040\000O\000n\000e\000\040\000\050\000O\000V\000O\000\051}{section.3.1}% 8
\BOOKMARK [2][]{subsection.3.1.2}{\376\377\0003\000.\0001\000.\0002\000\040\000O\000n\000e\000\040\000v\000s\000\040\000A\000l\000l\000\040\000\050\000O\000V\000A\000\051}{section.3.1}% 9
\BOOKMARK [2][]{subsection.3.1.3}{\376\377\0003\000.\0001\000.\0003\000\040\000D\000i\000r\000e\000c\000t\000e\000d\000\040\000A\000c\000y\000c\000l\000i\000c\000\040\000G\000r\000a\000p\000h\000\040\000S\000V\000M\000\040\000\050\000D\000A\000G\000S\000V\000M\000\051}{section.3.1}% 10
\BOOKMARK [1][]{section.3.2}{\376\377\0003\000.\0002\000\040\000M\000\311\000T\000O\000D\000O\000\040\000D\000I\000R\000E\000C\000T\000O}{chapter.3}% 11
\BOOKMARK [2][]{subsection.3.2.1}{\376\377\0003\000.\0002\000.\0001\000\040\000M\000o\000d\000e\000l\000o\000\040\000W\000e\000s\000t\000o\000n\000-\000W\000a\000t\000k\000i\000n\000s}{section.3.2}% 12
\BOOKMARK [2][]{subsection.3.2.2}{\376\377\0003\000.\0002\000.\0002\000\040\000M\000o\000d\000e\000l\000o\000\040\000C\000r\000a\000m\000m\000e\000r\000-\000S\000i\000n\000g\000e\000r}{section.3.2}% 13
\BOOKMARK [0][]{chapter.4}{\376\377\0004\000\040\000E\000X\000P\000E\000R\000I\000M\000E\000N\000T\000O\000S\000\040\000C\000O\000M\000P\000U\000T\000A\000C\000I\000O\000N\000A\000L\000E\000S}{}% 14
\BOOKMARK [1][]{section.4.1}{\376\377\0004\000.\0001\000\040\000C\000O\000N\000J\000U\000N\000T\000O\000S\000\040\000D\000E\000\040\000E\000N\000T\000R\000E\000N\000A\000M\000I\000E\000N\000T\000O}{chapter.4}% 15
\BOOKMARK [1][]{section.4.2}{\376\377\0004\000.\0002\000\040\000R\000E\000S\000U\000L\000T\000A\000D\000O\000S\000\040\000P\000R\000E\000V\000I\000O\000S}{chapter.4}% 16
\BOOKMARK [0][]{chapter.5}{\376\377\0005\000\040\000P\000O\000R\000\040\000A\000H\000O\000R\000A\000\040\000N\000A\000D\000A}{}% 17
\BOOKMARK [1][]{section.5.1}{\376\377\0005\000.\0001\000\040\000L\000o\000\040\000s\000i\000g\000u\000i\000e\000n\000t\000e}{chapter.5}% 18
\BOOKMARK [1][]{section.5.2}{\376\377\0005\000.\0002\000\040\000O\000t\000r\000a\000\040\000c\000o\000s\000a\000\040\000m\000\341\000s}{chapter.5}% 19
\BOOKMARK [2][]{subsection.5.2.1}{\376\377\0005\000.\0002\000.\0001\000\040\000U\000n\000a\000\040\000s\000u\000b\000c\000o\000s\000a}{section.5.2}% 20
\BOOKMARK [0][]{chapter.6}{\376\377\0006\000\040\000C\000o\000n\000c\000l\000u\000s\000i\000o\000n\000e\000s}{}% 21
\BOOKMARK [0][]{chapter*.21}{\376\377\000B\000i\000b\000l\000i\000o\000g\000r\000a\000f\000\355\000a}{}% 22
