\BOOKMARK [0][]{chapter.1}{\376\377\0001\000\040\000I\000n\000t\000r\000o\000d\000u\000c\000c\000i\000\363\000n}{}% 1
\BOOKMARK [0][]{chapter.2}{\376\377\0002\000\040\000H\000i\000s\000t\000o\000r\000i\000a\000\040\000y\000\040\000p\000l\000a\000n\000t\000e\000a\000m\000i\000e\000n\000t\000o\000\040\000d\000e\000\040\000l\000a\000\040\000e\000c\000u\000a\000c\000i\000\363\000n}{}% 2
\BOOKMARK [0][]{chapter.3}{\376\377\0003\000\040\000S\000o\000l\000u\000c\000i\000\363\000n\000\040\000e\000x\000a\000c\000t\000a}{}% 3
\BOOKMARK [1][]{section.3.1}{\376\377\0003\000.\0001\000\040\000M\000a\000r\000c\000o\000\040\000t\000e\000\363\000r\000i\000c\000o}{chapter.3}% 4
\BOOKMARK [2][]{subsection.3.1.1}{\376\377\0003\000.\0001\000.\0001\000\040\000O\000n\000d\000a\000s\000\040\000v\000i\000a\000j\000e\000r\000a\000s}{section.3.1}% 5
\BOOKMARK [2][]{subsection.3.1.2}{\376\377\0003\000.\0001\000.\0002\000\040\000O\000n\000d\000a\000\040\000s\000o\000l\000i\000t\000a\000r\000i\000a}{section.3.1}% 6
\BOOKMARK [2][]{subsection.3.1.3}{\376\377\0003\000.\0001\000.\0003\000\040\000S\000o\000l\000i\000t\000\363\000n}{section.3.1}% 7
\BOOKMARK [1][]{section.3.2}{\376\377\0003\000.\0002\000\040\000C\000\341\000l\000c\000u\000l\000o\000\040\000d\000e\000\040\000s\000o\000l\000u\000c\000i\000o\000n\000e\000s\000\040\000t\000i\000p\000o\000\040\000o\000n\000d\000a\000\040\000s\000o\000l\000i\000t\000a\000r\000i\000a}{chapter.3}% 8
\BOOKMARK [2][]{subsection.3.2.1}{\376\377\0003\000.\0002\000.\0001\000\040\000E\000c\000u\000a\000c\000i\000\363\000n\000\040\000B\000B\000M\000B\000\040\000p\000a\000r\000a\000\040\000=\0000}{section.3.2}% 9
\BOOKMARK [3][]{subsubsection.3.2.1.1}{\376\377\0003\000.\0002\000.\0001\000.\0001\000\040\000R\000e\000s\000o\000l\000u\000c\000i\000\363\000n\000\040\000d\000e\000\040\000l\000a\000s\000\040\000i\000n\000t\000e\000g\000r\000a\000l\000e\000s}{subsection.3.2.1}% 10
\BOOKMARK [2][]{subsection.3.2.2}{\376\377\0003\000.\0002\000.\0002\000\040\000E\000s\000t\000u\000d\000i\000o\000\040\000d\000e\000l\000\040\000c\000o\000m\000p\000o\000r\000t\000a\000m\000i\000e\000n\000t\000o\000\040\000d\000e\000l\000\040\000s\000o\000l\000i\000t\000\363\000n}{section.3.2}% 11
\BOOKMARK [3][]{subsubsection.3.2.2.1}{\376\377\0003\000.\0002\000.\0002\000.\0001\000\040\000C\000a\000s\000o\000\040\0001\000:\000\040\000c\000>}{subsection.3.2.2}% 12
\BOOKMARK [3][]{subsubsection.3.2.2.2}{\376\377\0003\000.\0002\000.\0002\000.\0002\000\040\000C\000a\000s\000o\000\040\0002\000:\000c\000<\000\040\000y\000\040\000c\000<\0000}{subsection.3.2.2}% 13
\BOOKMARK [3][]{subsubsection.3.2.2.3}{\376\377\0003\000.\0002\000.\0002\000.\0003\000\040\000C\000a\000s\000o\000\040\0003\000:\000\040\000c\000=}{subsection.3.2.2}% 14
\BOOKMARK [0][]{chapter.4}{\376\377\0004\000\040\000S\000o\000l\000u\000c\000i\000\363\000n\000\040\000n\000u\000m\000\351\000r\000i\000c\000a}{}% 15
\BOOKMARK [1][]{section.4.1}{\376\377\0004\000.\0001\000\040\000M\000a\000r\000c\000o\000\040\000t\000e\000\363\000r\000i\000c\000o}{chapter.4}% 16
\BOOKMARK [2][]{subsection.4.1.1}{\376\377\0004\000.\0001\000.\0001\000\040\000B\000-\000s\000p\000l\000i\000n\000e}{section.4.1}% 17
\BOOKMARK [2][]{subsection.4.1.2}{\376\377\0004\000.\0001\000.\0002\000\040\000M\000\351\000t\000o\000d\000o\000\040\000d\000e\000\040\000G\000a\000l\000e\000r\000k\000i\000n}{section.4.1}% 18
\BOOKMARK [3][]{subsubsection.4.1.2.1}{\376\377\0004\000.\0001\000.\0002\000.\0001\000\040\000E\000s\000p\000a\000c\000i\000o\000s\000\040\000L\000p}{subsection.4.1.2}% 19
\BOOKMARK [3][]{subsubsection.4.1.2.2}{\376\377\0004\000.\0001\000.\0002\000.\0002\000\040\000E\000s\000p\000a\000c\000i\000o\000s\000\040\000d\000e\000\040\000H\000i\000l\000b\000e\000r\000t}{subsection.4.1.2}% 20
\BOOKMARK [3][]{subsubsection.4.1.2.3}{\376\377\0004\000.\0001\000.\0002\000.\0003\000\040\000E\000s\000p\000a\000c\000i\000o\000s\000\040\000d\000e\000\040\000S\000o\000b\000o\000l\000e\000v}{subsection.4.1.2}% 21
\BOOKMARK [2][]{subsection.4.1.3}{\376\377\0004\000.\0001\000.\0003\000\040\000M\000\351\000t\000o\000d\000o\000\040\000d\000e\000\040\000W\000e\000i\000g\000h\000t\000e\000d\000\040\000R\000e\000s\000i\000d\000u\000a\000l\000s}{section.4.1}% 22
\BOOKMARK [1][]{section.4.2}{\376\377\0004\000.\0002\000\040\000B\000-\000s\000p\000l\000i\000n\000e\000s\000\040\000c\000u\000a\000d\000r\000\341\000t\000i\000c\000o\000\040\000y\000\040\000p\000r\000o\000p\000i\000e\000d\000a\000d\000e\000s}{chapter.4}% 23
\BOOKMARK [1][]{section.4.3}{\376\377\0004\000.\0003\000\040\000I\000m\000p\000l\000e\000m\000e\000n\000t\000a\000c\000i\000\363\000n\000\040\000d\000e\000l\000\040\000m\000\351\000t\000o\000d\000o\000\040\000d\000e\000\040\000G\000a\000l\000e\000r\000k\000i\000n}{chapter.4}% 24
\BOOKMARK [2][]{subsection.4.3.1}{\376\377\0004\000.\0003\000.\0001\000\040\000C\000\341\000l\000c\000u\000l\000o\000\040\000d\000e\000\040\000j\000\050\000t\000\051}{section.4.3}% 25
\BOOKMARK [3][]{subsubsection.4.3.1.1}{\376\377\0004\000.\0003\000.\0001\000.\0001\000\040\000C\000\341\000l\000c\000u\000l\000o\000\040\000d\000e\000\040\000l\000o\000s\000\040\000n\000o\000d\000o\000s\000\040\000m\0000}{subsection.4.3.1}% 26
\BOOKMARK [3][]{subsubsection.4.3.1.2}{\376\377\0004\000.\0003\000.\0001\000.\0002\000\040\000C\000\341\000l\000c\000u\000l\000o\000\040\000d\000e\000\040\000l\000o\000s\000\040\000n\000o\000d\000o\000s\000\040\000n\000m}{subsection.4.3.1}% 27
\BOOKMARK [1][]{section.4.4}{\376\377\0004\000.\0004\000\040\000A\000n\000\341\000l\000i\000s\000i\000s\000\040\000d\000e\000\040\000e\000s\000t\000a\000b\000i\000l\000i\000d\000a\000d\000\040\000m\000e\000d\000i\000a\000n\000t\000e\000\040\000v\000o\000n\000\040\000N\000e\000u\000m\000a\000n\000n}{chapter.4}% 28
\BOOKMARK [0][]{chapter.5}{\376\377\0005\000\040\000E\000j\000e\000m\000p\000l\000o\000s\000\040\000y\000\040\000c\000o\000m\000p\000a\000r\000a\000c\000i\000o\000n\000e\000s}{}% 29
\BOOKMARK [1][]{section.5.1}{\376\377\0005\000.\0001\000\040\000E\000j\000e\000m\000p\000l\000o\000\040\0001}{chapter.5}% 30
\BOOKMARK [2][]{subsection.5.1.1}{\376\377\0005\000.\0001\000.\0001\000\040\000S\000o\000l\000u\000c\000i\000\363\000n\000\040\000E\000x\000a\000c\000t\000a}{section.5.1}% 31
\BOOKMARK [2][]{subsection.5.1.2}{\376\377\0005\000.\0001\000.\0002\000\040\000S\000o\000l\000u\000c\000i\000\363\000n\000\040\000N\000u\000m\000\351\000r\000i\000c\000a}{section.5.1}% 32
\BOOKMARK [2][]{subsection.5.1.3}{\376\377\0005\000.\0001\000.\0003\000\040\000C\000o\000m\000p\000a\000r\000a\000c\000i\000o\000n\000e\000s}{section.5.1}% 33
\BOOKMARK [1][]{section.5.2}{\376\377\0005\000.\0002\000\040\000V\000e\000r\000i\000f\000i\000c\000a\000c\000i\000\363\000n\000\040\000d\000e\000\040\000l\000a\000s\000\040\000l\000e\000y\000e\000s\000\040\000d\000e\000\040\000c\000o\000n\000s\000e\000r\000v\000a\000c\000i\000\363\000n}{chapter.5}% 34
\BOOKMARK [1][]{section.5.3}{\376\377\0005\000.\0003\000\040\000E\000j\000e\000m\000p\000l\000o\000\040\0002}{chapter.5}% 35
\BOOKMARK [0][]{chapter.6}{\376\377\0006\000\040\000C\000o\000n\000c\000l\000u\000s\000i\000\363\000n}{}% 36
