This is pdfTeX, Version 3.141592653-2.6-1.40.23 (MiKTeX 21.8) (preloaded format=pdflatex 2021.10.8)  27 APR 2023 14:14
entering extended mode
**./TFGPrincipal.tex
(TFGPrincipal.tex
LaTeX2e <2021-06-01> patch level 1
L3 programming layer <2021-08-27> (TFGucaPDF.cls

LaTeX Warning: You have requested document class `TFGucaPDF',
               but the document class provides `Latex/Classes/TFGucaPDF'.

Document Class: Latex/Classes/TFGucaPDF 2013/04/09 v4 TFG class

(C:\Users\Ana Cuevas de Cózar\AppData\Local\Programs\MiKTeX\tex/latex/base\boo
k.cls
Document Class: book 2021/02/12 v1.4n Standard LaTeX document class

(C:\Users\Ana Cuevas de Cózar\AppData\Local\Programs\MiKTeX\tex/latex/base\bk1
1.clo
File: bk11.clo 2021/02/12 v1.4n Standard LaTeX file (size option)
)
\c@part=\count182
\c@chapter=\count183
\c@section=\count184
\c@subsection=\count185
\c@subsubsection=\count186
\c@paragraph=\count187
\c@subparagraph=\count188
\c@figure=\count189
\c@table=\count190
\abovecaptionskip=\skip47
\belowcaptionskip=\skip48
\bibindent=\dimen138
)
(C:\Users\Ana Cuevas de Cózar\AppData\Local\Programs\MiKTeX\tex/latex/amsfonts
\amssymb.sty
Package: amssymb 2013/01/14 v3.01 AMS font symbols

(C:\Users\Ana Cuevas de Cózar\AppData\Local\Programs\MiKTeX\tex/latex/amsfonts
\amsfonts.sty
Package: amsfonts 2013/01/14 v3.01 Basic AMSFonts support
\@emptytoks=\toks16
\symAMSa=\mathgroup4
\symAMSb=\mathgroup5
LaTeX Font Info:    Redeclaring math symbol \hbar on input line 98.
LaTeX Font Info:    Overwriting math alphabet `\mathfrak' in version `bold'
(Font)                  U/euf/m/n --> U/euf/b/n on input line 106.
))
(C:\Users\Ana Cuevas de Cózar\AppData\Local\Programs\MiKTeX\tex/latex/graphics
\graphics.sty
Package: graphics 2021/03/04 v1.4d Standard LaTeX Graphics (DPC,SPQR)

(C:\Users\Ana Cuevas de Cózar\AppData\Local\Programs\MiKTeX\tex/latex/graphics
\trig.sty
Package: trig 2016/01/03 v1.10 sin cos tan (DPC)
)
(C:\Users\Ana Cuevas de Cózar\AppData\Local\Programs\MiKTeX\tex/latex/graphics
-cfg\graphics.cfg
File: graphics.cfg 2016/06/04 v1.11 sample graphics configuration
)
Package graphics Info: Driver file: pdftex.def on input line 107.

(C:\Users\Ana Cuevas de Cózar\AppData\Local\Programs\MiKTeX\tex/latex/graphics
-def\pdftex.def
File: pdftex.def 2020/10/05 v1.2a Graphics/color driver for pdftex
)) (picins.sty
Option `picins' Version 3.0 Sep. 1992, TH Darmstadt/HRZ
\@BILD=\box50
\@TEXT=\box51
\d@breite=\dimen139
\d@hoehe=\dimen140
\d@xoff=\dimen141
\d@yoff=\dimen142
\d@shad=\dimen143
\d@dash=\dimen144
\d@boxl=\dimen145
\d@pichskip=\dimen146
\d@tmp=\dimen147
\d@tmpa=\dimen148
\d@bskip=\dimen149
\hsiz@=\dimen150
\p@getot@l=\dimen151
\c@breite=\count191
\c@hoehe=\count192
\c@xoff=\count193
\c@yoff=\count194
\c@pos=\count195
\c@shad=\count196
\c@dash=\count197
\c@boxl=\count198
\c@zeilen=\count199
\@changemode=\count266
\c@piccaption=\count267
\c@piccaptionpos=\count268
\c@picpos=\count269
\c@whole=\count270
\c@half=\count271
\c@tmp=\count272
\c@tmpa=\count273
\c@tmpb=\count274
\c@tmpc=\count275
\c@tmpd=\count276
\d@leftskip=\skip49
\ptoti=\dimen152
\ptotii=\dimen153
\env@box=\box52
\d@envdp=\dimen154
\c@hsize=\count277
\c@envdp=\count278
\d@envb=\dimen155
)
(C:\Users\Ana Cuevas de Cózar\AppData\Local\Programs\MiKTeX\tex/latex/caption\
caption.sty
Package: caption 2020/10/26 v3.5g Customizing captions (AR)

(C:\Users\Ana Cuevas de Cózar\AppData\Local\Programs\MiKTeX\tex/latex/caption\
caption3.sty
Package: caption3 2020/10/21 v2.2e caption3 kernel (AR)

(C:\Users\Ana Cuevas de Cózar\AppData\Local\Programs\MiKTeX\tex/latex/graphics
\keyval.sty
Package: keyval 2014/10/28 v1.15 key=value parser (DPC)
\KV@toks@=\toks17
)
\captionmargin=\dimen156
\captionmargin@=\dimen157
\captionwidth=\dimen158
\caption@tempdima=\dimen159
\caption@indent=\dimen160
\caption@parindent=\dimen161
\caption@hangindent=\dimen162
Package caption Info: Standard document class detected.
)
\c@caption@flags=\count279
\c@continuedfloat=\count280
Package caption Info: picins package is loaded.
)
(C:\Users\Ana Cuevas de Cózar\AppData\Local\Programs\MiKTeX\tex/latex/fancyhdr
\fancyhdr.sty
Package: fancyhdr 2021/01/28 v4.0.1 Extensive control of page headers and foote
rs
\f@nch@headwidth=\skip50
\f@nch@O@elh=\skip51
\f@nch@O@erh=\skip52
\f@nch@O@olh=\skip53
\f@nch@O@orh=\skip54
\f@nch@O@elf=\skip55
\f@nch@O@erf=\skip56
\f@nch@O@olf=\skip57
\f@nch@O@orf=\skip58
)
(C:\Users\Ana Cuevas de Cózar\AppData\Local\Programs\MiKTeX\tex/latex/amsfonts
\eucal.sty
Package: eucal 2009/06/22 v3.00 Euler Script fonts
LaTeX Font Info:    Overwriting math alphabet `\EuScript' in version `bold'
(Font)                  U/eus/m/n --> U/eus/b/n on input line 33.
)
(C:\Users\Ana Cuevas de Cózar\AppData\Local\Programs\MiKTeX\tex/latex/graphics
\color.sty
Package: color 2020/02/24 v1.2b Standard LaTeX Color (DPC)

(C:\Users\Ana Cuevas de Cózar\AppData\Local\Programs\MiKTeX\tex/latex/graphics
-cfg\color.cfg
File: color.cfg 2016/01/02 v1.6 sample color configuration
)
Package color Info: Driver file: pdftex.def on input line 149.

(C:\Users\Ana Cuevas de Cózar\AppData\Local\Programs\MiKTeX\tex/latex/graphics
\dvipsnam.def
File: dvipsnam.def 2016/06/17 v3.0m Driver-dependent file (DPC,SPQR)
))
(C:\Users\Ana Cuevas de Cózar\AppData\Local\Programs\MiKTeX\tex/latex/footmisc
\footmisc.sty
Package: footmisc 2011/06/06 v5.5b a miscellany of footnote facilities
\FN@temptoken=\toks18
\footnotemargin=\dimen163
\c@pp@next@reset=\count281
\c@@fnserial=\count282
Package footmisc Info: Declaring symbol style bringhurst on input line 855.
Package footmisc Info: Declaring symbol style chicago on input line 863.
Package footmisc Info: Declaring symbol style wiley on input line 872.
Package footmisc Info: Declaring symbol style lamport-robust on input line 883.

Package footmisc Info: Declaring symbol style lamport* on input line 903.
Package footmisc Info: Declaring symbol style lamport*-robust on input line 924
.
)
(C:\Users\Ana Cuevas de Cózar\AppData\Local\Programs\MiKTeX\tex/latex/natbib\n
atbib.sty
Package: natbib 2010/09/13 8.31b (PWD, AO)
\bibhang=\skip59
\bibsep=\skip60
LaTeX Info: Redefining \cite on input line 694.
\c@NAT@ctr=\count283
)
(C:\Users\Ana Cuevas de Cózar\AppData\Local\Programs\MiKTeX\tex/latex/base\ift
hen.sty
Package: ifthen 2020/11/24 v1.1c Standard LaTeX ifthen package (DPC)
)
(C:\Users\Ana Cuevas de Cózar\AppData\Local\Programs\MiKTeX\tex/latex/tools\mu
lticol.sty
Package: multicol 2019/12/09 v1.8y multicolumn formatting (FMi)
\c@tracingmulticols=\count284
\mult@box=\box53
\multicol@leftmargin=\dimen164
\c@unbalance=\count285
\c@collectmore=\count286
\doublecol@number=\count287
\multicoltolerance=\count288
\multicolpretolerance=\count289
\full@width=\dimen165
\page@free=\dimen166
\premulticols=\dimen167
\postmulticols=\dimen168
\multicolsep=\skip61
\multicolbaselineskip=\skip62
\partial@page=\box54
\last@line=\box55
\maxbalancingoverflow=\dimen169
\mult@rightbox=\box56
\mult@grightbox=\box57
\mult@gfirstbox=\box58
\mult@firstbox=\box59
\@tempa=\box60
\@tempa=\box61
\@tempa=\box62
\@tempa=\box63
\@tempa=\box64
\@tempa=\box65
\@tempa=\box66
\@tempa=\box67
\@tempa=\box68
\@tempa=\box69
\@tempa=\box70
\@tempa=\box71
\@tempa=\box72
\@tempa=\box73
\@tempa=\box74
\@tempa=\box75
\@tempa=\box76
\@tempa=\box77
\@tempa=\box78
\@tempa=\box79
\@tempa=\box80
\@tempa=\box81
\@tempa=\box82
\@tempa=\box83
\@tempa=\box84
\@tempa=\box85
\@tempa=\box86
\@tempa=\box87
\@tempa=\box88
\@tempa=\box89
\@tempa=\box90
\@tempa=\box91
\@tempa=\box92
\@tempa=\box93
\@tempa=\box94
\@tempa=\box95
\@tempa=\box96
\c@minrows=\count290
\c@columnbadness=\count291
\c@finalcolumnbadness=\count292
\last@try=\dimen170
\multicolovershoot=\dimen171
\multicolundershoot=\dimen172
\mult@nat@firstbox=\box97
\colbreak@box=\box98
\mc@col@check@num=\count293
)
(C:\Users\Ana Cuevas de Cózar\AppData\Local\Programs\MiKTeX\tex/latex/tocbibin
d\tocbibind.sty
Package: tocbibind 2010/10/13 v1.5k extra ToC listings
Package tocbibind Info: The document has chapter divisions on input line 50.


Package tocbibind Note: Using chapter style headings, unless overridden.

)
(C:\Users\Ana Cuevas de Cózar\AppData\Local\Programs\MiKTeX\tex/latex/xifthen\
xifthen.sty
Package: xifthen 2015/11/05 v1.4.0 Extended ifthen features

(C:\Users\Ana Cuevas de Cózar\AppData\Local\Programs\MiKTeX\tex/latex/tools\ca
lc.sty
Package: calc 2017/05/25 v4.3 Infix arithmetic (KKT,FJ)
\calc@Acount=\count294
\calc@Bcount=\count295
\calc@Adimen=\dimen173
\calc@Bdimen=\dimen174
\calc@Askip=\skip63
\calc@Bskip=\skip64
LaTeX Info: Redefining \setlength on input line 80.
LaTeX Info: Redefining \addtolength on input line 81.
\calc@Ccount=\count296
\calc@Cskip=\skip65
)
(C:\Users\Ana Cuevas de Cózar\AppData\Local\Programs\MiKTeX\tex/latex/ifmtarg\
ifmtarg.sty
Package: ifmtarg 2018/04/16 v1.2b check for an empty argument
))
(C:\Users\Ana Cuevas de Cózar\AppData\Local\Programs\MiKTeX\tex/latex/base\mak
eidx.sty
Package: makeidx 2014/09/29 v1.0m Standard LaTeX package
)
(C:\Users\Ana Cuevas de Cózar\AppData\Local\Programs\MiKTeX\tex/latex/base\inp
utenc.sty
Package: inputenc 2021/02/14 v1.3d Input encoding file
\inpenc@prehook=\toks19
\inpenc@posthook=\toks20
)
(C:\Users\Ana Cuevas de Cózar\AppData\Local\Programs\MiKTeX\tex/latex/amsmath\
amsmath.sty
Package: amsmath 2021/04/20 v2.17j AMS math features
\@mathmargin=\skip66

For additional information on amsmath, use the `?' option.

(C:\Users\Ana Cuevas de Cózar\AppData\Local\Programs\MiKTeX\tex/latex/amsmath\
amstext.sty
Package: amstext 2000/06/29 v2.01 AMS text

(C:\Users\Ana Cuevas de Cózar\AppData\Local\Programs\MiKTeX\tex/latex/amsmath\
amsgen.sty
File: amsgen.sty 1999/11/30 v2.0 generic functions
\@emptytoks=\toks21
\ex@=\dimen175
))
(C:\Users\Ana Cuevas de Cózar\AppData\Local\Programs\MiKTeX\tex/latex/amsmath\
amsbsy.sty
Package: amsbsy 1999/11/29 v1.2d Bold Symbols
\pmbraise@=\dimen176
)
(C:\Users\Ana Cuevas de Cózar\AppData\Local\Programs\MiKTeX\tex/latex/amsmath\
amsopn.sty
Package: amsopn 2016/03/08 v2.02 operator names
)
\inf@bad=\count297
LaTeX Info: Redefining \frac on input line 234.
\uproot@=\count298
\leftroot@=\count299
LaTeX Info: Redefining \overline on input line 399.
\classnum@=\count300
\DOTSCASE@=\count301
LaTeX Info: Redefining \ldots on input line 496.
LaTeX Info: Redefining \dots on input line 499.
LaTeX Info: Redefining \cdots on input line 620.
\Mathstrutbox@=\box99
\strutbox@=\box100
\big@size=\dimen177
LaTeX Font Info:    Redeclaring font encoding OML on input line 743.
LaTeX Font Info:    Redeclaring font encoding OMS on input line 744.
\macc@depth=\count302
\c@MaxMatrixCols=\count303
\dotsspace@=\muskip16
\c@parentequation=\count304
\dspbrk@lvl=\count305
\tag@help=\toks22
\row@=\count306
\column@=\count307
\maxfields@=\count308
\andhelp@=\toks23
\eqnshift@=\dimen178
\alignsep@=\dimen179
\tagshift@=\dimen180
\tagwidth@=\dimen181
\totwidth@=\dimen182
\lineht@=\dimen183
\@envbody=\toks24
\multlinegap=\skip67
\multlinetaggap=\skip68
\mathdisplay@stack=\toks25
LaTeX Info: Redefining \[ on input line 2923.
LaTeX Info: Redefining \] on input line 2924.
)
(C:\Users\Ana Cuevas de Cózar\AppData\Local\Programs\MiKTeX\tex/generic/babel\
babel.sty
Package: babel 2021/07/22 3.63 The Babel package

(C:\Users\Ana Cuevas de Cózar\AppData\Local\Programs\MiKTeX\tex/generic/babel\
babel.def
File: babel.def 2021/07/22 3.63 Babel common definitions
\babel@savecnt=\count309
\U@D=\dimen184
\l@unhyphenated=\language79

(C:\Users\Ana Cuevas de Cózar\AppData\Local\Programs\MiKTeX\tex/generic/babel\
txtbabel.def)
\bbl@readstream=\read2
)
\bbl@dirlevel=\count310

*************************************
* Local config file bblopts.cfg used
*

(C:\Users\Ana Cuevas de Cózar\AppData\Local\Programs\MiKTeX\tex/latex/arabi\bb
lopts.cfg
File: bblopts.cfg 2005/09/08 v0.1 add Arabic and Farsi to "declared" options of
 babel
)
(C:\Users\Ana Cuevas de Cózar\AppData\Local\Programs\MiKTeX\tex/latex/babel-sp
anish\spanish.ldf
Language: spanish.ldf 2021/05/27 v5.0q Spanish support from the babel system
\es@quottoks=\toks26
\es@quotdepth=\count311
Package babel Info: Making " an active character on input line 570.
Package babel Info: Making . an active character on input line 675.
Package babel Info: Making < an active character on input line 722.
Package babel Info: Making > an active character on input line 722.
Package babel Info: Making ' an active character on input line 740.
)
(C:\Users\Ana Cuevas de Cózar\AppData\Local\Programs\MiKTeX\tex/latex/babel-en
glish\british.ldf
Language: british 2017/06/06 v3.3r English support from the babel system

(C:\Users\Ana Cuevas de Cózar\AppData\Local\Programs\MiKTeX\tex/latex/babel-en
glish\english.ldf
Language: english 2017/06/06 v3.3r English support from the babel system
Package babel Info: Hyphen rules for 'canadian' set to \l@english
(babel)             (\language0). Reported on input line 102.
Package babel Info: Hyphen rules for 'australian' set to \l@ukenglish
(babel)             (\language73). Reported on input line 105.
Package babel Info: Hyphen rules for 'newzealand' set to \l@ukenglish
(babel)             (\language73). Reported on input line 108.
)))
(C:\Users\Ana Cuevas de Cózar\AppData\Local\Programs\MiKTeX\tex/latex/nomencl\
nomencl.sty
Package: nomencl 2020/12/29 v5.5 Nomenclature package

(C:\Users\Ana Cuevas de Cózar\AppData\Local\Programs\MiKTeX\tex/latex/xkeyval\
xkeyval.sty
Package: xkeyval 2020/11/20 v2.8 package option processing (HA)

(C:\Users\Ana Cuevas de Cózar\AppData\Local\Programs\MiKTeX\tex/generic/xkeyva
l\xkeyval.tex
(C:\Users\Ana Cuevas de Cózar\AppData\Local\Programs\MiKTeX\tex/generic/xkeyva
l\xkvutils.tex
\XKV@toks=\toks27
\XKV@tempa@toks=\toks28
)
\XKV@depth=\count312
File: xkeyval.tex 2014/12/03 v2.7a key=value parser (HA)
))
(C:\Users\Ana Cuevas de Cózar\AppData\Local\Programs\MiKTeX\tex/latex/koma-scr
ipt\tocbasic.sty
Package: tocbasic 2021/06/25 v3.34 KOMA-Script package (handling toc-files)

(C:\Users\Ana Cuevas de Cózar\AppData\Local\Programs\MiKTeX\tex/latex/koma-scr
ipt\scrbase.sty
Package: scrbase 2021/06/25 v3.34 KOMA-Script package (KOMA-Script-independent 
basics and keyval usage)

(C:\Users\Ana Cuevas de Cózar\AppData\Local\Programs\MiKTeX\tex/latex/koma-scr
ipt\scrlfile.sty
Package: scrlfile 2021/06/25 v3.34 KOMA-Script package (file load hooks)

(C:\Users\Ana Cuevas de Cózar\AppData\Local\Programs\MiKTeX\tex/latex/koma-scr
ipt\scrlfile-hook.sty
Package: scrlfile-hook 2021/06/25 v3.34 KOMA-Script package (using LaTeX hooks)


(C:\Users\Ana Cuevas de Cózar\AppData\Local\Programs\MiKTeX\tex/latex/koma-scr
ipt\scrlogo.sty
Package: scrlogo 2021/06/25 v3.34 KOMA-Script package (logo)
)))
Applying: [2021/05/01] Usage of raw or classic option list on input line 252.
Already applied: [0000/00/00] Usage of raw or classic option list on input line
 368.
)
\scr@dte@tocline@numberwidth=\skip69
\scr@dte@tocline@numbox=\box101
)
Package tocbasic Info: setting babel extension for `nlo' on input line 187.
Package tocbasic Info: setting babel extension for `nls' on input line 188.
\nomlabelwidth=\dimen185
\nom@tempdim=\dimen186
\nomitemsep=\skip70
)
\@nomenclaturefile=\write3
\openout3 = `TFGPrincipal.nlo'.

Package nomencl Info: Writing nomenclature file TFGPrincipal.nlo on input line 
118.

(C:\Users\Ana Cuevas de Cózar\AppData\Local\Programs\MiKTeX\tex/generic/iftex\
ifpdf.sty
Package: ifpdf 2019/10/25 v3.4 ifpdf legacy package. Use iftex instead.

(C:\Users\Ana Cuevas de Cózar\AppData\Local\Programs\MiKTeX\tex/generic/iftex\
iftex.sty
Package: iftex 2020/03/06 v1.0d TeX engine tests
))
(C:\Users\Ana Cuevas de Cózar\AppData\Local\Programs\MiKTeX\tex/latex/hyperref
\hyperref.sty
Package: hyperref 2021-06-07 v7.00m Hypertext links for LaTeX

(C:\Users\Ana Cuevas de Cózar\AppData\Local\Programs\MiKTeX\tex/generic/ltxcmd
s\ltxcmds.sty
Package: ltxcmds 2020-05-10 v1.25 LaTeX kernel commands for general use (HO)
)
(C:\Users\Ana Cuevas de Cózar\AppData\Local\Programs\MiKTeX\tex/generic/pdftex
cmds\pdftexcmds.sty
Package: pdftexcmds 2020-06-27 v0.33 Utility functions of pdfTeX for LuaTeX (HO
)

(C:\Users\Ana Cuevas de Cózar\AppData\Local\Programs\MiKTeX\tex/generic/infwar
err\infwarerr.sty
Package: infwarerr 2019/12/03 v1.5 Providing info/warning/error messages (HO)
)
Package pdftexcmds Info: \pdf@primitive is available.
Package pdftexcmds Info: \pdf@ifprimitive is available.
Package pdftexcmds Info: \pdfdraftmode found.
)
(C:\Users\Ana Cuevas de Cózar\AppData\Local\Programs\MiKTeX\tex/generic/kvsetk
eys\kvsetkeys.sty
Package: kvsetkeys 2019/12/15 v1.18 Key value parser (HO)
)
(C:\Users\Ana Cuevas de Cózar\AppData\Local\Programs\MiKTeX\tex/generic/kvdefi
nekeys\kvdefinekeys.sty
Package: kvdefinekeys 2019-12-19 v1.6 Define keys (HO)
)
(C:\Users\Ana Cuevas de Cózar\AppData\Local\Programs\MiKTeX\tex/generic/pdfesc
ape\pdfescape.sty
Package: pdfescape 2019/12/09 v1.15 Implements pdfTeX's escape features (HO)
)
(C:\Users\Ana Cuevas de Cózar\AppData\Local\Programs\MiKTeX\tex/latex/hycolor\
hycolor.sty
Package: hycolor 2020-01-27 v1.10 Color options for hyperref/bookmark (HO)
)
(C:\Users\Ana Cuevas de Cózar\AppData\Local\Programs\MiKTeX\tex/latex/letltxma
cro\letltxmacro.sty
Package: letltxmacro 2019/12/03 v1.6 Let assignment for LaTeX macros (HO)
)
(C:\Users\Ana Cuevas de Cózar\AppData\Local\Programs\MiKTeX\tex/latex/auxhook\
auxhook.sty
Package: auxhook 2019-12-17 v1.6 Hooks for auxiliary files (HO)
)
(C:\Users\Ana Cuevas de Cózar\AppData\Local\Programs\MiKTeX\tex/latex/kvoption
s\kvoptions.sty
Package: kvoptions 2020-10-07 v3.14 Key value format for package options (HO)
)
\@linkdim=\dimen187
\Hy@linkcounter=\count313
\Hy@pagecounter=\count314

(C:\Users\Ana Cuevas de Cózar\AppData\Local\Programs\MiKTeX\tex/latex/hyperref
\pd1enc.def
File: pd1enc.def 2021-06-07 v7.00m Hyperref: PDFDocEncoding definition (HO)
Now handling font encoding PD1 ...
... no UTF-8 mapping file for font encoding PD1
)
(C:\Users\Ana Cuevas de Cózar\AppData\Local\Programs\MiKTeX\tex/latex/hyperref
\hyperref-langpatches.def
File: hyperref-langpatches.def 2021-06-07 v7.00m Hyperref: patches for babel la
nguages
)
(C:\Users\Ana Cuevas de Cózar\AppData\Local\Programs\MiKTeX\tex/generic/intcal
c\intcalc.sty
Package: intcalc 2019/12/15 v1.3 Expandable calculations with integers (HO)
)
(C:\Users\Ana Cuevas de Cózar\AppData\Local\Programs\MiKTeX\tex/generic/etexcm
ds\etexcmds.sty
Package: etexcmds 2019/12/15 v1.7 Avoid name clashes with e-TeX commands (HO)
)
\Hy@SavedSpaceFactor=\count315

(C:\Users\Ana Cuevas de Cózar\AppData\Local\Programs\MiKTeX\tex/latex/hyperref
\puenc.def
File: puenc.def 2021-06-07 v7.00m Hyperref: PDF Unicode definition (HO)
Now handling font encoding PU ...
... no UTF-8 mapping file for font encoding PU
)
Package hyperref Info: Option `plainpages' set `false' on input line 4073.
Package hyperref Info: Option `pdfpagelabels' set `true' on input line 4073.


Package hyperref Warning: Values of option `pdfpagelayout':
(hyperref)                * `SinglePage'
(hyperref)                * `OneColumn'
(hyperref)                * `TwoColumnLeft'
(hyperref)                * `TwoColumnRight'
(hyperref)                * `TwoPageLeft' (PDF 1.5)
(hyperref)                * `TwoPageRight' (PDF 1.5)
(hyperref)                * An empty value disables the option.
(hyperref)                Unknown value `useoutlines' on input line 4073.

Package hyperref Info: Option `bookmarks' set `true' on input line 4073.
Package hyperref Info: Option `bookmarksopen' set `true' on input line 4073.
Package hyperref Info: Option `bookmarksnumbered' set `true' on input line 4073
.
Package hyperref Info: Option `breaklinks' set `true' on input line 4073.
Package hyperref Info: Option `linktocpage' set `true' on input line 4073.
Package hyperref Info: Option `colorlinks' set `false' on input line 4073.
Package hyperref Info: Option `hyperindex' set `true' on input line 4073.
Package hyperref Info: Option `hyperfigures' set `true' on input line 4073.
Package hyperref Info: Hyper figures ON on input line 4190.
Package hyperref Info: Link nesting OFF on input line 4197.
Package hyperref Info: Hyper index ON on input line 4200.
Package hyperref Info: Plain pages OFF on input line 4207.
Package hyperref Info: Backreferencing ON on input line 4210.
Package hyperref Info: Implicit mode ON; LaTeX internals redefined.
Package hyperref Info: Bookmarks ON on input line 4445.

(C:\Users\Ana Cuevas de Cózar\AppData\Local\Programs\MiKTeX\tex/latex/hyperref
\backref.sty
Package: backref 2021/02/04 v1.41 Bibliographical back referencing

(C:\Users\Ana Cuevas de Cózar\AppData\Local\Programs\MiKTeX\tex/latex/rerunfil
echeck\rerunfilecheck.sty
Package: rerunfilecheck 2019/12/05 v1.9 Rerun checks for auxiliary files (HO)

(C:\Users\Ana Cuevas de Cózar\AppData\Local\Programs\MiKTeX\tex/latex/base\atv
eryend-ltx.sty
Package: atveryend-ltx 2020/08/19 v1.0a Emulation of the original atvery packag
e
with kernel methods
)
(C:\Users\Ana Cuevas de Cózar\AppData\Local\Programs\MiKTeX\tex/generic/unique
counter\uniquecounter.sty
Package: uniquecounter 2019/12/15 v1.4 Provide unlimited unique counter (HO)

(C:\Users\Ana Cuevas de Cózar\AppData\Local\Programs\MiKTeX\tex/generic/bigint
calc\bigintcalc.sty
Package: bigintcalc 2019/12/15 v1.5 Expandable calculations on big integers (HO
)
))
Package uniquecounter Info: New unique counter `rerunfilecheck' on input line 2
86.
))
\c@Hy@tempcnt=\count316

(C:\Users\Ana Cuevas de Cózar\AppData\Local\Programs\MiKTeX\tex/latex/url\url.
sty
\Urlmuskip=\muskip17
Package: url 2013/09/16  ver 3.4  Verb mode for urls, etc.
)
LaTeX Info: Redefining \url on input line 4804.
\XeTeXLinkMargin=\dimen188

(C:\Users\Ana Cuevas de Cózar\AppData\Local\Programs\MiKTeX\tex/generic/bitset
\bitset.sty
Package: bitset 2019/12/09 v1.3 Handle bit-vector datatype (HO)
)
\Fld@menulength=\count317
\Field@Width=\dimen189
\Fld@charsize=\dimen190
Package hyperref Info: Hyper figures ON on input line 6074.
Package hyperref Info: Link nesting OFF on input line 6081.
Package hyperref Info: Hyper index ON on input line 6084.
Package hyperref Info: backreferencing ON on input line 6089.
Package hyperref Info: Link coloring OFF on input line 6096.
Package hyperref Info: Link coloring with OCG OFF on input line 6101.
Package hyperref Info: PDF/A mode OFF on input line 6106.
LaTeX Info: Redefining \ref on input line 6146.
LaTeX Info: Redefining \pageref on input line 6150.

(C:\Users\Ana Cuevas de Cózar\AppData\Local\Programs\MiKTeX\tex/latex/base\atb
egshi-ltx.sty
Package: atbegshi-ltx 2021/01/10 v1.0c Emulation of the original atbegshi
package with kernel methods
)
\Hy@abspage=\count318
\c@Item=\count319
\c@Hfootnote=\count320
)
Package hyperref Info: Driver: hpdftex.

(C:\Users\Ana Cuevas de Cózar\AppData\Local\Programs\MiKTeX\tex/latex/hyperref
\hpdftex.def
File: hpdftex.def 2021-06-07 v7.00m Hyperref driver for pdfTeX
\Fld@listcount=\count321
\c@bookmark@seq@number=\count322
\Hy@SectionHShift=\skip71
)
(C:\Users\Ana Cuevas de Cózar\AppData\Local\Programs\MiKTeX\tex/latex/graphics
\graphicx.sty
Package: graphicx 2020/12/05 v1.2c Enhanced LaTeX Graphics (DPC,SPQR)
\Gin@req@height=\dimen191
\Gin@req@width=\dimen192
)
(C:\Users\Ana Cuevas de Cózar\AppData\Local\Programs\MiKTeX\tex/latex/psnfss\t
imes.sty
Package: times 2020/03/25 PSNFSS-v9.3 (SPQR) 
)
(C:\Users\Ana Cuevas de Cózar\AppData\Local\Programs\MiKTeX\tex/latex/quotchap
\quotchap.sty
Package: quotchap 2020/11/13 v1.3 Decorative Chapter Headings with Quotes
\@quotebox=\box102
)
(C:\Users\Ana Cuevas de Cózar\AppData\Local\Programs\MiKTeX\tex/latex/titlesec
\titlesec.sty
Package: titlesec 2021/07/05 v2.14 Sectioning titles
\ttl@box=\box103
\beforetitleunit=\skip72
\aftertitleunit=\skip73
\ttl@plus=\dimen193
\ttl@minus=\dimen194
\ttl@toksa=\toks29
\titlewidth=\dimen195
\titlewidthlast=\dimen196
\titlewidthfirst=\dimen197
)
(C:\Users\Ana Cuevas de Cózar\AppData\Local\Programs\MiKTeX\tex/latex/fancybox
\fancybox.sty
Package: fancybox 2010/05/15 1.4

Style option: `fancybox' v1.4 <2010/05/15> (tvz)
\@fancybox=\box104
\shadowsize=\dimen198
\@Sbox=\box105
\do@VerbBox=\toks30
\the@fancyput=\toks31
\this@fancyput=\toks32
\EndVerbatimTokens=\toks33
\Verbatim@Outfile=\write4
\Verbatim@Infile=\read3
)
(C:\Users\Ana Cuevas de Cózar\AppData\Local\Programs\MiKTeX\tex/latex/listings
\listings.sty
\lst@mode=\count323
\lst@gtempboxa=\box106
\lst@token=\toks34
\lst@length=\count324
\lst@currlwidth=\dimen199
\lst@column=\count325
\lst@pos=\count326
\lst@lostspace=\dimen256
\lst@width=\dimen257
\lst@newlines=\count327
\lst@lineno=\count328
\lst@maxwidth=\dimen258

(C:\Users\Ana Cuevas de Cózar\AppData\Local\Programs\MiKTeX\tex/latex/listings
\lstmisc.sty
File: lstmisc.sty 2020/03/24 1.8d (Carsten Heinz)
\c@lstnumber=\count329
\lst@skipnumbers=\count330
\lst@framebox=\box107
)
(C:\Users\Ana Cuevas de Cózar\AppData\Local\Programs\MiKTeX\tex/latex/listings
\listings.cfg
File: listings.cfg 2020/03/24 1.8d listings configuration
))
Package: listings 2020/03/24 1.8d (Carsten Heinz)

(C:\Users\Ana Cuevas de Cózar\AppData\Local\Programs\MiKTeX\tex/latex/graphics
\rotating.sty
Package: rotating 2016/08/11 v2.16d rotated objects in LaTeX
\c@r@tfl@t=\count331
\rotFPtop=\skip74
\rotFPbot=\skip75
\rot@float@box=\box108
\rot@mess@toks=\toks35
)
(C:\Users\Ana Cuevas de Cózar\AppData\Local\Programs\MiKTeX\tex/latex/graphics
\lscape.sty
Package: lscape 2020/05/28 v3.02 Landscape Pages (DPC)
)
(C:\Users\Ana Cuevas de Cózar\AppData\Local\Programs\MiKTeX\tex/latex/pdflscap
e\pdflscape.sty
Package: pdflscape 2019/12/05 v0.12 Display of landscape pages in PDF (HO)
Package pdflscape Info: Auto-detected driver: pdftex on input line 81.
)
(C:\Users\Ana Cuevas de Cózar\AppData\Local\Programs\MiKTeX\tex/latex/tools\ar
ray.sty
Package: array 2021/04/20 v2.5e Tabular extension package (FMi)
\col@sep=\dimen259
\ar@mcellbox=\box109
\extrarowheight=\dimen260
\NC@list=\toks36
\extratabsurround=\skip76
\backup@length=\skip77
\ar@cellbox=\box110
)
(C:\Users\Ana Cuevas de Cózar\AppData\Local\Programs\MiKTeX\tex/latex/booktabs
\booktabs.sty
Package: booktabs 2020/01/12 v1.61803398 Publication quality tables
\heavyrulewidth=\dimen261
\lightrulewidth=\dimen262
\cmidrulewidth=\dimen263
\belowrulesep=\dimen264
\belowbottomsep=\dimen265
\aboverulesep=\dimen266
\abovetopsep=\dimen267
\cmidrulesep=\dimen268
\cmidrulekern=\dimen269
\defaultaddspace=\dimen270
\@cmidla=\count332
\@cmidlb=\count333
\@aboverulesep=\dimen271
\@belowrulesep=\dimen272
\@thisruleclass=\count334
\@lastruleclass=\count335
\@thisrulewidth=\dimen273
)
(C:\Users\Ana Cuevas de Cózar\AppData\Local\Programs\MiKTeX\tex/latex/tools\lo
ngtable.sty
Package: longtable 2021-05-07 v4.16 Multi-page Table package (DPC)
\LTleft=\skip78
\LTright=\skip79
\LTpre=\skip80
\LTpost=\skip81
\LTchunksize=\count336
\LTcapwidth=\dimen274
\LT@head=\box111
\LT@firsthead=\box112
\LT@foot=\box113
\LT@lastfoot=\box114
\LT@gbox=\box115
\LT@cols=\count337
\LT@rows=\count338
\c@LT@tables=\count339
\c@LT@chunks=\count340
\LT@p@ftn=\toks37
)
(C:\Users\Ana Cuevas de Cózar\AppData\Local\Programs\MiKTeX\tex/latex/tools\ta
bularx.sty
Package: tabularx 2020/01/15 v2.11c `tabularx' package (DPC)
\TX@col@width=\dimen275
\TX@old@table=\dimen276
\TX@old@col=\dimen277
\TX@target=\dimen278
\TX@delta=\dimen279
\TX@cols=\count341
\TX@ftn=\toks38
)
(C:\Users\Ana Cuevas de Cózar\AppData\Local\Programs\MiKTeX\tex/latex/multirow
\multirow.sty
Package: multirow 2021/03/15 v2.8 Span multiple rows of a table
\multirow@colwidth=\skip82
\multirow@cntb=\count342
\multirow@dima=\skip83
\bigstrutjot=\dimen280
)
(C:\Users\Ana Cuevas de Cózar\AppData\Local\Programs\MiKTeX\tex/latex/ncctools
\watermark.sty
Package: watermark 2004/12/09 v1.1 Watermarks (NCC)
)
(C:\Users\Ana Cuevas de Cózar\AppData\Local\Programs\MiKTeX\tex/latex/datetime
\datetime.sty
Package: datetime 2015/03/20 v2.60 Date Time Package

(C:\Users\Ana Cuevas de Cózar\AppData\Local\Programs\MiKTeX\tex/latex/etoolbox
\etoolbox.sty
Package: etoolbox 2020/10/05 v2.5k e-TeX tools for LaTeX (JAW)
\etb@tempcnta=\count343
)
(C:\Users\Ana Cuevas de Cózar\AppData\Local\Programs\MiKTeX\tex/latex/fmtcount
\fmtcount.sty
Package: fmtcount 2020/01/30 v3.07

(C:\Users\Ana Cuevas de Cózar\AppData\Local\Programs\MiKTeX\tex/latex/fmtcount
\fcprefix.sty
Package: fcprefix 2012/09/28

(C:\Users\Ana Cuevas de Cózar\AppData\Local\Programs\MiKTeX\tex/latex/fmtcount
\fcnumparser.sty
Package: fcnumparser 2017/06/15
\fc@digit@counter=\count344
))
\c@padzeroesN=\count345
\fc@tmpcatcode=\count346

(C:\Users\Ana Cuevas de Cózar\AppData\Local\Programs\MiKTeX\tex/latex/fmtcount
\fc-english.def
File: fc-english.def 2016/01/12
)
(C:\Users\Ana Cuevas de Cózar\AppData\Local\Programs\MiKTeX\tex/latex/fmtcount
\fc-british.def
File: fc-british.def 2013/08/17
)
\@DT@modctr=\count347
\@ordinalctr=\count348
\@orgargctr=\count349
\@strctr=\count350
\@tmpstrctr=\count351
\@DT@loopN=\count352
\@DT@X=\count353
)
(C:\Users\Ana Cuevas de Cózar\AppData\Local\Programs\MiKTeX\tex/latex/datetime
\datetime-defaults.sty
Package: datetime-defaults 2013/09/10
)
\@day=\count354
\@month=\count355
\@year=\count356
\c@HOUR=\count357
\c@HOURXII=\count358
\c@MINUTE=\count359
\c@TOHOUR=\count360
\c@TOMINUTE=\count361
\c@SECOND=\count362
\currenthour=\count363
\currentminute=\count364
\currentsecond=\count365
Package datetime Info: No datetime.cfg file found, using default settings on in
put line 308.
\@dtctr=\count366
\dayofyear=\count367
\dayofweek=\count368
LaTeX Info: Redefining \today on input line 736.

(C:\Users\Ana Cuevas de Cózar\AppData\Local\Programs\MiKTeX\tex/latex/datetime
\dt-british.def
File: dt-british.def 2013/09/10
)
(C:\Users\Ana Cuevas de Cózar\AppData\Local\Programs\MiKTeX\tex/latex/datetime
\dt-spanish.def
File: dt-spanish.def 2013/09/10
LaTeX Info: Redefining \datespanish on input line 85.
)
\dt@a=\toks39
\dt@b=\toks40
)
(C:\Users\Ana Cuevas de Cózar\AppData\Local\Programs\MiKTeX\tex/latex/hyphenat
\hyphenat.sty
Package: hyphenat 2009/09/02 v2.3c hyphenation utilities
\langwohyphens=\language80
LaTeX Info: Redefining \_ on input line 43.
)
(C:\Users\Ana Cuevas de Cózar\AppData\Local\Programs\MiKTeX\tex/latex/amscls\a
msthm.sty
Package: amsthm 2020/05/29 v2.20.6
\thm@style=\toks41
\thm@bodyfont=\toks42
\thm@headfont=\toks43
\thm@notefont=\toks44
\thm@headpunct=\toks45
\thm@preskip=\skip84
\thm@postskip=\skip85
\thm@headsep=\skip86
\dth@everypar=\toks46
)
\c@teorema=\count369
\c@proposicion=\count370
\c@lema=\count371
\c@corolario=\count372
\c@definicion=\count373
\c@ejemplo=\count374
)
(C:\Users\Ana Cuevas de Cózar\AppData\Local\Programs\MiKTeX\tex/latex/tcolorbo
x\tcolorbox.sty
Package: tcolorbox 2021/06/14 version 4.51 text color boxes

(C:\Users\Ana Cuevas de Cózar\AppData\Local\Programs\MiKTeX\tex/latex/pgf/basi
clayer\pgf.sty
(C:\Users\Ana Cuevas de Cózar\AppData\Local\Programs\MiKTeX\tex/latex/pgf/util
ities\pgfrcs.sty
(C:\Users\Ana Cuevas de Cózar\AppData\Local\Programs\MiKTeX\tex/generic/pgf/ut
ilities\pgfutil-common.tex
\pgfutil@everybye=\toks47
\pgfutil@tempdima=\dimen281
\pgfutil@tempdimb=\dimen282

(C:\Users\Ana Cuevas de Cózar\AppData\Local\Programs\MiKTeX\tex/generic/pgf/ut
ilities\pgfutil-common-lists.tex))
(C:\Users\Ana Cuevas de Cózar\AppData\Local\Programs\MiKTeX\tex/generic/pgf/ut
ilities\pgfutil-latex.def
\pgfutil@abb=\box116
)
(C:\Users\Ana Cuevas de Cózar\AppData\Local\Programs\MiKTeX\tex/generic/pgf/ut
ilities\pgfrcs.code.tex
(C:\Users\Ana Cuevas de Cózar\AppData\Local\Programs\MiKTeX\tex/generic/pgf\pg
f.revision.tex)
Package: pgfrcs 2021/05/15 v3.1.9a (3.1.9a)
))
Package: pgf 2021/05/15 v3.1.9a (3.1.9a)

(C:\Users\Ana Cuevas de Cózar\AppData\Local\Programs\MiKTeX\tex/latex/pgf/basi
clayer\pgfcore.sty
(C:\Users\Ana Cuevas de Cózar\AppData\Local\Programs\MiKTeX\tex/latex/pgf/syst
emlayer\pgfsys.sty
(C:\Users\Ana Cuevas de Cózar\AppData\Local\Programs\MiKTeX\tex/generic/pgf/sy
stemlayer\pgfsys.code.tex
Package: pgfsys 2021/05/15 v3.1.9a (3.1.9a)

(C:\Users\Ana Cuevas de Cózar\AppData\Local\Programs\MiKTeX\tex/generic/pgf/ut
ilities\pgfkeys.code.tex
\pgfkeys@pathtoks=\toks48
\pgfkeys@temptoks=\toks49

(C:\Users\Ana Cuevas de Cózar\AppData\Local\Programs\MiKTeX\tex/generic/pgf/ut
ilities\pgfkeysfiltered.code.tex
\pgfkeys@tmptoks=\toks50
))
\pgf@x=\dimen283
\pgf@y=\dimen284
\pgf@xa=\dimen285
\pgf@ya=\dimen286
\pgf@xb=\dimen287
\pgf@yb=\dimen288
\pgf@xc=\dimen289
\pgf@yc=\dimen290
\pgf@xd=\dimen291
\pgf@yd=\dimen292
\w@pgf@writea=\write5
\r@pgf@reada=\read4
\c@pgf@counta=\count375
\c@pgf@countb=\count376
\c@pgf@countc=\count377
\c@pgf@countd=\count378
\t@pgf@toka=\toks51
\t@pgf@tokb=\toks52
\t@pgf@tokc=\toks53
\pgf@sys@id@count=\count379

(C:\Users\Ana Cuevas de Cózar\AppData\Local\Programs\MiKTeX\tex/generic/pgf/sy
stemlayer\pgf.cfg
File: pgf.cfg 2021/05/15 v3.1.9a (3.1.9a)
)
Driver file for pgf: pgfsys-pdftex.def

(C:\Users\Ana Cuevas de Cózar\AppData\Local\Programs\MiKTeX\tex/generic/pgf/sy
stemlayer\pgfsys-pdftex.def
File: pgfsys-pdftex.def 2021/05/15 v3.1.9a (3.1.9a)

(C:\Users\Ana Cuevas de Cózar\AppData\Local\Programs\MiKTeX\tex/generic/pgf/sy
stemlayer\pgfsys-common-pdf.def
File: pgfsys-common-pdf.def 2021/05/15 v3.1.9a (3.1.9a)
)))
(C:\Users\Ana Cuevas de Cózar\AppData\Local\Programs\MiKTeX\tex/generic/pgf/sy
stemlayer\pgfsyssoftpath.code.tex
File: pgfsyssoftpath.code.tex 2021/05/15 v3.1.9a (3.1.9a)
\pgfsyssoftpath@smallbuffer@items=\count380
\pgfsyssoftpath@bigbuffer@items=\count381
)
(C:\Users\Ana Cuevas de Cózar\AppData\Local\Programs\MiKTeX\tex/generic/pgf/sy
stemlayer\pgfsysprotocol.code.tex
File: pgfsysprotocol.code.tex 2021/05/15 v3.1.9a (3.1.9a)
))
(C:\Users\Ana Cuevas de Cózar\AppData\Local\Programs\MiKTeX\tex/latex/xcolor\x
color.sty
Package: xcolor 2016/05/11 v2.12 LaTeX color extensions (UK)

(C:\Users\Ana Cuevas de Cózar\AppData\Local\Programs\MiKTeX\tex/latex/graphics
-cfg\color.cfg
File: color.cfg 2016/01/02 v1.6 sample color configuration
)
Package xcolor Info: Driver file: pdftex.def on input line 225.
LaTeX Info: Redefining \color on input line 709.
Package xcolor Info: Model `cmy' substituted by `cmy0' on input line 1348.
Package xcolor Info: Model `hsb' substituted by `rgb' on input line 1352.
Package xcolor Info: Model `RGB' extended on input line 1364.
Package xcolor Info: Model `HTML' substituted by `rgb' on input line 1366.
Package xcolor Info: Model `Hsb' substituted by `hsb' on input line 1367.
Package xcolor Info: Model `tHsb' substituted by `hsb' on input line 1368.
Package xcolor Info: Model `HSB' substituted by `hsb' on input line 1369.
Package xcolor Info: Model `Gray' substituted by `gray' on input line 1370.
Package xcolor Info: Model `wave' substituted by `hsb' on input line 1371.
)
(C:\Users\Ana Cuevas de Cózar\AppData\Local\Programs\MiKTeX\tex/generic/pgf/ba
siclayer\pgfcore.code.tex
Package: pgfcore 2021/05/15 v3.1.9a (3.1.9a)

(C:\Users\Ana Cuevas de Cózar\AppData\Local\Programs\MiKTeX\tex/generic/pgf/ma
th\pgfmath.code.tex
(C:\Users\Ana Cuevas de Cózar\AppData\Local\Programs\MiKTeX\tex/generic/pgf/ma
th\pgfmathcalc.code.tex
(C:\Users\Ana Cuevas de Cózar\AppData\Local\Programs\MiKTeX\tex/generic/pgf/ma
th\pgfmathutil.code.tex)
(C:\Users\Ana Cuevas de Cózar\AppData\Local\Programs\MiKTeX\tex/generic/pgf/ma
th\pgfmathparser.code.tex
\pgfmath@dimen=\dimen293
\pgfmath@count=\count382
\pgfmath@box=\box117
\pgfmath@toks=\toks54
\pgfmath@stack@operand=\toks55
\pgfmath@stack@operation=\toks56
)
(C:\Users\Ana Cuevas de Cózar\AppData\Local\Programs\MiKTeX\tex/generic/pgf/ma
th\pgfmathfunctions.code.tex
(C:\Users\Ana Cuevas de Cózar\AppData\Local\Programs\MiKTeX\tex/generic/pgf/ma
th\pgfmathfunctions.basic.code.tex)
(C:\Users\Ana Cuevas de Cózar\AppData\Local\Programs\MiKTeX\tex/generic/pgf/ma
th\pgfmathfunctions.trigonometric.code.tex)
(C:\Users\Ana Cuevas de Cózar\AppData\Local\Programs\MiKTeX\tex/generic/pgf/ma
th\pgfmathfunctions.random.code.tex)
(C:\Users\Ana Cuevas de Cózar\AppData\Local\Programs\MiKTeX\tex/generic/pgf/ma
th\pgfmathfunctions.comparison.code.tex)
(C:\Users\Ana Cuevas de Cózar\AppData\Local\Programs\MiKTeX\tex/generic/pgf/ma
th\pgfmathfunctions.base.code.tex)
(C:\Users\Ana Cuevas de Cózar\AppData\Local\Programs\MiKTeX\tex/generic/pgf/ma
th\pgfmathfunctions.round.code.tex)
(C:\Users\Ana Cuevas de Cózar\AppData\Local\Programs\MiKTeX\tex/generic/pgf/ma
th\pgfmathfunctions.misc.code.tex)
(C:\Users\Ana Cuevas de Cózar\AppData\Local\Programs\MiKTeX\tex/generic/pgf/ma
th\pgfmathfunctions.integerarithmetics.code.tex)))
(C:\Users\Ana Cuevas de Cózar\AppData\Local\Programs\MiKTeX\tex/generic/pgf/ma
th\pgfmathfloat.code.tex
\c@pgfmathroundto@lastzeros=\count383
))
(C:\Users\Ana Cuevas de Cózar\AppData\Local\Programs\MiKTeX\tex/generic/pgf/ma
th\pgfint.code.tex)
(C:\Users\Ana Cuevas de Cózar\AppData\Local\Programs\MiKTeX\tex/generic/pgf/ba
siclayer\pgfcorepoints.code.tex
File: pgfcorepoints.code.tex 2021/05/15 v3.1.9a (3.1.9a)
\pgf@picminx=\dimen294
\pgf@picmaxx=\dimen295
\pgf@picminy=\dimen296
\pgf@picmaxy=\dimen297
\pgf@pathminx=\dimen298
\pgf@pathmaxx=\dimen299
\pgf@pathminy=\dimen300
\pgf@pathmaxy=\dimen301
\pgf@xx=\dimen302
\pgf@xy=\dimen303
\pgf@yx=\dimen304
\pgf@yy=\dimen305
\pgf@zx=\dimen306
\pgf@zy=\dimen307
)
(C:\Users\Ana Cuevas de Cózar\AppData\Local\Programs\MiKTeX\tex/generic/pgf/ba
siclayer\pgfcorepathconstruct.code.tex
File: pgfcorepathconstruct.code.tex 2021/05/15 v3.1.9a (3.1.9a)
\pgf@path@lastx=\dimen308
\pgf@path@lasty=\dimen309
)
(C:\Users\Ana Cuevas de Cózar\AppData\Local\Programs\MiKTeX\tex/generic/pgf/ba
siclayer\pgfcorepathusage.code.tex
File: pgfcorepathusage.code.tex 2021/05/15 v3.1.9a (3.1.9a)
\pgf@shorten@end@additional=\dimen310
\pgf@shorten@start@additional=\dimen311
)
(C:\Users\Ana Cuevas de Cózar\AppData\Local\Programs\MiKTeX\tex/generic/pgf/ba
siclayer\pgfcorescopes.code.tex
File: pgfcorescopes.code.tex 2021/05/15 v3.1.9a (3.1.9a)
\pgfpic=\box118
\pgf@hbox=\box119
\pgf@layerbox@main=\box120
\pgf@picture@serial@count=\count384
)
(C:\Users\Ana Cuevas de Cózar\AppData\Local\Programs\MiKTeX\tex/generic/pgf/ba
siclayer\pgfcoregraphicstate.code.tex
File: pgfcoregraphicstate.code.tex 2021/05/15 v3.1.9a (3.1.9a)
\pgflinewidth=\dimen312
)
(C:\Users\Ana Cuevas de Cózar\AppData\Local\Programs\MiKTeX\tex/generic/pgf/ba
siclayer\pgfcoretransformations.code.tex
File: pgfcoretransformations.code.tex 2021/05/15 v3.1.9a (3.1.9a)
\pgf@pt@x=\dimen313
\pgf@pt@y=\dimen314
\pgf@pt@temp=\dimen315
)
(C:\Users\Ana Cuevas de Cózar\AppData\Local\Programs\MiKTeX\tex/generic/pgf/ba
siclayer\pgfcorequick.code.tex
File: pgfcorequick.code.tex 2021/05/15 v3.1.9a (3.1.9a)
)
(C:\Users\Ana Cuevas de Cózar\AppData\Local\Programs\MiKTeX\tex/generic/pgf/ba
siclayer\pgfcoreobjects.code.tex
File: pgfcoreobjects.code.tex 2021/05/15 v3.1.9a (3.1.9a)
)
(C:\Users\Ana Cuevas de Cózar\AppData\Local\Programs\MiKTeX\tex/generic/pgf/ba
siclayer\pgfcorepathprocessing.code.tex
File: pgfcorepathprocessing.code.tex 2021/05/15 v3.1.9a (3.1.9a)
)
(C:\Users\Ana Cuevas de Cózar\AppData\Local\Programs\MiKTeX\tex/generic/pgf/ba
siclayer\pgfcorearrows.code.tex
File: pgfcorearrows.code.tex 2021/05/15 v3.1.9a (3.1.9a)
\pgfarrowsep=\dimen316
)
(C:\Users\Ana Cuevas de Cózar\AppData\Local\Programs\MiKTeX\tex/generic/pgf/ba
siclayer\pgfcoreshade.code.tex
File: pgfcoreshade.code.tex 2021/05/15 v3.1.9a (3.1.9a)
\pgf@max=\dimen317
\pgf@sys@shading@range@num=\count385
\pgf@shadingcount=\count386
)
(C:\Users\Ana Cuevas de Cózar\AppData\Local\Programs\MiKTeX\tex/generic/pgf/ba
siclayer\pgfcoreimage.code.tex
File: pgfcoreimage.code.tex 2021/05/15 v3.1.9a (3.1.9a)

(C:\Users\Ana Cuevas de Cózar\AppData\Local\Programs\MiKTeX\tex/generic/pgf/ba
siclayer\pgfcoreexternal.code.tex
File: pgfcoreexternal.code.tex 2021/05/15 v3.1.9a (3.1.9a)
\pgfexternal@startupbox=\box121
))
(C:\Users\Ana Cuevas de Cózar\AppData\Local\Programs\MiKTeX\tex/generic/pgf/ba
siclayer\pgfcorelayers.code.tex
File: pgfcorelayers.code.tex 2021/05/15 v3.1.9a (3.1.9a)
)
(C:\Users\Ana Cuevas de Cózar\AppData\Local\Programs\MiKTeX\tex/generic/pgf/ba
siclayer\pgfcoretransparency.code.tex
File: pgfcoretransparency.code.tex 2021/05/15 v3.1.9a (3.1.9a)
)
(C:\Users\Ana Cuevas de Cózar\AppData\Local\Programs\MiKTeX\tex/generic/pgf/ba
siclayer\pgfcorepatterns.code.tex
File: pgfcorepatterns.code.tex 2021/05/15 v3.1.9a (3.1.9a)
)
(C:\Users\Ana Cuevas de Cózar\AppData\Local\Programs\MiKTeX\tex/generic/pgf/ba
siclayer\pgfcorerdf.code.tex
File: pgfcorerdf.code.tex 2021/05/15 v3.1.9a (3.1.9a)
)))
(C:\Users\Ana Cuevas de Cózar\AppData\Local\Programs\MiKTeX\tex/generic/pgf/mo
dules\pgfmoduleshapes.code.tex
File: pgfmoduleshapes.code.tex 2021/05/15 v3.1.9a (3.1.9a)
\pgfnodeparttextbox=\box122
)
(C:\Users\Ana Cuevas de Cózar\AppData\Local\Programs\MiKTeX\tex/generic/pgf/mo
dules\pgfmoduleplot.code.tex
File: pgfmoduleplot.code.tex 2021/05/15 v3.1.9a (3.1.9a)
)
(C:\Users\Ana Cuevas de Cózar\AppData\Local\Programs\MiKTeX\tex/latex/pgf/comp
atibility\pgfcomp-version-0-65.sty
Package: pgfcomp-version-0-65 2021/05/15 v3.1.9a (3.1.9a)
\pgf@nodesepstart=\dimen318
\pgf@nodesepend=\dimen319
)
(C:\Users\Ana Cuevas de Cózar\AppData\Local\Programs\MiKTeX\tex/latex/pgf/comp
atibility\pgfcomp-version-1-18.sty
Package: pgfcomp-version-1-18 2021/05/15 v3.1.9a (3.1.9a)
))
(C:\Users\Ana Cuevas de Cózar\AppData\Local\Programs\MiKTeX\tex/latex/tools\ve
rbatim.sty
Package: verbatim 2020-07-07 v1.5u LaTeX2e package for verbatim enhancements
\every@verbatim=\toks57
\verbatim@line=\toks58
\verbatim@in@stream=\read5
)
(C:\Users\Ana Cuevas de Cózar\AppData\Local\Programs\MiKTeX\tex/latex/environ\
environ.sty
Package: environ 2014/05/04 v0.3 A new way to define environments

(C:\Users\Ana Cuevas de Cózar\AppData\Local\Programs\MiKTeX\tex/latex/trimspac
es\trimspaces.sty
Package: trimspaces 2009/09/17 v1.1 Trim spaces around a token list
))
\tcb@titlebox=\box123
\tcb@upperbox=\box124
\tcb@lowerbox=\box125
\tcb@phantombox=\box126
\c@tcbbreakpart=\count387
\c@tcblayer=\count388
\c@tcolorbox@number=\count389
\tcb@temp=\box127
\tcb@temp=\box128
\tcb@temp=\box129
\tcb@temp=\box130
)
(C:\Users\Ana Cuevas de Cózar\AppData\Local\Programs\MiKTeX\tex/latex/cancel\c
ancel.sty
Package: cancel 2013/04/12 v2.2 Cancel math terms
)
\c@tcb@cnt@definicion1=\count390
\c@tcb@cnt@teorema1=\count391
\c@tcb@cnt@proposicion1=\count392
\c@tcb@cnt@lema1=\count393
\c@tcb@cnt@corolario1=\count394

\@input{MacrosTFG.aux}
\openout2 = `MacrosTFG.aux'.

(MacrosTFG.tex)
LaTeX Font Info:    Trying to load font information for OT1+ptm on input line 7
3.

(C:\Users\Ana Cuevas de Cózar\AppData\Local\Programs\MiKTeX\tex/latex/psnfss\o
t1ptm.fd
File: ot1ptm.fd 2001/06/04 font definitions for OT1/ptm.
)
(C:\Users\Ana Cuevas de Cózar\AppData\Local\Programs\MiKTeX\tex/latex/l3backen
d\l3backend-pdftex.def
File: l3backend-pdftex.def 2021-08-04 L3 backend support: PDF output (pdfTeX)
\l__color_backend_stack_int=\count395
\l__pdf_internal_box=\box131
) (TFGPrincipal.aux
LaTeX Info: Redefining \. on input line 32.
LaTeX Info: Redefining \% on input line 32.
 (dedicatoria.aux) (resumen.aux)
(agradecimientos.aux) (00introduccion.aux) (01planteamiento.aux) (02Previos.aux
) (03PrimeraParte.aux

LaTeX Warning: Label `definicion' multiply defined.


LaTeX Warning: Label `definicion' multiply defined.

) (04SegundaParte.aux

LaTeX Warning: Label `definicion' multiply defined.


LaTeX Warning: Label `definicion1' multiply defined.


LaTeX Warning: Label `definicion1' multiply defined.


LaTeX Warning: Label `definicion1' multiply defined.


LaTeX Warning: Label `definicion1' multiply defined.


LaTeX Warning: Label `definicion1' multiply defined.


LaTeX Warning: Label `definicion' multiply defined.

) (05conclusiones.aux))
\openout1 = `TFGPrincipal.aux'.

LaTeX Font Info:    Checking defaults for OML/cmm/m/it on input line 73.
LaTeX Font Info:    ... okay on input line 73.
LaTeX Font Info:    Checking defaults for OMS/cmsy/m/n on input line 73.
LaTeX Font Info:    ... okay on input line 73.
LaTeX Font Info:    Checking defaults for OT1/cmr/m/n on input line 73.
LaTeX Font Info:    ... okay on input line 73.
LaTeX Font Info:    Checking defaults for T1/cmr/m/n on input line 73.
LaTeX Font Info:    ... okay on input line 73.
LaTeX Font Info:    Checking defaults for TS1/cmr/m/n on input line 73.
LaTeX Font Info:    ... okay on input line 73.
LaTeX Font Info:    Checking defaults for OMX/cmex/m/n on input line 73.
LaTeX Font Info:    ... okay on input line 73.
LaTeX Font Info:    Checking defaults for U/cmr/m/n on input line 73.
LaTeX Font Info:    ... okay on input line 73.
LaTeX Font Info:    Checking defaults for PD1/pdf/m/n on input line 73.
LaTeX Font Info:    ... okay on input line 73.
LaTeX Font Info:    Checking defaults for PU/pdf/m/n on input line 73.
LaTeX Font Info:    ... okay on input line 73.

(C:\Users\Ana Cuevas de Cózar\AppData\Local\Programs\MiKTeX\tex/context/base/m
kii\supp-pdf.mkii
[Loading MPS to PDF converter (version 2006.09.02).]
\scratchcounter=\count396
\scratchdimen=\dimen320
\scratchbox=\box132
\nofMPsegments=\count397
\nofMParguments=\count398
\everyMPshowfont=\toks59
\MPscratchCnt=\count399
\MPscratchDim=\dimen321
\MPnumerator=\count400
\makeMPintoPDFobject=\count401
\everyMPtoPDFconversion=\toks60
)
(C:\Users\Ana Cuevas de Cózar\AppData\Local\Programs\MiKTeX\tex/latex/epstopdf
-pkg\epstopdf-base.sty
Package: epstopdf-base 2020-01-24 v2.11 Base part for package epstopdf
Package epstopdf-base Info: Redefining graphics rule for `.eps' on input line 4
85.

(C:\Users\Ana Cuevas de Cózar\AppData\Local\Programs\MiKTeX\tex/latex/00miktex
\epstopdf-sys.cfg
File: epstopdf-sys.cfg 2021/03/18 v2.0 Configuration of epstopdf for MiKTeX
))
Package caption Info: Begin \AtBeginDocument code.
Package caption Info: hyperref package is loaded.
Package caption Info: listings package is loaded.
Package caption Info: longtable package is loaded.

(C:\Users\Ana Cuevas de Cózar\AppData\Local\Programs\MiKTeX\tex/latex/caption\
ltcaption.sty
Package: ltcaption 2020/05/30 v1.4b longtable captions (AR)
)
Package caption Info: rotating package is loaded.
Package caption Info: End \AtBeginDocument code.
Package hyperref Info: Link coloring OFF on input line 73.

(C:\Users\Ana Cuevas de Cózar\AppData\Local\Programs\MiKTeX\tex/latex/hyperref
\nameref.sty
Package: nameref 2021-04-02 v2.47 Cross-referencing by name of section

(C:\Users\Ana Cuevas de Cózar\AppData\Local\Programs\MiKTeX\tex/latex/refcount
\refcount.sty
Package: refcount 2019/12/15 v3.6 Data extraction from label references (HO)
)
(C:\Users\Ana Cuevas de Cózar\AppData\Local\Programs\MiKTeX\tex/generic/gettit
lestring\gettitlestring.sty
Package: gettitlestring 2019/12/15 v1.6 Cleanup title references (HO)
)
\c@section@level=\count402
)
LaTeX Info: Redefining \ref on input line 73.
LaTeX Info: Redefining \pageref on input line 73.
LaTeX Info: Redefining \nameref on input line 73.
 (TFGPrincipal.out) (TFGPrincipal.out)
\@outlinefile=\write6
\openout6 = `TFGPrincipal.out'.

Package backref Info: ** backref set up for natbib ** on input line 73.
\c@lstlisting=\count403
<SelloUCA.jpg, id=150, 612.2875pt x 612.2875pt>
File: SelloUCA.jpg Graphic file (type jpg)
<use SelloUCA.jpg>
Package pdftex.def Info: SelloUCA.jpg  used on input line 87.
(pdftex.def)             Requested size: 99.58464pt x 99.58429pt.
 [1



\FN@pp@footnotehinttrue 

\FN@pp@footnotehinttrue 

{C:/Users/Ana Cuevas de Cózar/AppData/Local/MiKTeX/pdftex/config/pdftex.map} <
./SelloUCA.jpg>] [2] (abstract.tex
LaTeX Font Info:    Trying to load font information for U+msa on input line 15.


(C:\Users\Ana Cuevas de Cózar\AppData\Local\Programs\MiKTeX\tex/latex/amsfonts
\umsa.fd
File: umsa.fd 2013/01/14 v3.01 AMS symbols A
)
LaTeX Font Info:    Trying to load font information for U+msb on input line 15.


(C:\Users\Ana Cuevas de Cózar\AppData\Local\Programs\MiKTeX\tex/latex/amsfonts
\umsb.fd
File: umsb.fd 2013/01/14 v3.01 AMS symbols B
) [3

])
LaTeX Info: Redefining \. on input line 97.
LaTeX Info: Redefining \% on input line 97.
 [4

]
\openout2 = `dedicatoria.aux'.

 (dedicatoria.texpdfTeX warning (ext4): destination with the same identifier (n
ame{page.i}) has been already used, duplicate ignored
<to be read again> 
                   \relax 
l.7 \end{dedication}
                     [1

])
\openout2 = `resumen.aux'.

 (resumen.texpdfTeX warning (ext4): destination with the same identifier (name{
page.ii}) has been already used, duplicate ignored
<to be read again> 
                   \relax 
l.2 \begin{resumen}
                    [2




]pdfTeX warning (ext4): destination with the same identifier (name{page.iii}) h
as been already used, duplicate ignored
<to be read again> 
                   \relax 
l.18 \end{resumen}
                   [3])
\openout2 = `agradecimientos.aux'.

 (agradecimientos.texpdfTeX warning (ext4): destination with the same identifie
r (name{page.iv}) has been already used, duplicate ignored
<to be read again> 
                   \relax 
l.2 \begin{acknowledgements}
                             [4




] [5]) [6
\FN@pp@footnotehinttrue 

\FN@pp@footnotehinttrue 


] (TFGPrincipal.toc
LaTeX Info: Redefining \. on input line 3.
LaTeX Info: Redefining \% on input line 3.
 [7])
\tf@toc=\write7
\openout7 = `TFGPrincipal.toc'.

LaTeX Info: Redefining \. on input line 138.
LaTeX Info: Redefining \% on input line 138.
 [8]
\openout2 = `00introduccion.aux'.

 (00introduccion.tex
Cap\'{\i }tulo 1.

Package xcolor Warning: Incompatible color definition on input line 7.

[1



])
LaTeX Info: Redefining \. on input line 147.
LaTeX Info: Redefining \% on input line 147.
 [2]
\openout2 = `01planteamiento.aux'.

 (01planteamiento.tex
Cap\'{\i }tulo 2.

Package xcolor Warning: Incompatible color definition on input line 3.


Package natbib Warning: Citation `peregrine1' on page 3 undefined on input line
 10.


Package natbib Warning: Citation `ej3' on page 3 undefined on input line 12.


Package natbib Warning: Citation `ej4' on page 3 undefined on input line 12.


Package natbib Warning: Citation `ej1' on page 3 undefined on input line 12.


Package natbib Warning: Citation `ej2' on page 3 undefined on input line 12.

[3




]

Package natbib Warning: Citation `piao3' on page 4 undefined on input line 36.

)
LaTeX Info: Redefining \. on input line 151.
LaTeX Info: Redefining \% on input line 151.
 [4]
\openout2 = `02Previos.aux'.

 (02Previos.tex)
\openout2 = `03PrimeraParte.aux'.

 (03PrimeraParte.tex
Cap\'{\i }tulo 3.

Package xcolor Warning: Incompatible color definition on input line 2.

[5







]
LaTeX Info: Redefining \. on input line 46.
LaTeX Info: Redefining \% on input line 46.
 [6]

Package natbib Warning: Citation `simetria7' on page 7 undefined on input line 
52.


Package natbib Warning: Citation `simetria8' on page 7 undefined on input line 
52.

LaTeX Info: Redefining \. on input line 77.
LaTeX Info: Redefining \% on input line 77.
[7]
LaTeX Font Info:    Trying to load font information for TS1+ptm on input line 8
8.

(C:\Users\Ana Cuevas de Cózar\AppData\Local\Programs\MiKTeX\tex/latex/psnfss\t
s1ptm.fd
File: ts1ptm.fd 2001/06/04 font definitions for TS1/ptm.
)

Package hyperref Warning: Token not allowed in a PDF string (Unicode):
(hyperref)                removing `math shift' on input line 94.


Package hyperref Warning: Token not allowed in a PDF string (Unicode):
(hyperref)                removing `\alpha' on input line 94.


Package hyperref Warning: Token not allowed in a PDF string (Unicode):
(hyperref)                removing `math shift' on input line 94.

LaTeX Info: Redefining \. on input line 116.
LaTeX Info: Redefining \% on input line 116.
[8]
LaTeX Info: Redefining \. on input line 146.
LaTeX Info: Redefining \% on input line 146.
 [9]
Overfull \hbox (77.89922pt too wide) detected at line 148
[]\OML/cmm/m/it/10.95 arctanh\OT1/cmr/m/n/10.95 (\OML/cmm/m/it/10.95 v\OT1/cmr/
m/n/10.95 ) = []\OML/cmm/m/it/10.95 arctanh\OT1/cmr/m/n/10.95 ([]) = []\OML/cmm
/m/it/10.95 arctanh []
 []


LaTeX Warning: Reference `ec_0y1' on page 10 undefined on input line 163.

LaTeX Info: Redefining \. on input line 176.
LaTeX Info: Redefining \% on input line 176.
[10]

Package hyperref Warning: Token not allowed in a PDF string (Unicode):
(hyperref)                removing `math shift' on input line 181.


Package hyperref Warning: Token not allowed in a PDF string (Unicode):
(hyperref)                removing `\beta' on input line 181.


Package hyperref Warning: Token not allowed in a PDF string (Unicode):
(hyperref)                removing `math shift' on input line 181.

<graf dcha.png, id=316, 345.54094pt x 176.15813pt>
File: graf dcha.png Graphic file (type png)
<use graf dcha.png>
Package pdftex.def Info: graf dcha.png  used on input line 187.
(pdftex.def)             Requested size: 227.62537pt x 142.26259pt.

Package hyperref Warning: Token not allowed in a PDF string (Unicode):
(hyperref)                removing `math shift' on input line 192.


Package hyperref Warning: Token not allowed in a PDF string (Unicode):
(hyperref)                removing `\beta' on input line 192.


Package hyperref Warning: Token not allowed in a PDF string (Unicode):
(hyperref)                removing `math shift' on input line 192.


Package hyperref Warning: Token not allowed in a PDF string (Unicode):
(hyperref)                removing `math shift' on input line 192.


Package hyperref Warning: Token not allowed in a PDF string (Unicode):
(hyperref)                removing `math shift' on input line 192.

LaTeX Info: Redefining \. on input line 195.
LaTeX Info: Redefining \% on input line 195.
[11 <./graf dcha.png>]
<graf izq.png, id=328, 352.31625pt x 176.91093pt>
File: graf izq.png Graphic file (type png)
<use graf izq.png>
Package pdftex.def Info: graf izq.png  used on input line 198.
(pdftex.def)             Requested size: 227.62123pt x 142.26587pt.


Package hyperref Warning: Token not allowed in a PDF string (Unicode):
(hyperref)                removing `math shift' on input line 203.


Package hyperref Warning: Token not allowed in a PDF string (Unicode):
(hyperref)                removing `\beta' on input line 203.


Package hyperref Warning: Token not allowed in a PDF string (Unicode):
(hyperref)                removing `math shift' on input line 203.

)
LaTeX Info: Redefining \. on input line 157.
LaTeX Info: Redefining \% on input line 157.
 [12 <./graf izq.png>]
\openout2 = `04SegundaParte.aux'.

 (04SegundaParte.tex
Cap\'{\i }tulo 4.

Package xcolor Warning: Incompatible color definition on input line 2.


Package natbib Warning: Citation `prenter9' on page 13 undefined on input line 
13.

[13




]

Package hyperref Warning: Token not allowed in a PDF string (Unicode):
(hyperref)                removing `math shift' on input line 36.


Package hyperref Warning: Token not allowed in a PDF string (Unicode):
(hyperref)                removing `superscript' on input line 36.


Package hyperref Warning: Token not allowed in a PDF string (Unicode):
(hyperref)                removing `math shift' on input line 36.

LaTeX Info: Redefining \. on input line 44.
LaTeX Info: Redefining \% on input line 44.
[14]

Package natbib Warning: Citation `sobolev4' on page 15 undefined on input line 
84.


Package natbib Warning: Citation `sobolev6' on page 15 undefined on input line 
84.

LaTeX Info: Redefining \. on input line 97.
LaTeX Info: Redefining \% on input line 97.
[15]
Underfull \vbox (badness 10000) has occurred while \output is active []

LaTeX Info: Redefining \. on input line 123.
LaTeX Info: Redefining \% on input line 123.
 [16]
LaTeX Info: Redefining \. on input line 153.
LaTeX Info: Redefining \% on input line 153.

[17]

Package natbib Warning: Citation `galerkin5' on page 18 undefined on input line
 167.

LaTeX Info: Redefining \. on input line 175.
LaTeX Info: Redefining \% on input line 175.
[18]
Underfull \vbox (badness 1270) has occurred while \output is active []

LaTeX Info: Redefining \. on input line 210.
LaTeX Info: Redefining \% on input line 210.
 [19]

Package natbib Warning: Citation `MWR' on page 20 undefined on input line 215.

LaTeX Info: Redefining \. on input line 229.
LaTeX Info: Redefining \% on input line 229.
[20]
LaTeX Info: Redefining \. on input line 260.
LaTeX Info: Redefining \% on input line 260.
 [21]

Package natbib Warning: Citation `prenter9' on page 22 undefined on input line 
262.


! Package amsmath Error: Erroneous nesting of equation structures;
(amsmath)                trying to recover with `aligned'.

See the amsmath package documentation for explanation.
Type  H <return>  for immediate help.
 ...                                              
                                                  
l.274         \end{align}
                         
Try typing  <return>  to proceed.
If that doesn't work, type  X <return>  to quit.


LaTeX Warning: `h' float specifier changed to `ht'.

LaTeX Info: Redefining \. on input line 318.
LaTeX Info: Redefining \% on input line 318.
[22]
LaTeX Info: Redefining \. on input line 347.
LaTeX Info: Redefining \% on input line 347.
 [23]
LaTeX Info: Redefining \. on input line 392.
LaTeX Info: Redefining \% on input line 392.
 [24]

! LaTeX Error: There's no line here to end.

See the LaTeX manual or LaTeX Companion for explanation.
Type  H <return>  for immediate help.
 ...                                              
                                                  
l.415 
      
Your command was ignored.
Type  I <command> <return>  to replace it with another command,
or  <return>  to continue without it.

LaTeX Info: Redefining \. on input line 425.
LaTeX Info: Redefining \% on input line 425.
[25]
LaTeX Info: Redefining \. on input line 469.
LaTeX Info: Redefining \% on input line 469.
 [26]
LaTeX Info: Redefining \. on input line 502.
LaTeX Info: Redefining \% on input line 502.
 [27]
! Extra }, or forgotten \right.
<template> }
            $}\ifmeasuring@ \savefieldlength@ \fi \set@field \hfil \endtempl...
l.510 \end{align*}
                  
I've deleted a group-closing symbol because it seems to be
spurious, as in `$x}$'. But perhaps the } is legitimate and
you forgot something else, as in `\hbox{$x}'. In such cases
the way to recover is to insert both the forgotten and the
deleted material, e.g., by typing `I$}'.

! Missing \right. inserted.
<inserted text> 
                \right .
l.510 \end{align*}
                  
I've inserted something that you may have forgotten.
(See the <inserted text> above.)
With luck, this will get me unwedged. But if you
really didn't forget anything, try typing `2' now; then
my insertion and my current dilemma will both disappear.

! Missing } inserted.
<inserted text> 
                }
l.510 \end{align*}
                  
I've inserted something that you may have forgotten.
(See the <inserted text> above.)
With luck, this will get me unwedged. But if you
really didn't forget anything, try typing `2' now; then
my insertion and my current dilemma will both disappear.

! Missing } inserted.
<inserted text> 
                }
l.510 \end{align*}
                  
I've inserted something that you may have forgotten.
(See the <inserted text> above.)
With luck, this will get me unwedged. But if you
really didn't forget anything, try typing `2' now; then
my insertion and my current dilemma will both disappear.

! Missing delimiter (. inserted).
<to be read again> 
                   \let 
l.510 \end{align*}
                  
I was expecting to see something like `(' or `\{' or
`\}' here. If you typed, e.g., `{' instead of `\{', you
should probably delete the `{' by typing `1' now, so that
braces don't get unbalanced. Otherwise just proceed.
Acceptable delimiters are characters whose \delcode is
nonnegative, or you can use `\delimiter <delimiter code>'.

! Extra \right.
<to be read again> 
                   \let 
l.510 \end{align*}
                  
I'm ignoring a \right that had no matching \left.

! Missing { inserted.
<inserted text> 
                {
l.510 \end{align*}
                  
I've put in what seems to be necessary to fix
the current column of the current alignment.
Try to go on, since this might almost work.

! Extra }, or forgotten \right.
<template> }
            $}\ifmeasuring@ \savefieldlength@ \fi \set@field \hfil \endtempl...
l.510 \end{align*}
                  
I've deleted a group-closing symbol because it seems to be
spurious, as in `$x}$'. But perhaps the } is legitimate and
you forgot something else, as in `\hbox{$x}'. In such cases
the way to recover is to insert both the forgotten and the
deleted material, e.g., by typing `I$}'.

! Missing \right. inserted.
<inserted text> 
                \right .
l.510 \end{align*}
                  
I've inserted something that you may have forgotten.
(See the <inserted text> above.)
With luck, this will get me unwedged. But if you
really didn't forget anything, try typing `2' now; then
my insertion and my current dilemma will both disappear.

! Missing } inserted.
<inserted text> 
                }
l.510 \end{align*}
                  
I've inserted something that you may have forgotten.
(See the <inserted text> above.)
With luck, this will get me unwedged. But if you
really didn't forget anything, try typing `2' now; then
my insertion and my current dilemma will both disappear.

! Missing } inserted.
<inserted text> 
                }
l.510 \end{align*}
                  
I've inserted something that you may have forgotten.
(See the <inserted text> above.)
With luck, this will get me unwedged. But if you
really didn't forget anything, try typing `2' now; then
my insertion and my current dilemma will both disappear.

! Missing delimiter (. inserted).
<to be read again> 
                   \let 
l.510 \end{align*}
                  
I was expecting to see something like `(' or `\{' or
`\}' here. If you typed, e.g., `{' instead of `\{', you
should probably delete the `{' by typing `1' now, so that
braces don't get unbalanced. Otherwise just proceed.
Acceptable delimiters are characters whose \delcode is
nonnegative, or you can use `\delimiter <delimiter code>'.

! Extra \right.
<to be read again> 
                   \let 
l.510 \end{align*}
                  
I'm ignoring a \right that had no matching \left.

! Missing \endgroup inserted.
<inserted text> 
                \endgroup 
l.510 \end{align*}
                  
I've inserted something that you may have forgotten.
(See the <inserted text> above.)
With luck, this will get me unwedged. But if you
really didn't forget anything, try typing `2' now; then
my insertion and my current dilemma will both disappear.

! Misplaced \omit.
\math@cr@@@ ...@ \@ne \add@amps \maxfields@ \omit 
                                                  \kern -\alignsep@ \iftag@ ...
l.510 \end{align*}
                  
I expect to see \omit only after tab marks or the \cr of
an alignment. Proceed, and I'll ignore this case.

! Missing { inserted.
<inserted text> 
                {
l.510 \end{align*}
                  
I've put in what seems to be necessary to fix
the current column of the current alignment.
Try to go on, since this might almost work.

LaTeX Info: Redefining \. on input line 533.
LaTeX Info: Redefining \% on input line 533.
[28]
! Extra }, or forgotten \right.
<template> }
            $}\ifmeasuring@ \savefieldlength@ \fi \set@field \hfil \endtempl...
l.556 \end{align*}
                  
I've deleted a group-closing symbol because it seems to be
spurious, as in `$x}$'. But perhaps the } is legitimate and
you forgot something else, as in `\hbox{$x}'. In such cases
the way to recover is to insert both the forgotten and the
deleted material, e.g., by typing `I$}'.

! Missing \right. inserted.
<inserted text> 
                \right .
l.556 \end{align*}
                  
I've inserted something that you may have forgotten.
(See the <inserted text> above.)
With luck, this will get me unwedged. But if you
really didn't forget anything, try typing `2' now; then
my insertion and my current dilemma will both disappear.

! Missing } inserted.
<inserted text> 
                }
l.556 \end{align*}
                  
I've inserted something that you may have forgotten.
(See the <inserted text> above.)
With luck, this will get me unwedged. But if you
really didn't forget anything, try typing `2' now; then
my insertion and my current dilemma will both disappear.

! Missing } inserted.
<inserted text> 
                }
l.556 \end{align*}
                  
I've inserted something that you may have forgotten.
(See the <inserted text> above.)
With luck, this will get me unwedged. But if you
really didn't forget anything, try typing `2' now; then
my insertion and my current dilemma will both disappear.

! Extra \right.
<argument> ...ta )\phi _{m+1}(\eta )d\eta \right ]
                                                  \\ & = \frac {1}{30h}(13\d...
l.556 \end{align*}
                  
I'm ignoring a \right that had no matching \left.

! Missing { inserted.
<inserted text> 
                {
l.556 \end{align*}
                  
I've put in what seems to be necessary to fix
the current column of the current alignment.
Try to go on, since this might almost work.

! Extra }, or forgotten \right.
<template> }
            $}\ifmeasuring@ \savefieldlength@ \fi \set@field \hfil \endtempl...
l.556 \end{align*}
                  
I've deleted a group-closing symbol because it seems to be
spurious, as in `$x}$'. But perhaps the } is legitimate and
you forgot something else, as in `\hbox{$x}'. In such cases
the way to recover is to insert both the forgotten and the
deleted material, e.g., by typing `I$}'.

! Missing \right. inserted.
<inserted text> 
                \right .
l.556 \end{align*}
                  
I've inserted something that you may have forgotten.
(See the <inserted text> above.)
With luck, this will get me unwedged. But if you
really didn't forget anything, try typing `2' now; then
my insertion and my current dilemma will both disappear.

! Missing } inserted.
<inserted text> 
                }
l.556 \end{align*}
                  
I've inserted something that you may have forgotten.
(See the <inserted text> above.)
With luck, this will get me unwedged. But if you
really didn't forget anything, try typing `2' now; then
my insertion and my current dilemma will both disappear.

! Missing } inserted.
<inserted text> 
                }
l.556 \end{align*}
                  
I've inserted something that you may have forgotten.
(See the <inserted text> above.)
With luck, this will get me unwedged. But if you
really didn't forget anything, try typing `2' now; then
my insertion and my current dilemma will both disappear.

! Extra \right.
<argument> ...ta )\phi _{m+1}(\eta )d\eta \right ]
                                                  \\ & = \frac {1}{30h}(13\d...
l.556 \end{align*}
                  
I'm ignoring a \right that had no matching \left.

! Missing \endgroup inserted.
<inserted text> 
                \endgroup 
l.556 \end{align*}
                  
I've inserted something that you may have forgotten.
(See the <inserted text> above.)
With luck, this will get me unwedged. But if you
really didn't forget anything, try typing `2' now; then
my insertion and my current dilemma will both disappear.

! Misplaced \omit.
\math@cr@@@ ...@ \@ne \add@amps \maxfields@ \omit 
                                                  \kern -\alignsep@ \iftag@ ...
l.556 \end{align*}
                  
I expect to see \omit only after tab marks or the \cr of
an alignment. Proceed, and I'll ignore this case.

! Missing { inserted.
<inserted text> 
                {
l.556 \end{align*}
                  
I've put in what seems to be necessary to fix
the current column of the current alignment.
Try to go on, since this might almost work.


Overfull \hbox (57.44427pt too wide) detected at line 556
[]
 []

LaTeX Info: Redefining \. on input line 578.
LaTeX Info: Redefining \% on input line 578.
[29]
Underfull \vbox (badness 2020) has occurred while \output is active []

LaTeX Info: Redefining \. on input line 596.
LaTeX Info: Redefining \% on input line 596.
 [30]
LaTeX Info: Redefining \. on input line 634.
LaTeX Info: Redefining \% on input line 634.

[31]
LaTeX Info: Redefining \. on input line 662.
LaTeX Info: Redefining \% on input line 662.
 [32]
LaTeX Info: Redefining \. on input line 691.
LaTeX Info: Redefining \% on input line 691.
 [33]

LaTeX Font Warning: Command \small invalid in math mode on input line 744.

LaTeX Info: Redefining \. on input line 752.
LaTeX Info: Redefining \% on input line 752.
[34]
LaTeX Font Info:    Calculating math sizes for size <> on input line 752.


LaTeX Font Warning: Font shape `OT1/cmr/m/n' in size <> not available
(Font)              size <5> substituted on input line 752.


LaTeX Font Warning: Font shape `OT1/cmr/m/n' in size <0.7> not available
(Font)              size <5> substituted on input line 752.


LaTeX Font Warning: Font shape `OT1/cmr/m/n' in size <0.5> not available
(Font)              size <5> substituted on input line 752.


LaTeX Font Warning: Font shape `OML/cmm/m/it' in size <> not available
(Font)              size <5> substituted on input line 752.


LaTeX Font Warning: Font shape `OML/cmm/m/it' in size <0.7> not available
(Font)              size <5> substituted on input line 752.


LaTeX Font Warning: Font shape `OML/cmm/m/it' in size <0.5> not available
(Font)              size <5> substituted on input line 752.


LaTeX Font Warning: Font shape `OMS/cmsy/m/n' in size <> not available
(Font)              size <5> substituted on input line 752.


LaTeX Font Warning: Font shape `OMS/cmsy/m/n' in size <0.7> not available
(Font)              size <5> substituted on input line 752.


LaTeX Font Warning: Font shape `OMS/cmsy/m/n' in size <0.5> not available
(Font)              size <5> substituted on input line 752.

! Misplaced alignment tab character &.
l.756     \lambda_{m} &
                        =\frac{1}{2}(\delta_{m-1}+2\delta_{m}+\delta_{m+1})
I can't figure out why you would want to use a tab mark
here. If you just want an ampersand, the remedy is
simple: Just type `I\&' now. But if some right brace
up above has ended a previous alignment prematurely,
you're probably due for more error messages, and you
might try typing `S' now just to see what is salvageable.


Package hyperref Warning: Token not allowed in a PDF string (Unicode):
(hyperref)                removing `math shift' on input line 761.


Package hyperref Warning: Token not allowed in a PDF string (Unicode):
(hyperref)                removing `\delta' on input line 761.


Package hyperref Warning: Token not allowed in a PDF string (Unicode):
(hyperref)                removing `subscript' on input line 761.


Package hyperref Warning: Token not allowed in a PDF string (Unicode):
(hyperref)                removing `math shift' on input line 761.

LaTeX Info: Redefining \. on input line 785.
LaTeX Info: Redefining \% on input line 785.
[35]

LaTeX Font Warning: Command \small invalid in math mode on input line 788.


LaTeX Font Warning: Command \small invalid in math mode on input line 811.


Package hyperref Warning: Token not allowed in a PDF string (Unicode):
(hyperref)                removing `math shift' on input line 843.


Package hyperref Warning: Token not allowed in a PDF string (Unicode):
(hyperref)                removing `\delta' on input line 843.


Package hyperref Warning: Token not allowed in a PDF string (Unicode):
(hyperref)                removing `subscript' on input line 843.


Package hyperref Warning: Token not allowed in a PDF string (Unicode):
(hyperref)                removing `superscript' on input line 843.


Package hyperref Warning: Token not allowed in a PDF string (Unicode):
(hyperref)                removing `math shift' on input line 843.

LaTeX Info: Redefining \. on input line 849.
LaTeX Info: Redefining \% on input line 849.
[36]
! Double subscript.
l.869         $$(u_{N})_{x}(a,0)=u_{N}_
                                       {x}(x_{0},0)=\frac{-2}{h}(\delta_{-1}...
I treat `x_1_2' essentially like `x_1{}_2'.


Package hyperref Warning: Token not allowed in a PDF string (Unicode):
(hyperref)                removing `math shift' on input line 902.


Package hyperref Warning: Token not allowed in a PDF string (Unicode):
(hyperref)                removing `\delta' on input line 902.


Package hyperref Warning: Token not allowed in a PDF string (Unicode):
(hyperref)                removing `superscript' on input line 902.


Package hyperref Warning: Token not allowed in a PDF string (Unicode):
(hyperref)                removing `subscript' on input line 902.


Package hyperref Warning: Token not allowed in a PDF string (Unicode):
(hyperref)                removing `math shift' on input line 902.

LaTeX Info: Redefining \. on input line 907.
LaTeX Info: Redefining \% on input line 907.
[37]
! Missing $ inserted.
<inserted text> 
                $
l.937 
      
I've inserted a begin-math/end-math symbol since I think
you left one out. Proceed, with fingers crossed.

! Missing } inserted.
<inserted text> 
                }
l.937 
      
I've inserted something that you may have forgotten.
(See the <inserted text> above.)
With luck, this will get me unwedged. But if you
really didn't forget anything, try typing `2' now; then
my insertion and my current dilemma will both disappear.

! Display math should end with $$.
<to be read again> 
                   \tex_par:D 
l.937 
      
The `$' that I just saw supposedly matches a previous `$$'.
So I shall assume that you typed `$$' both times.

LaTeX Info: Redefining \. on input line 937.
LaTeX Info: Redefining \% on input line 937.
[38]
! Extra }, or forgotten \endgroup.
\par ...m \@noitemerr {\@@par }\fi \else {\@@par }
                                                  \fi 
l.937 
      
I've deleted a group-closing symbol because it seems to be
spurious, as in `$x}$'. But perhaps the } is legitimate and
you forgot something else, as in `\hbox{$x}'. In such cases
the way to recover is to insert both the forgotten and the
deleted material, e.g., by typing `I$}'.

! Missing $ inserted.
<inserted text> 
                $
l.938         \eta
                  _{5}\widehat{\delta^{n}}e^{i(j-2)kh}+\eta_{4}\widehat{\del...
I've inserted a begin-math/end-math symbol since I think
you left one out. Proceed, with fingers crossed.

! You can't use `\eqno' in math mode.
\endmathdisplay@a ...\df@tag \@empty \else \veqno 
                                                  \alt@tag \df@tag \fi \ifx ...
l.939    \end{equation}
                       
Sorry, but I'm not programmed to handle this case;
I'll just pretend that you didn't ask for it.
If you're in the wrong mode, you might be able to
return to the right one by typing `I}' or `I$' or `I\par'.

! Missing $ inserted.
<inserted text> 
                $
l.939    \end{equation}
                       
I've inserted something that you may have forgotten.
(See the <inserted text> above.)
With luck, this will get me unwedged. But if you
really didn't forget anything, try typing `2' now; then
my insertion and my current dilemma will both disappear.

LaTeX Info: Redefining \. on input line 972.
LaTeX Info: Redefining \% on input line 972.
[39]
LaTeX Info: Redefining \. on input line 980.
LaTeX Info: Redefining \% on input line 980.
 [40]
Cap\'{\i }tulo 5.

Package xcolor Warning: Incompatible color definition on input line 980.

! Missing $ inserted.
<inserted text> 
                $
l.993 
      
I've inserted a begin-math/end-math symbol since I think
you left one out. Proceed, with fingers crossed.

! Display math should end with $$.
<to be read again> 
                   \tex_par:D 
l.993 
      
The `$' that I just saw supposedly matches a previous `$$'.
So I shall assume that you typed `$$' both times.

! Missing $ inserted.
<inserted text> 
                $
l.994     \mbox{En el dominio}\quad -40 \leq
                                             x \leq 60  , \quad 0\leq t \leq...
I've inserted a begin-math/end-math symbol since I think
you left one out. Proceed, with fingers crossed.

! You can't use `\eqno' in math mode.
\endmathdisplay@a ...\df@tag \@empty \else \veqno 
                                                  \alt@tag \df@tag \fi \ifx ...
l.995 \end{equation}
                    
Sorry, but I'm not programmed to handle this case;
I'll just pretend that you didn't ask for it.
If you're in the wrong mode, you might be able to
return to the right one by typing `I}' or `I$' or `I\par'.

! Missing $ inserted.
<inserted text> 
                $
l.995 \end{equation}
                    
I've inserted something that you may have forgotten.
(See the <inserted text> above.)
With luck, this will get me unwedged. But if you
really didn't forget anything, try typing `2' now; then
my insertion and my current dilemma will both disappear.

<foto malla.png, id=607, 282.30469pt x 182.93344pt>
File: foto malla.png Graphic file (type png)
<use foto malla.png>
Package pdftex.def Info: foto malla.png  used on input line 1002.
(pdftex.def)             Requested size: 282.30399pt x 182.93298pt.
[41

]
<solución exacta.png, id=615, 361.35pt x 264.99pt>
File: solución exacta.png Graphic file (type png)
<use solución exacta.png>
Package pdftex.def Info: solución exacta.png  used on input line 1019.
(pdftex.def)             Requested size: 361.34912pt x 264.98935pt.
LaTeX Info: Redefining \. on input line 1031.
LaTeX Info: Redefining \% on input line 1031.
 [42 <./foto malla.png>]

Package natbib Warning: Citation `norma' on page 43 undefined on input line 103
5.

<error nuevo.png, id=626, 268.00125pt x 319.94531pt>
File: error nuevo.png Graphic file (type png)
<use error nuevo.png>
Package pdftex.def Info: error nuevo.png  used on input line 1051.
(pdftex.def)             Requested size: 268.00058pt x 319.94452pt.
LaTeX Info: Redefining \. on input line 1060.
LaTeX Info: Redefining \% on input line 1060.
[43 <./solución exacta.png (PNG copy)>]
LaTeX Info: Redefining \. on input line 1060.
LaTeX Info: Redefining \% on input line 1060.
 [44 <./error nuevo.png>]
<Leyes conservativas nuevas.png, id=641, 252.945pt x 324.46219pt>
File: Leyes conservativas nuevas.png Graphic file (type png)
<use Leyes conservativas nuevas.png>
Package pdftex.def Info: Leyes conservativas nuevas.png  used on input line 107
9.
(pdftex.def)             Requested size: 252.94438pt x 324.46138pt.


LaTeX Warning: `h' float specifier changed to `ht'.

LaTeX Info: Redefining \. on input line 1083.
LaTeX Info: Redefining \% on input line 1083.
[45]

LaTeX Warning: Reference `ec_0y1' on page 46 undefined on input line 1089.

LaTeX Info: Redefining \. on input line 1095.
LaTeX Info: Redefining \% on input line 1095.
[46 <./Leyes conservativas nuevas.png>]
<Leyesconservativas1.png, id=658, 251.43938pt x 320.69812pt>
File: Leyesconservativas1.png Graphic file (type png)
<use Leyesconservativas1.png>
Package pdftex.def Info: Leyesconservativas1.png  used on input line 1103.
(pdftex.def)             Requested size: 251.43875pt x 320.69733pt.
LaTeX Info: Redefining \. on input line 1108.
LaTeX Info: Redefining \% on input line 1108.
 [47 <./Leyesconservativas1.png>]
[48

]
Cap\'{\i }tulo 6.

Package xcolor Warning: Incompatible color definition on input line 1108.


LaTeX Warning: Reference `ec_0y1' on page 49 undefined on input line 1112.

[49])
LaTeX Info: Redefining \. on input line 159.
LaTeX Info: Redefining \% on input line 159.
 [50]
\openout2 = `05conclusiones.aux'.


No file 05conclusiones.tex.
No file TFGPrincipal.bbl.

Package natbib Warning: There were undefined citations.

(TFGPrincipal.aux
LaTeX Info: Redefining \. on input line 32.
LaTeX Info: Redefining \% on input line 32.
 (dedicatoria.aux) (resumen.aux) (agradecimientos.aux)
(00introduccion.aux) (01planteamiento.aux) (02Previos.aux) (03PrimeraParte.aux)
(04SegundaParte.aux) (05conclusiones.aux))

LaTeX Font Warning: Size substitutions with differences
(Font)              up to 4.5pt have occurred.


LaTeX Warning: There were undefined references.


LaTeX Warning: There were multiply-defined labels.

Package rerunfilecheck Info: File `TFGPrincipal.out' has not changed.
(rerunfilecheck)             Checksum: 5789507D812417F3A3168826EEBEA4F5;7109.
 ) 
Here is how much of TeX's memory you used:
 28074 strings out of 478927
 502938 string characters out of 2845389
 883092 words of memory out of 3000000
 45082 multiletter control sequences out of 15000+600000
 456039 words of font info for 126 fonts, out of 8000000 for 9000
 1141 hyphenation exceptions out of 8191
 125i,22n,122p,1225b,646s stack positions out of 5000i,500n,10000p,200000b,80000s
pdfTeX warning (dest): name{Hfootnote.5} has been referenced but does not exi
st, replaced by a fixed one

{C:/Users/Ana Cuevas de Cózar/AppData/Local/Programs/MiKTeX/fonts/enc/dvips/ba
se/8r.enc}<C:/Users/Ana Cuevas de Cózar/AppData/Local/Programs/MiKTeX/fonts/ty
pe1/public/amsfonts/cm/cmex10.pfb><C:/Users/Ana Cuevas de Cózar/AppData/Local/
Programs/MiKTeX/fonts/type1/public/amsfonts/cm/cmmi10.pfb><C:/Users/Ana Cuevas 
de Cózar/AppData/Local/Programs/MiKTeX/fonts/type1/public/amsfonts/cm/cmmi12.p
fb><C:/Users/Ana Cuevas de Cózar/AppData/Local/Programs/MiKTeX/fonts/type1/pub
lic/amsfonts/cm/cmmi5.pfb><C:/Users/Ana Cuevas de Cózar/AppData/Local/Programs
/MiKTeX/fonts/type1/public/amsfonts/cm/cmmi6.pfb><C:/Users/Ana Cuevas de Cózar
/AppData/Local/Programs/MiKTeX/fonts/type1/public/amsfonts/cm/cmmi7.pfb><C:/Use
rs/Ana Cuevas de Cózar/AppData/Local/Programs/MiKTeX/fonts/type1/public/amsfon
ts/cm/cmmi8.pfb><C:/Users/Ana Cuevas de Cózar/AppData/Local/Programs/MiKTeX/fo
nts/type1/public/amsfonts/cm/cmmi9.pfb><C:/Users/Ana Cuevas de Cózar/AppData/L
ocal/Programs/MiKTeX/fonts/type1/public/amsfonts/cm/cmr10.pfb><C:/Users/Ana Cue
vas de Cózar/AppData/Local/Programs/MiKTeX/fonts/type1/public/amsfonts/cm/cmr1
2.pfb><C:/Users/Ana Cuevas de Cózar/AppData/Local/Programs/MiKTeX/fonts/type1/
public/amsfonts/cm/cmr5.pfb><C:/Users/Ana Cuevas de Cózar/AppData/Local/Progra
ms/MiKTeX/fonts/type1/public/amsfonts/cm/cmr6.pfb><C:/Users/Ana Cuevas de Cóza
r/AppData/Local/Programs/MiKTeX/fonts/type1/public/amsfonts/cm/cmr7.pfb><C:/Use
rs/Ana Cuevas de Cózar/AppData/Local/Programs/MiKTeX/fonts/type1/public/amsfon
ts/cm/cmr8.pfb><C:/Users/Ana Cuevas de Cózar/AppData/Local/Programs/MiKTeX/fon
ts/type1/public/amsfonts/cm/cmsy10.pfb><C:/Users/Ana Cuevas de Cózar/AppData/L
ocal/Programs/MiKTeX/fonts/type1/public/amsfonts/cm/cmsy5.pfb><C:/Users/Ana Cue
vas de Cózar/AppData/Local/Programs/MiKTeX/fonts/type1/public/amsfonts/cm/cmsy
6.pfb><C:/Users/Ana Cuevas de Cózar/AppData/Local/Programs/MiKTeX/fonts/type1/
public/amsfonts/cm/cmsy7.pfb><C:/Users/Ana Cuevas de Cózar/AppData/Local/Progr
ams/MiKTeX/fonts/type1/public/amsfonts/cm/cmsy8.pfb><C:/Users/Ana Cuevas de Có
zar/AppData/Local/Programs/MiKTeX/fonts/type1/public/amsfonts/cm/cmsy9.pfb><C:/
Users/Ana Cuevas de Cózar/AppData/Local/Programs/MiKTeX/fonts/type1/public/ams
fonts/latxfont/line10.pfb><C:/Users/Ana Cuevas de Cózar/AppData/Local/Programs
/MiKTeX/fonts/type1/public/amsfonts/symbols/msbm10.pfb><C:/Users/Ana Cuevas de 
Cózar/AppData/Local/Programs/MiKTeX/fonts/type1/urw/times/utmb8a.pfb><C:/Users
/Ana Cuevas de Cózar/AppData/Local/Programs/MiKTeX/fonts/type1/urw/times/utmr8
a.pfb><C:/Users/Ana Cuevas de Cózar/AppData/Local/Programs/MiKTeX/fonts/type1/
urw/times/utmr8a.pfb><C:/Users/Ana Cuevas de Cózar/AppData/Local/Programs/MiKT
eX/fonts/type1/urw/times/utmri8a.pfb>
Output written on TFGPrincipal.pdf (62 pages, 906114 bytes).
PDF statistics:
 833 PDF objects out of 1000 (max. 8388607)
 200 named destinations out of 1000 (max. 500000)
 341 words of extra memory for PDF output out of 10000 (max. 10000000)

